<?xml version="1.0" encoding="UTF-8"?>
<!-- Generated by org.testng.reporters.JUnitXMLReporter -->
<testsuite hostname="05659A-GUSER2" ignored="0" name="Tradition Test for Applitools AI HackathonV2" tests="8" failures="7" timestamp="15 Nov 2019 07:02:56 GMT" time="268.498" errors="0">
  <testcase name="@AfterClass afterClass" time="0.098" classname="utilities.AIHackathon.PageInitialize_AIHackathon">
    <failure type="java.lang.NullPointerException">
      <![CDATA[java.lang.NullPointerException
at utilities.AIHackathon.PageInitialize_AIHackathon.afterClass(PageInitialize_AIHackathon.java:95)
at java.util.concurrent.FutureTask.run(FutureTask.java:266)
at java.util.concurrent.ThreadPoolExecutor.runWorker(ThreadPoolExecutor.java:1149)
at java.util.concurrent.ThreadPoolExecutor$Worker.run(ThreadPoolExecutor.java:624)
at java.lang.Thread.run(Thread.java:748)
... Removed 17 stack frames]]>
    </failure>
  </testcase> <!-- @AfterClass afterClass -->
  <testcase name="Login_Page_UI_Elements_Test" time="189.836" classname="testcases.AIHackathon.TraditionalTests">
    <failure type="java.lang.AssertionError" message="The following asserts failed:
	expected [true] but found [false],
	expected [Enter your username] but found [John Smith],
	expected [true] but found [false],
	expected [true] but found [false],
	expected [Enter your password] but found [ABC$*1@]">
      <![CDATA[java.lang.AssertionError: The following asserts failed:
expected [true] but found [false],
expected [Enter your username] but found [John Smith],
expected [true] but found [false],
expected [true] but found [false],
expected [Enter your password] but found [ABC$*1@]
at testcases.AIHackathon.TraditionalTests.Login_Page_UI_Elements_Test(TraditionalTests.java:54)
at java.util.concurrent.FutureTask.run(FutureTask.java:266)
at java.util.concurrent.ThreadPoolExecutor.runWorker(ThreadPoolExecutor.java:1149)
at java.util.concurrent.ThreadPoolExecutor$Worker.run(ThreadPoolExecutor.java:624)
at java.lang.Thread.run(Thread.java:748)
... Removed 17 stack frames]]>
    </failure>
  </testcase> <!-- Login_Page_UI_Elements_Test -->
  <testcase name="Data_Driven_Test" time="9.383" classname="testcases.AIHackathon.TraditionalTests">
    <failure type="java.lang.AssertionError" message="The following asserts failed:
	expected [true] but found [false],
	expected [Enter your username] but found [John Smith],
	expected [true] but found [false],
	expected [true] but found [false],
	expected [Enter your password] but found [ABC$*1@],
	expected [Both Username and Password must be present] but found [Please enter both username and password]">
      <![CDATA[java.lang.AssertionError: The following asserts failed:
expected [true] but found [false],
expected [Enter your username] but found [John Smith],
expected [true] but found [false],
expected [true] but found [false],
expected [Enter your password] but found [ABC$*1@],
expected [Both Username and Password must be present] but found [Please enter both username and password]
at testcases.AIHackathon.TraditionalTests.Data_Driven_Test(TraditionalTests.java:102)
at java.util.concurrent.FutureTask.run(FutureTask.java:266)
at java.util.concurrent.ThreadPoolExecutor.runWorker(ThreadPoolExecutor.java:1149)
at java.util.concurrent.ThreadPoolExecutor$Worker.run(ThreadPoolExecutor.java:624)
at java.lang.Thread.run(Thread.java:748)
... Removed 17 stack frames]]>
    </failure>
  </testcase> <!-- Data_Driven_Test -->
  <testcase name="Data_Driven_Test" time="9.356" classname="testcases.AIHackathon.TraditionalTests">
    <failure type="java.lang.AssertionError" message="The following asserts failed:
	expected [true] but found [false],
	expected [Enter your username] but found [John Smith],
	expected [true] but found [false],
	expected [true] but found [false],
	expected [Enter your password] but found [ABC$*1@],
	expected [Both Username and Password must be present] but found [Please enter both username and password]">
      <![CDATA[java.lang.AssertionError: The following asserts failed:
expected [true] but found [false],
expected [Enter your username] but found [John Smith],
expected [true] but found [false],
expected [true] but found [false],
expected [Enter your password] but found [ABC$*1@],
expected [Both Username and Password must be present] but found [Please enter both username and password]
at testcases.AIHackathon.TraditionalTests.Data_Driven_Test(TraditionalTests.java:102)
at java.util.concurrent.FutureTask.run(FutureTask.java:266)
at java.util.concurrent.ThreadPoolExecutor.runWorker(ThreadPoolExecutor.java:1149)
at java.util.concurrent.ThreadPoolExecutor$Worker.run(ThreadPoolExecutor.java:624)
at java.lang.Thread.run(Thread.java:748)
... Removed 17 stack frames]]>
    </failure>
  </testcase> <!-- Data_Driven_Test -->
  <testcase name="Data_Driven_Test" time="9.363" classname="testcases.AIHackathon.TraditionalTests">
    <failure type="java.lang.AssertionError" message="The following asserts failed:
	expected [true] but found [false],
	expected [Enter your username] but found [John Smith],
	expected [true] but found [false],
	expected [true] but found [false],
	expected [Enter your password] but found [ABC$*1@],
	expected [Both Username and Password must be present] but found [Please enter both username and password]">
      <![CDATA[java.lang.AssertionError: The following asserts failed:
expected [true] but found [false],
expected [Enter your username] but found [John Smith],
expected [true] but found [false],
expected [true] but found [false],
expected [Enter your password] but found [ABC$*1@],
expected [Both Username and Password must be present] but found [Please enter both username and password]
at testcases.AIHackathon.TraditionalTests.Data_Driven_Test(TraditionalTests.java:102)
at java.util.concurrent.FutureTask.run(FutureTask.java:266)
at java.util.concurrent.ThreadPoolExecutor.runWorker(ThreadPoolExecutor.java:1149)
at java.util.concurrent.ThreadPoolExecutor$Worker.run(ThreadPoolExecutor.java:624)
at java.lang.Thread.run(Thread.java:748)
... Removed 17 stack frames]]>
    </failure>
  </testcase> <!-- Data_Driven_Test -->
  <testcase name="Data_Driven_Test" time="31.405" classname="testcases.AIHackathon.TraditionalTests">
    <failure type="org.openqa.selenium.TimeoutException" message="Expected condition failed: waiting for visibility of Proxy element for: DefaultElementLocator &amp;apos;By.xpath: //div[@id=&amp;quot;logged-user-name&amp;quot;]&amp;apos; (tried for 10 second(s) with 500 milliseconds interval)">
      <![CDATA[org.openqa.selenium.TimeoutException: Expected condition failed: waiting for visibility of Proxy element for: DefaultElementLocator 'By.xpath: //div[@id="logged-user-name"]' (tried for 10 second(s) with 500 milliseconds interval)
at org.openqa.selenium.support.ui.WebDriverWait.timeoutException(WebDriverWait.java:95)
at org.openqa.selenium.support.ui.FluentWait.until(FluentWait.java:272)
at utilities.Base.PageEvents.wait_element_visible(PageEvents.java:213)
at utilities.Base.PageEvents.getElementText(PageEvents.java:100)
at utilities.AIHackathon.SearchPageFactory_HomePage.getText_homePage_loggedUsernameLabel(SearchPageFactory_HomePage.java:50)
at testcases.AIHackathon.TraditionalTests.Data_Driven_Test(TraditionalTests.java:99)
at java.util.concurrent.FutureTask.run(FutureTask.java:266)
at java.util.concurrent.ThreadPoolExecutor.runWorker(ThreadPoolExecutor.java:1149)
at java.util.concurrent.ThreadPoolExecutor$Worker.run(ThreadPoolExecutor.java:624)
at java.lang.Thread.run(Thread.java:748)
Caused by: org.openqa.selenium.NoSuchElementException: no such element: Unable to locate element: {"method":"xpath","selector":"//div[@id="logged-user-name"]"}
  (Session info: chrome=78.0.3904.97)
For documentation on this error, please visit: https://www.seleniumhq.org/exceptions/no_such_element.html
Build info: version: '3.141.59', revision: 'e82be7d358', time: '2018-11-14T08:17:03'
System info: host: '05659A-GUSER2', ip: 'fe80:0:0:0:6d:f2fa:fb78:c238%en0', os.name: 'Mac OS X', os.arch: 'x86_64', os.version: '10.13.6', java.version: '1.8.0_192'
Driver info: org.openqa.selenium.chrome.ChromeDriver
Capabilities {acceptInsecureCerts: false, browserName: chrome, browserVersion: 78.0.3904.97, chrome: {chromedriverVersion: 78.0.3904.70 (edb9c9f3de024..., userDataDir: /var/folders/zy/fzk1mny500q...}, goog:chromeOptions: {debuggerAddress: localhost:59995}, javascriptEnabled: true, networkConnectionEnabled: false, pageLoadStrategy: normal, platform: MAC, platformName: MAC, proxy: Proxy(), setWindowRect: true, strictFileInteractability: false, timeouts: {implicit: 0, pageLoad: 300000, script: 30000}, unhandledPromptBehavior: dismiss and notify}
Session ID: 8d2c8764ef4f84ac3bb3aa235d90c2e7
*** Element info: {Using=xpath, value=//div[@id="logged-user-name"]}
at org.openqa.selenium.remote.http.W3CHttpResponseCodec.createException(W3CHttpResponseCodec.java:187)
at org.openqa.selenium.remote.http.W3CHttpResponseCodec.decode(W3CHttpResponseCodec.java:122)
at org.openqa.selenium.remote.http.W3CHttpResponseCodec.decode(W3CHttpResponseCodec.java:49)
at org.openqa.selenium.remote.HttpCommandExecutor.execute(HttpCommandExecutor.java:158)
at org.openqa.selenium.remote.service.DriverCommandExecutor.execute(DriverCommandExecutor.java:83)
at org.openqa.selenium.remote.RemoteWebDriver.execute(RemoteWebDriver.java:552)
at org.openqa.selenium.remote.RemoteWebDriver.findElement(RemoteWebDriver.java:323)
at org.openqa.selenium.remote.RemoteWebDriver.findElementByXPath(RemoteWebDriver.java:428)
at org.openqa.selenium.By$ByXPath.findElement(By.java:353)
at org.openqa.selenium.remote.RemoteWebDriver.findElement(RemoteWebDriver.java:315)
at org.openqa.selenium.support.pagefactory.DefaultElementLocator.findElement(DefaultElementLocator.java:69)
at org.openqa.selenium.support.pagefactory.internal.LocatingElementHandler.invoke(LocatingElementHandler.java:38)
at com.sun.proxy.$Proxy12.isDisplayed(Unknown Source)
at org.openqa.selenium.support.ui.ExpectedConditions.elementIfVisible(ExpectedConditions.java:314)
at org.openqa.selenium.support.ui.ExpectedConditions.access$000(ExpectedConditions.java:43)
at org.openqa.selenium.support.ui.ExpectedConditions$10.apply(ExpectedConditions.java:300)
at org.openqa.selenium.support.ui.ExpectedConditions$10.apply(ExpectedConditions.java:297)
at org.openqa.selenium.support.ui.FluentWait.until(FluentWait.java:249)
... 24 more
... Removed 20 stack frames]]>
    </failure>
  </testcase> <!-- Data_Driven_Test -->
  <testcase name="Table_Sort_Test" time="3.819" classname="testcases.AIHackathon.TraditionalTests">
    <failure type="java.lang.AssertionError" message="The following asserts failed:
	expected [true] but found [false],
	expected [Enter your username] but found [John Smith],
	expected [true] but found [false],
	expected [true] but found [false],
	expected [Enter your password] but found [ABC$*1@],
	expected [Both Username and Password must be present] but found [Please enter both username and password],
	expected [&amp;lt;table id=&amp;quot;transactionsTable&amp;quot; class=&amp;quot;table table-padded&amp;quot;&amp;gt;
                    &amp;lt;thead&amp;gt;
                      &amp;lt;tr&amp;gt;
                        &amp;lt;th id=&amp;quot;status&amp;quot; onclick=&amp;quot;sortTable(0)&amp;quot; onmouseover=&amp;quot;&amp;quot; style=&amp;quot;cursor: pointer;&amp;quot;&amp;gt;
                          Status
                        &amp;lt;/th&amp;gt;
                        &amp;lt;th id=&amp;quot;date&amp;quot; onclick=&amp;quot;sortTable(1)&amp;quot; onmouseover=&amp;quot;&amp;quot; style=&amp;quot;cursor: pointer;&amp;quot;&amp;gt;
                          Date
                        &amp;lt;/th&amp;gt;
                        &amp;lt;th id=&amp;quot;description&amp;quot; onclick=&amp;quot;sortTable(2)&amp;quot; onmouseover=&amp;quot;&amp;quot; style=&amp;quot;cursor: pointer;&amp;quot;&amp;gt;
                          Description
                        &amp;lt;/th&amp;gt;
                        &amp;lt;th id=&amp;quot;category&amp;quot; onclick=&amp;quot;sortTable(3)&amp;quot; class=&amp;quot;text-center&amp;quot; onmouseover=&amp;quot;&amp;quot; style=&amp;quot;cursor: pointer;&amp;quot;&amp;gt;
                          Category
                        &amp;lt;/th&amp;gt;
                        &amp;lt;th id=&amp;quot;amount&amp;quot; onclick=&amp;quot;sortTable(4)&amp;quot; class=&amp;quot;text-right&amp;quot; onmouseover=&amp;quot;&amp;quot; style=&amp;quot;cursor: pointer;&amp;quot;&amp;gt;
                          Amount
                        &amp;lt;/th&amp;gt;
                      &amp;lt;/tr&amp;gt;
                    &amp;lt;/thead&amp;gt;
                    &amp;lt;tbody&amp;gt;
                      &amp;lt;tr&amp;gt;
                        &amp;lt;td class=&amp;quot;nowrap&amp;quot;&amp;gt;
                          &amp;lt;span class=&amp;quot;status-pill smaller yellow&amp;quot;&amp;gt;&amp;lt;/span&amp;gt;&amp;lt;span&amp;gt;Pending&amp;lt;/span&amp;gt;
                        &amp;lt;/td&amp;gt;
                        &amp;lt;td&amp;gt;
                          &amp;lt;span&amp;gt;Yesterday&amp;lt;/span&amp;gt;&amp;lt;span class=&amp;quot;smaller lighter&amp;quot;&amp;gt;7:45am&amp;lt;/span&amp;gt;
                        &amp;lt;/td&amp;gt;
                        &amp;lt;td class=&amp;quot;cell-with-media&amp;quot;&amp;gt;
                          &amp;lt;img alt=&amp;quot;&amp;quot; src=&amp;quot;img/company3.png&amp;quot; style=&amp;quot;height: 25px;&amp;quot;&amp;gt;&amp;lt;span&amp;gt;MailChimp Services&amp;lt;/span&amp;gt;
                        &amp;lt;/td&amp;gt;
                        &amp;lt;td class=&amp;quot;text-center&amp;quot;&amp;gt;
                          &amp;lt;a class=&amp;quot;badge badge-warning&amp;quot; href=&amp;quot;&amp;quot;&amp;gt;Software&amp;lt;/a&amp;gt;
                        &amp;lt;/td&amp;gt;
                        &amp;lt;td class=&amp;quot;text-right bolder nowrap&amp;quot;&amp;gt;
                          &amp;lt;span class=&amp;quot;text-danger&amp;quot;&amp;gt;- 320.00 USD&amp;lt;/span&amp;gt;
                        &amp;lt;/td&amp;gt;
                      &amp;lt;/tr&amp;gt;&amp;lt;tr&amp;gt;
                        &amp;lt;td class=&amp;quot;nowrap&amp;quot;&amp;gt;
                          &amp;lt;span class=&amp;quot;status-pill smaller green&amp;quot;&amp;gt;&amp;lt;/span&amp;gt;&amp;lt;span&amp;gt;Complete&amp;lt;/span&amp;gt;
                        &amp;lt;/td&amp;gt;
                        &amp;lt;td&amp;gt;
                          &amp;lt;span&amp;gt;Jan 7th&amp;lt;/span&amp;gt;&amp;lt;span class=&amp;quot;smaller lighter&amp;quot;&amp;gt;9:51am&amp;lt;/span&amp;gt;
                        &amp;lt;/td&amp;gt;
                        &amp;lt;td class=&amp;quot;cell-with-media&amp;quot;&amp;gt;
                          &amp;lt;img alt=&amp;quot;&amp;quot; src=&amp;quot;img/company4.png&amp;quot; style=&amp;quot;height: 25px;&amp;quot;&amp;gt;&amp;lt;span&amp;gt;Ebay Marketplace&amp;lt;/span&amp;gt;
                        &amp;lt;/td&amp;gt;
                        &amp;lt;td class=&amp;quot;text-center&amp;quot;&amp;gt;
                          &amp;lt;a class=&amp;quot;badge badge-danger&amp;quot; href=&amp;quot;&amp;quot;&amp;gt;Ecommerce&amp;lt;/a&amp;gt;
                        &amp;lt;/td&amp;gt;
                        &amp;lt;td class=&amp;quot;text-right bolder nowrap&amp;quot;&amp;gt;
                          &amp;lt;span class=&amp;quot;text-danger&amp;quot;&amp;gt;- 244.00 USD&amp;lt;/span&amp;gt;
                        &amp;lt;/td&amp;gt;
                      &amp;lt;/tr&amp;gt;&amp;lt;tr&amp;gt;
                        &amp;lt;td class=&amp;quot;nowrap&amp;quot;&amp;gt;
                          &amp;lt;span class=&amp;quot;status-pill smaller yellow&amp;quot;&amp;gt;&amp;lt;/span&amp;gt;&amp;lt;span&amp;gt;Pending&amp;lt;/span&amp;gt;
                        &amp;lt;/td&amp;gt;
                        &amp;lt;td&amp;gt;
                          &amp;lt;span&amp;gt;Jan 23rd&amp;lt;/span&amp;gt;&amp;lt;span class=&amp;quot;smaller lighter&amp;quot;&amp;gt;2:7pm&amp;lt;/span&amp;gt;
                        &amp;lt;/td&amp;gt;
                        &amp;lt;td class=&amp;quot;cell-with-media&amp;quot;&amp;gt;
                          &amp;lt;img alt=&amp;quot;&amp;quot; src=&amp;quot;img/company6.png&amp;quot; style=&amp;quot;height: 25px;&amp;quot;&amp;gt;&amp;lt;span&amp;gt;Shopify product&amp;lt;/span&amp;gt;
                        &amp;lt;/td&amp;gt;
                        &amp;lt;td class=&amp;quot;text-center&amp;quot;&amp;gt;
                          &amp;lt;a class=&amp;quot;badge badge-primary&amp;quot; href=&amp;quot;&amp;quot;&amp;gt;Shopping&amp;lt;/a&amp;gt;
                        &amp;lt;/td&amp;gt;
                        &amp;lt;td class=&amp;quot;text-right bolder nowrap&amp;quot;&amp;gt;
                          &amp;lt;span class=&amp;quot;text-success&amp;quot;&amp;gt;+ 17.99 USD&amp;lt;/span&amp;gt;
                        &amp;lt;/td&amp;gt;
                      &amp;lt;/tr&amp;gt;&amp;lt;tr&amp;gt;
                        &amp;lt;td class=&amp;quot;nowrap&amp;quot;&amp;gt;
                          &amp;lt;span class=&amp;quot;status-pill smaller yellow&amp;quot;&amp;gt;&amp;lt;/span&amp;gt;&amp;lt;span&amp;gt;Pending&amp;lt;/span&amp;gt;
                        &amp;lt;/td&amp;gt;
                        &amp;lt;td&amp;gt;
                          &amp;lt;span&amp;gt;Jan 9th&amp;lt;/span&amp;gt;&amp;lt;span class=&amp;quot;smaller lighter&amp;quot;&amp;gt;7:45pm&amp;lt;/span&amp;gt;
                        &amp;lt;/td&amp;gt;
                        &amp;lt;td class=&amp;quot;cell-with-media&amp;quot;&amp;gt;
                          &amp;lt;img alt=&amp;quot;&amp;quot; src=&amp;quot;img/company7.png&amp;quot; style=&amp;quot;height: 25px;&amp;quot;&amp;gt;&amp;lt;span&amp;gt; Templates Inc&amp;lt;/span&amp;gt;
                        &amp;lt;/td&amp;gt;
                        &amp;lt;td class=&amp;quot;text-center&amp;quot;&amp;gt;
                          &amp;lt;a class=&amp;quot;badge badge-primary&amp;quot; href=&amp;quot;&amp;quot;&amp;gt;Business&amp;lt;/a&amp;gt;
                        &amp;lt;/td&amp;gt;
                        &amp;lt;td class=&amp;quot;text-right bolder nowrap&amp;quot;&amp;gt;
                          &amp;lt;span class=&amp;quot;text-success&amp;quot;&amp;gt;+ 340.00 USD&amp;lt;/span&amp;gt;
                        &amp;lt;/td&amp;gt;
                      &amp;lt;/tr&amp;gt;&amp;lt;tr&amp;gt;
                        &amp;lt;td class=&amp;quot;nowrap&amp;quot;&amp;gt;
                          &amp;lt;span class=&amp;quot;status-pill smaller red&amp;quot;&amp;gt;&amp;lt;/span&amp;gt;&amp;lt;span&amp;gt;Declined&amp;lt;/span&amp;gt;
                        &amp;lt;/td&amp;gt;
                        &amp;lt;td&amp;gt;
                          &amp;lt;span&amp;gt;Jan 19th&amp;lt;/span&amp;gt;&amp;lt;span class=&amp;quot;smaller lighter&amp;quot;&amp;gt;3:22pm&amp;lt;/span&amp;gt;
                        &amp;lt;/td&amp;gt;
                        &amp;lt;td class=&amp;quot;cell-with-media&amp;quot;&amp;gt;
                          &amp;lt;img alt=&amp;quot;&amp;quot; src=&amp;quot;img/company2.png&amp;quot; style=&amp;quot;height: 25px;&amp;quot;&amp;gt;&amp;lt;span&amp;gt;Stripe Payment Processing&amp;lt;/span&amp;gt;
                        &amp;lt;/td&amp;gt;
                        &amp;lt;td class=&amp;quot;text-center&amp;quot;&amp;gt;
                          &amp;lt;a class=&amp;quot;badge badge-danger&amp;quot; href=&amp;quot;&amp;quot;&amp;gt;Finance&amp;lt;/a&amp;gt;
                        &amp;lt;/td&amp;gt;
                        &amp;lt;td class=&amp;quot;text-right bolder nowrap&amp;quot;&amp;gt;
                          &amp;lt;span class=&amp;quot;text-success&amp;quot;&amp;gt;+ 952.23 USD&amp;lt;/span&amp;gt;
                        &amp;lt;/td&amp;gt;
                      &amp;lt;/tr&amp;gt;&amp;lt;tr&amp;gt;
                        &amp;lt;td class=&amp;quot;nowrap&amp;quot;&amp;gt;
                          &amp;lt;span class=&amp;quot;status-pill smaller green&amp;quot;&amp;gt;&amp;lt;/span&amp;gt;&amp;lt;span&amp;gt;Complete&amp;lt;/span&amp;gt;
                        &amp;lt;/td&amp;gt;
                        &amp;lt;td&amp;gt;
                          &amp;lt;span&amp;gt;Today&amp;lt;/span&amp;gt;&amp;lt;span class=&amp;quot;smaller lighter&amp;quot;&amp;gt;1:52am&amp;lt;/span&amp;gt;
                        &amp;lt;/td&amp;gt;
                        &amp;lt;td class=&amp;quot;cell-with-media&amp;quot;&amp;gt;
                          &amp;lt;img alt=&amp;quot;&amp;quot; src=&amp;quot;img/company1.png&amp;quot; style=&amp;quot;height: 25px;&amp;quot;&amp;gt;&amp;lt;span&amp;gt;Starbucks coffee&amp;lt;/span&amp;gt;
                        &amp;lt;/td&amp;gt;
                        &amp;lt;td class=&amp;quot;text-center&amp;quot;&amp;gt;
                          &amp;lt;a class=&amp;quot;badge badge-success&amp;quot; href=&amp;quot;&amp;quot;&amp;gt;Restaurant / Cafe&amp;lt;/a&amp;gt;
                        &amp;lt;/td&amp;gt;
                        &amp;lt;td class=&amp;quot;text-right bolder nowrap&amp;quot;&amp;gt;
                          &amp;lt;span class=&amp;quot;text-success&amp;quot;&amp;gt;+ 1,250.00 USD&amp;lt;/span&amp;gt;
                        &amp;lt;/td&amp;gt;
                      &amp;lt;/tr&amp;gt;
                      
                      
                      
                      
                      
                    &amp;lt;/tbody&amp;gt;
                  &amp;lt;/table&amp;gt;] but found [&amp;lt;table id=&amp;quot;transactionsTable&amp;quot; class=&amp;quot;table table-padded&amp;quot;&amp;gt;
                    &amp;lt;thead&amp;gt;
                     &amp;lt;tr&amp;gt;
                        &amp;lt;th id=&amp;quot;status&amp;quot; onclick=&amp;quot;sortTable(0)&amp;quot; onmouseover=&amp;quot;&amp;quot; style=&amp;quot;cursor: pointer;&amp;quot;&amp;gt;
                          Status
                        &amp;lt;/th&amp;gt;
                        &amp;lt;th id=&amp;quot;date&amp;quot; onclick=&amp;quot;sortTable(1)&amp;quot; onmouseover=&amp;quot;&amp;quot; style=&amp;quot;cursor: pointer;&amp;quot;&amp;gt;
                          Date
                        &amp;lt;/th&amp;gt;
                        &amp;lt;th id=&amp;quot;description&amp;quot; onclick=&amp;quot;sortTable(2)&amp;quot; onmouseover=&amp;quot;&amp;quot; style=&amp;quot;cursor: pointer;&amp;quot;&amp;gt;
                          Description
                        &amp;lt;/th&amp;gt;
                        &amp;lt;th id=&amp;quot;category&amp;quot; onclick=&amp;quot;sortTable(3)&amp;quot; class=&amp;quot;text-center&amp;quot; onmouseover=&amp;quot;&amp;quot; style=&amp;quot;cursor: pointer;&amp;quot;&amp;gt;
                          Category
                        &amp;lt;/th&amp;gt;
                        &amp;lt;th id=&amp;quot;amount&amp;quot; onclick=&amp;quot;sortTable(4)&amp;quot; class=&amp;quot;text-right&amp;quot; onmouseover=&amp;quot;&amp;quot; style=&amp;quot;cursor: pointer;&amp;quot;&amp;gt;
                          Amount
                        &amp;lt;/th&amp;gt;
                      &amp;lt;/tr&amp;gt;
                    &amp;lt;/thead&amp;gt;
                    &amp;lt;tbody&amp;gt;
                      &amp;lt;tr&amp;gt;
                        &amp;lt;td class=&amp;quot;nowrap&amp;quot;&amp;gt;
                          &amp;lt;span class=&amp;quot;status-pill smaller green&amp;quot;&amp;gt;&amp;lt;/span&amp;gt;&amp;lt;span&amp;gt;Complete&amp;lt;/span&amp;gt;
                        &amp;lt;/td&amp;gt;
                        &amp;lt;td&amp;gt;
                          &amp;lt;span&amp;gt;Jan 7th&amp;lt;/span&amp;gt;&amp;lt;span class=&amp;quot;smaller lighter&amp;quot;&amp;gt;9:51am&amp;lt;/span&amp;gt;
                        &amp;lt;/td&amp;gt;
                        &amp;lt;td class=&amp;quot;cell-with-media&amp;quot;&amp;gt;
                          &amp;lt;img alt=&amp;quot;&amp;quot; src=&amp;quot;img/company4.png&amp;quot; style=&amp;quot;height: 25px;&amp;quot;&amp;gt;&amp;lt;span&amp;gt;Ebay Marketplace&amp;lt;/span&amp;gt;
                        &amp;lt;/td&amp;gt;
                        &amp;lt;td class=&amp;quot;text-center&amp;quot;&amp;gt;
                          &amp;lt;a class=&amp;quot;badge badge-danger&amp;quot; href=&amp;quot;&amp;quot;&amp;gt;Ecommerce&amp;lt;/a&amp;gt;
                        &amp;lt;/td&amp;gt;
                        &amp;lt;td class=&amp;quot;text-right bolder nowrap&amp;quot;&amp;gt;
                          &amp;lt;span class=&amp;quot;text-danger&amp;quot;&amp;gt;- 244.00 USD&amp;lt;/span&amp;gt;
                        &amp;lt;/td&amp;gt;
                      &amp;lt;/tr&amp;gt;&amp;lt;tr&amp;gt;
                        &amp;lt;td class=&amp;quot;nowrap&amp;quot;&amp;gt;
                          &amp;lt;span class=&amp;quot;status-pill smaller yellow&amp;quot;&amp;gt;&amp;lt;/span&amp;gt;&amp;lt;span&amp;gt;Pending&amp;lt;/span&amp;gt;
                        &amp;lt;/td&amp;gt;
                        &amp;lt;td&amp;gt;
                          &amp;lt;span&amp;gt;Yesterday&amp;lt;/span&amp;gt;&amp;lt;span class=&amp;quot;smaller lighter&amp;quot;&amp;gt;7:45am&amp;lt;/span&amp;gt;
                        &amp;lt;/td&amp;gt;
                        &amp;lt;td class=&amp;quot;cell-with-media&amp;quot;&amp;gt;
                          &amp;lt;img alt=&amp;quot;&amp;quot; src=&amp;quot;img/company3.png&amp;quot; style=&amp;quot;height: 25px;&amp;quot;&amp;gt;&amp;lt;span&amp;gt;MailChimp Services&amp;lt;/span&amp;gt;
                        &amp;lt;/td&amp;gt;
                        &amp;lt;td class=&amp;quot;text-center&amp;quot;&amp;gt;
                          &amp;lt;a class=&amp;quot;badge badge-warning&amp;quot; href=&amp;quot;&amp;quot;&amp;gt;Software&amp;lt;/a&amp;gt;
                        &amp;lt;/td&amp;gt;
                        &amp;lt;td class=&amp;quot;text-right bolder nowrap&amp;quot;&amp;gt;
                          &amp;lt;span class=&amp;quot;text-danger&amp;quot;&amp;gt;- 320.00 USD&amp;lt;/span&amp;gt;
                        &amp;lt;/td&amp;gt;
                      &amp;lt;/tr&amp;gt;&amp;lt;tr&amp;gt;
                        &amp;lt;td class=&amp;quot;nowrap&amp;quot;&amp;gt;
                          &amp;lt;span class=&amp;quot;status-pill smaller green&amp;quot;&amp;gt;&amp;lt;/span&amp;gt;&amp;lt;span&amp;gt;Complete&amp;lt;/span&amp;gt;
                        &amp;lt;/td&amp;gt;
                        &amp;lt;td&amp;gt;
                          &amp;lt;span&amp;gt;Today&amp;lt;/span&amp;gt;&amp;lt;span class=&amp;quot;smaller lighter&amp;quot;&amp;gt;1:52am&amp;lt;/span&amp;gt;
                        &amp;lt;/td&amp;gt;
                        &amp;lt;td class=&amp;quot;cell-with-media&amp;quot;&amp;gt;
                          &amp;lt;img alt=&amp;quot;&amp;quot; src=&amp;quot;img/company1.png&amp;quot; style=&amp;quot;height: 25px;&amp;quot;&amp;gt;&amp;lt;span&amp;gt;Starbucks coffee&amp;lt;/span&amp;gt;
                        &amp;lt;/td&amp;gt;
                        &amp;lt;td class=&amp;quot;text-center&amp;quot;&amp;gt;
                          &amp;lt;a class=&amp;quot;badge badge-success&amp;quot; href=&amp;quot;&amp;quot;&amp;gt;Restaurant / Cafe&amp;lt;/a&amp;gt;
                        &amp;lt;/td&amp;gt;
                        &amp;lt;td class=&amp;quot;text-right bolder nowrap&amp;quot;&amp;gt;
                          &amp;lt;span class=&amp;quot;text-success&amp;quot;&amp;gt;+ 1,250.00 USD&amp;lt;/span&amp;gt;
                        &amp;lt;/td&amp;gt;
                      &amp;lt;/tr&amp;gt;
                      &amp;lt;tr&amp;gt;
                        &amp;lt;td class=&amp;quot;nowrap&amp;quot;&amp;gt;
                          &amp;lt;span class=&amp;quot;status-pill smaller yellow&amp;quot;&amp;gt;&amp;lt;/span&amp;gt;&amp;lt;span&amp;gt;Pending&amp;lt;/span&amp;gt;
                        &amp;lt;/td&amp;gt;
                        &amp;lt;td&amp;gt;
                          &amp;lt;span&amp;gt;Jan 23rd&amp;lt;/span&amp;gt;&amp;lt;span class=&amp;quot;smaller lighter&amp;quot;&amp;gt;2:7pm&amp;lt;/span&amp;gt;
                        &amp;lt;/td&amp;gt;
                        &amp;lt;td class=&amp;quot;cell-with-media&amp;quot;&amp;gt;
                          &amp;lt;img alt=&amp;quot;&amp;quot; src=&amp;quot;img/company6.png&amp;quot; style=&amp;quot;height: 25px;&amp;quot;&amp;gt;&amp;lt;span&amp;gt;Shopify product&amp;lt;/span&amp;gt;
                        &amp;lt;/td&amp;gt;
                        &amp;lt;td class=&amp;quot;text-center&amp;quot;&amp;gt;
                          &amp;lt;a class=&amp;quot;badge badge-primary&amp;quot; href=&amp;quot;&amp;quot;&amp;gt;Shopping&amp;lt;/a&amp;gt;
                        &amp;lt;/td&amp;gt;
                        &amp;lt;td class=&amp;quot;text-right bolder nowrap&amp;quot;&amp;gt;
                          &amp;lt;span class=&amp;quot;text-success&amp;quot;&amp;gt;+ 17.99 USD&amp;lt;/span&amp;gt;
                        &amp;lt;/td&amp;gt;
                      &amp;lt;/tr&amp;gt;&amp;lt;tr&amp;gt;
                        &amp;lt;td class=&amp;quot;nowrap&amp;quot;&amp;gt;
                          &amp;lt;span class=&amp;quot;status-pill smaller yellow&amp;quot;&amp;gt;&amp;lt;/span&amp;gt;&amp;lt;span&amp;gt;Pending&amp;lt;/span&amp;gt;
                        &amp;lt;/td&amp;gt;
                        &amp;lt;td&amp;gt;
                          &amp;lt;span&amp;gt;Jan 9th&amp;lt;/span&amp;gt;&amp;lt;span class=&amp;quot;smaller lighter&amp;quot;&amp;gt;7:45pm&amp;lt;/span&amp;gt;
                        &amp;lt;/td&amp;gt;
                        &amp;lt;td class=&amp;quot;cell-with-media&amp;quot;&amp;gt;
                          &amp;lt;img alt=&amp;quot;&amp;quot; src=&amp;quot;img/company7.png&amp;quot; style=&amp;quot;height: 25px;&amp;quot;&amp;gt;&amp;lt;span&amp;gt; Templates Inc&amp;lt;/span&amp;gt;
                        &amp;lt;/td&amp;gt;
                        &amp;lt;td class=&amp;quot;text-center&amp;quot;&amp;gt;
                          &amp;lt;a class=&amp;quot;badge badge-primary&amp;quot; href=&amp;quot;&amp;quot;&amp;gt;Business&amp;lt;/a&amp;gt;
                        &amp;lt;/td&amp;gt;
                        &amp;lt;td class=&amp;quot;text-right bolder nowrap&amp;quot;&amp;gt;
                          &amp;lt;span class=&amp;quot;text-success&amp;quot;&amp;gt;+ 340.00 USD&amp;lt;/span&amp;gt;
                        &amp;lt;/td&amp;gt;
                      &amp;lt;/tr&amp;gt;&amp;lt;tr&amp;gt;
                        &amp;lt;td class=&amp;quot;nowrap&amp;quot;&amp;gt;
                          &amp;lt;span class=&amp;quot;status-pill smaller red&amp;quot;&amp;gt;&amp;lt;/span&amp;gt;&amp;lt;span&amp;gt;Declined&amp;lt;/span&amp;gt;
                        &amp;lt;/td&amp;gt;
                        &amp;lt;td&amp;gt;
                          &amp;lt;span&amp;gt;Jan 19th&amp;lt;/span&amp;gt;&amp;lt;span class=&amp;quot;smaller lighter&amp;quot;&amp;gt;3:22pm&amp;lt;/span&amp;gt;
                        &amp;lt;/td&amp;gt;
                        &amp;lt;td class=&amp;quot;cell-with-media&amp;quot;&amp;gt;
                          &amp;lt;img alt=&amp;quot;&amp;quot; src=&amp;quot;img/company2.png&amp;quot; style=&amp;quot;height: 25px;&amp;quot;&amp;gt;&amp;lt;span&amp;gt;Stripe Payment Processing&amp;lt;/span&amp;gt;
                        &amp;lt;/td&amp;gt;
                        &amp;lt;td class=&amp;quot;text-center&amp;quot;&amp;gt;
                          &amp;lt;a class=&amp;quot;badge badge-danger&amp;quot; href=&amp;quot;&amp;quot;&amp;gt;Finance&amp;lt;/a&amp;gt;
                        &amp;lt;/td&amp;gt;
                        &amp;lt;td class=&amp;quot;text-right bolder nowrap&amp;quot;&amp;gt;
                          &amp;lt;span class=&amp;quot;text-success&amp;quot;&amp;gt;+ 952.23 USD&amp;lt;/span&amp;gt;
                        &amp;lt;/td&amp;gt;
                      &amp;lt;/tr&amp;gt;
                      
                      
                      
                      
                    &amp;lt;/tbody&amp;gt;
                  &amp;lt;/table&amp;gt;]">
      <![CDATA[java.lang.AssertionError: The following asserts failed:
expected [true] but found [false],
expected [Enter your username] but found [John Smith],
expected [true] but found [false],
expected [true] but found [false],
expected [Enter your password] but found [ABC$*1@],
expected [Both Username and Password must be present] but found [Please enter both username and password],
expected [<table id="transactionsTable" class="table table-padded">
                    <thead>
                      <tr>
                        <th id="status" onclick="sortTable(0)" onmouseover="" style="cursor: pointer;">
                          Status
                        </th>
                        <th id="date" onclick="sortTable(1)" onmouseover="" style="cursor: pointer;">
                          Date
                        </th>
                        <th id="description" onclick="sortTable(2)" onmouseover="" style="cursor: pointer;">
                          Description
                        </th>
                        <th id="category" onclick="sortTable(3)" class="text-center" onmouseover="" style="cursor: pointer;">
                          Category
                        </th>
                        <th id="amount" onclick="sortTable(4)" class="text-right" onmouseover="" style="cursor: pointer;">
                          Amount
                        </th>
                      </tr>
                    </thead>
                    <tbody>
                      <tr>
                        <td class="nowrap">
                          <span class="status-pill smaller yellow"></span><span>Pending</span>
                        </td>
                        <td>
                          <span>Yesterday</span><span class="smaller lighter">7:45am</span>
                        </td>
                        <td class="cell-with-media">
                          <img alt="" src="img/company3.png" style="height: 25px;"><span>MailChimp Services</span>
                        </td>
                        <td class="text-center">
                          <a class="badge badge-warning" href="">Software</a>
                        </td>
                        <td class="text-right bolder nowrap">
                          <span class="text-danger">- 320.00 USD</span>
                        </td>
                      </tr><tr>
                        <td class="nowrap">
                          <span class="status-pill smaller green"></span><span>Complete</span>
                        </td>
                        <td>
                          <span>Jan 7th</span><span class="smaller lighter">9:51am</span>
                        </td>
                        <td class="cell-with-media">
                          <img alt="" src="img/company4.png" style="height: 25px;"><span>Ebay Marketplace</span>
                        </td>
                        <td class="text-center">
                          <a class="badge badge-danger" href="">Ecommerce</a>
                        </td>
                        <td class="text-right bolder nowrap">
                          <span class="text-danger">- 244.00 USD</span>
                        </td>
                      </tr><tr>
                        <td class="nowrap">
                          <span class="status-pill smaller yellow"></span><span>Pending</span>
                        </td>
                        <td>
                          <span>Jan 23rd</span><span class="smaller lighter">2:7pm</span>
                        </td>
                        <td class="cell-with-media">
                          <img alt="" src="img/company6.png" style="height: 25px;"><span>Shopify product</span>
                        </td>
                        <td class="text-center">
                          <a class="badge badge-primary" href="">Shopping</a>
                        </td>
                        <td class="text-right bolder nowrap">
                          <span class="text-success">+ 17.99 USD</span>
                        </td>
                      </tr><tr>
                        <td class="nowrap">
                          <span class="status-pill smaller yellow"></span><span>Pending</span>
                        </td>
                        <td>
                          <span>Jan 9th</span><span class="smaller lighter">7:45pm</span>
                        </td>
                        <td class="cell-with-media">
                          <img alt="" src="img/company7.png" style="height: 25px;"><span> Templates Inc</span>
                        </td>
                        <td class="text-center">
                          <a class="badge badge-primary" href="">Business</a>
                        </td>
                        <td class="text-right bolder nowrap">
                          <span class="text-success">+ 340.00 USD</span>
                        </td>
                      </tr><tr>
                        <td class="nowrap">
                          <span class="status-pill smaller red"></span><span>Declined</span>
                        </td>
                        <td>
                          <span>Jan 19th</span><span class="smaller lighter">3:22pm</span>
                        </td>
                        <td class="cell-with-media">
                          <img alt="" src="img/company2.png" style="height: 25px;"><span>Stripe Payment Processing</span>
                        </td>
                        <td class="text-center">
                          <a class="badge badge-danger" href="">Finance</a>
                        </td>
                        <td class="text-right bolder nowrap">
                          <span class="text-success">+ 952.23 USD</span>
                        </td>
                      </tr><tr>
                        <td class="nowrap">
                          <span class="status-pill smaller green"></span><span>Complete</span>
                        </td>
                        <td>
                          <span>Today</span><span class="smaller lighter">1:52am</span>
                        </td>
                        <td class="cell-with-media">
                          <img alt="" src="img/company1.png" style="height: 25px;"><span>Starbucks coffee</span>
                        </td>
                        <td class="text-center">
                          <a class="badge badge-success" href="">Restaurant / Cafe</a>
                        </td>
                        <td class="text-right bolder nowrap">
                          <span class="text-success">+ 1,250.00 USD</span>
                        </td>
                      </tr>
                      
                      
                      
                      
                      
                    </tbody>
                  </table>] but found [<table id="transactionsTable" class="table table-padded">
                    <thead>
                     <tr>
                        <th id="status" onclick="sortTable(0)" onmouseover="" style="cursor: pointer;">
                          Status
                        </th>
                        <th id="date" onclick="sortTable(1)" onmouseover="" style="cursor: pointer;">
                          Date
                        </th>
                        <th id="description" onclick="sortTable(2)" onmouseover="" style="cursor: pointer;">
                          Description
                        </th>
                        <th id="category" onclick="sortTable(3)" class="text-center" onmouseover="" style="cursor: pointer;">
                          Category
                        </th>
                        <th id="amount" onclick="sortTable(4)" class="text-right" onmouseover="" style="cursor: pointer;">
                          Amount
                        </th>
                      </tr>
                    </thead>
                    <tbody>
                      <tr>
                        <td class="nowrap">
                          <span class="status-pill smaller green"></span><span>Complete</span>
                        </td>
                        <td>
                          <span>Jan 7th</span><span class="smaller lighter">9:51am</span>
                        </td>
                        <td class="cell-with-media">
                          <img alt="" src="img/company4.png" style="height: 25px;"><span>Ebay Marketplace</span>
                        </td>
                        <td class="text-center">
                          <a class="badge badge-danger" href="">Ecommerce</a>
                        </td>
                        <td class="text-right bolder nowrap">
                          <span class="text-danger">- 244.00 USD</span>
                        </td>
                      </tr><tr>
                        <td class="nowrap">
                          <span class="status-pill smaller yellow"></span><span>Pending</span>
                        </td>
                        <td>
                          <span>Yesterday</span><span class="smaller lighter">7:45am</span>
                        </td>
                        <td class="cell-with-media">
                          <img alt="" src="img/company3.png" style="height: 25px;"><span>MailChimp Services</span>
                        </td>
                        <td class="text-center">
                          <a class="badge badge-warning" href="">Software</a>
                        </td>
                        <td class="text-right bolder nowrap">
                          <span class="text-danger">- 320.00 USD</span>
                        </td>
                      </tr><tr>
                        <td class="nowrap">
                          <span class="status-pill smaller green"></span><span>Complete</span>
                        </td>
                        <td>
                          <span>Today</span><span class="smaller lighter">1:52am</span>
                        </td>
                        <td class="cell-with-media">
                          <img alt="" src="img/company1.png" style="height: 25px;"><span>Starbucks coffee</span>
                        </td>
                        <td class="text-center">
                          <a class="badge badge-success" href="">Restaurant / Cafe</a>
                        </td>
                        <td class="text-right bolder nowrap">
                          <span class="text-success">+ 1,250.00 USD</span>
                        </td>
                      </tr>
                      <tr>
                        <td class="nowrap">
                          <span class="status-pill smaller yellow"></span><span>Pending</span>
                        </td>
                        <td>
                          <span>Jan 23rd</span><span class="smaller lighter">2:7pm</span>
                        </td>
                        <td class="cell-with-media">
                          <img alt="" src="img/company6.png" style="height: 25px;"><span>Shopify product</span>
                        </td>
                        <td class="text-center">
                          <a class="badge badge-primary" href="">Shopping</a>
                        </td>
                        <td class="text-right bolder nowrap">
                          <span class="text-success">+ 17.99 USD</span>
                        </td>
                      </tr><tr>
                        <td class="nowrap">
                          <span class="status-pill smaller yellow"></span><span>Pending</span>
                        </td>
                        <td>
                          <span>Jan 9th</span><span class="smaller lighter">7:45pm</span>
                        </td>
                        <td class="cell-with-media">
                          <img alt="" src="img/company7.png" style="height: 25px;"><span> Templates Inc</span>
                        </td>
                        <td class="text-center">
                          <a class="badge badge-primary" href="">Business</a>
                        </td>
                        <td class="text-right bolder nowrap">
                          <span class="text-success">+ 340.00 USD</span>
                        </td>
                      </tr><tr>
                        <td class="nowrap">
                          <span class="status-pill smaller red"></span><span>Declined</span>
                        </td>
                        <td>
                          <span>Jan 19th</span><span class="smaller lighter">3:22pm</span>
                        </td>
                        <td class="cell-with-media">
                          <img alt="" src="img/company2.png" style="height: 25px;"><span>Stripe Payment Processing</span>
                        </td>
                        <td class="text-center">
                          <a class="badge badge-danger" href="">Finance</a>
                        </td>
                        <td class="text-right bolder nowrap">
                          <span class="text-success">+ 952.23 USD</span>
                        </td>
                      </tr>
                      
                      
                      
                      
                    </tbody>
                  </table>]
at testcases.AIHackathon.TraditionalTests.Table_Sort_Test(TraditionalTests.java:126)
at java.util.concurrent.FutureTask.run(FutureTask.java:266)
at java.util.concurrent.ThreadPoolExecutor.runWorker(ThreadPoolExecutor.java:1149)
at java.util.concurrent.ThreadPoolExecutor$Worker.run(ThreadPoolExecutor.java:624)
at java.lang.Thread.run(Thread.java:748)
... Removed 17 stack frames]]>
    </failure>
  </testcase> <!-- Table_Sort_Test -->
  <testcase name="Canvas_Chart_Test" time="3.12" classname="testcases.AIHackathon.TraditionalTests"/>
  <testcase name="Dynamic_Content_Test" time="9.795" classname="testcases.AIHackathon.TraditionalTests">
    <failure type="java.lang.AssertionError" message="The following asserts failed:
	expected [true] but found [false],
	expected [Enter your username] but found [John Smith],
	expected [true] but found [false],
	expected [true] but found [false],
	expected [Enter your password] but found [ABC$*1@],
	expected [Both Username and Password must be present] but found [Please enter both username and password],
	expected [&amp;lt;table id=&amp;quot;transactionsTable&amp;quot; class=&amp;quot;table table-padded&amp;quot;&amp;gt;
                    &amp;lt;thead&amp;gt;
                      &amp;lt;tr&amp;gt;
                        &amp;lt;th id=&amp;quot;status&amp;quot; onclick=&amp;quot;sortTable(0)&amp;quot; onmouseover=&amp;quot;&amp;quot; style=&amp;quot;cursor: pointer;&amp;quot;&amp;gt;
                          Status
                        &amp;lt;/th&amp;gt;
                        &amp;lt;th id=&amp;quot;date&amp;quot; onclick=&amp;quot;sortTable(1)&amp;quot; onmouseover=&amp;quot;&amp;quot; style=&amp;quot;cursor: pointer;&amp;quot;&amp;gt;
                          Date
                        &amp;lt;/th&amp;gt;
                        &amp;lt;th id=&amp;quot;description&amp;quot; onclick=&amp;quot;sortTable(2)&amp;quot; onmouseover=&amp;quot;&amp;quot; style=&amp;quot;cursor: pointer;&amp;quot;&amp;gt;
                          Description
                        &amp;lt;/th&amp;gt;
                        &amp;lt;th id=&amp;quot;category&amp;quot; onclick=&amp;quot;sortTable(3)&amp;quot; class=&amp;quot;text-center&amp;quot; onmouseover=&amp;quot;&amp;quot; style=&amp;quot;cursor: pointer;&amp;quot;&amp;gt;
                          Category
                        &amp;lt;/th&amp;gt;
                        &amp;lt;th id=&amp;quot;amount&amp;quot; onclick=&amp;quot;sortTable(4)&amp;quot; class=&amp;quot;text-right&amp;quot; onmouseover=&amp;quot;&amp;quot; style=&amp;quot;cursor: pointer;&amp;quot;&amp;gt;
                          Amount
                        &amp;lt;/th&amp;gt;
                      &amp;lt;/tr&amp;gt;
                    &amp;lt;/thead&amp;gt;
                    &amp;lt;tbody&amp;gt;
                      &amp;lt;tr&amp;gt;
                        &amp;lt;td class=&amp;quot;nowrap&amp;quot;&amp;gt;
                          &amp;lt;span class=&amp;quot;status-pill smaller yellow&amp;quot;&amp;gt;&amp;lt;/span&amp;gt;&amp;lt;span&amp;gt;Pending&amp;lt;/span&amp;gt;
                        &amp;lt;/td&amp;gt;
                        &amp;lt;td&amp;gt;
                          &amp;lt;span&amp;gt;Yesterday&amp;lt;/span&amp;gt;&amp;lt;span class=&amp;quot;smaller lighter&amp;quot;&amp;gt;7:45am&amp;lt;/span&amp;gt;
                        &amp;lt;/td&amp;gt;
                        &amp;lt;td class=&amp;quot;cell-with-media&amp;quot;&amp;gt;
                          &amp;lt;img alt=&amp;quot;&amp;quot; src=&amp;quot;img/company3.png&amp;quot; style=&amp;quot;height: 25px;&amp;quot;&amp;gt;&amp;lt;span&amp;gt;MailChimp Services&amp;lt;/span&amp;gt;
                        &amp;lt;/td&amp;gt;
                        &amp;lt;td class=&amp;quot;text-center&amp;quot;&amp;gt;
                          &amp;lt;a class=&amp;quot;badge badge-warning&amp;quot; href=&amp;quot;&amp;quot;&amp;gt;Software&amp;lt;/a&amp;gt;
                        &amp;lt;/td&amp;gt;
                        &amp;lt;td class=&amp;quot;text-right bolder nowrap&amp;quot;&amp;gt;
                          &amp;lt;span class=&amp;quot;text-danger&amp;quot;&amp;gt;- 320.00 USD&amp;lt;/span&amp;gt;
                        &amp;lt;/td&amp;gt;
                      &amp;lt;/tr&amp;gt;&amp;lt;tr&amp;gt;
                        &amp;lt;td class=&amp;quot;nowrap&amp;quot;&amp;gt;
                          &amp;lt;span class=&amp;quot;status-pill smaller green&amp;quot;&amp;gt;&amp;lt;/span&amp;gt;&amp;lt;span&amp;gt;Complete&amp;lt;/span&amp;gt;
                        &amp;lt;/td&amp;gt;
                        &amp;lt;td&amp;gt;
                          &amp;lt;span&amp;gt;Jan 7th&amp;lt;/span&amp;gt;&amp;lt;span class=&amp;quot;smaller lighter&amp;quot;&amp;gt;9:51am&amp;lt;/span&amp;gt;
                        &amp;lt;/td&amp;gt;
                        &amp;lt;td class=&amp;quot;cell-with-media&amp;quot;&amp;gt;
                          &amp;lt;img alt=&amp;quot;&amp;quot; src=&amp;quot;img/company4.png&amp;quot; style=&amp;quot;height: 25px;&amp;quot;&amp;gt;&amp;lt;span&amp;gt;Ebay Marketplace&amp;lt;/span&amp;gt;
                        &amp;lt;/td&amp;gt;
                        &amp;lt;td class=&amp;quot;text-center&amp;quot;&amp;gt;
                          &amp;lt;a class=&amp;quot;badge badge-danger&amp;quot; href=&amp;quot;&amp;quot;&amp;gt;Ecommerce&amp;lt;/a&amp;gt;
                        &amp;lt;/td&amp;gt;
                        &amp;lt;td class=&amp;quot;text-right bolder nowrap&amp;quot;&amp;gt;
                          &amp;lt;span class=&amp;quot;text-danger&amp;quot;&amp;gt;- 244.00 USD&amp;lt;/span&amp;gt;
                        &amp;lt;/td&amp;gt;
                      &amp;lt;/tr&amp;gt;&amp;lt;tr&amp;gt;
                        &amp;lt;td class=&amp;quot;nowrap&amp;quot;&amp;gt;
                          &amp;lt;span class=&amp;quot;status-pill smaller yellow&amp;quot;&amp;gt;&amp;lt;/span&amp;gt;&amp;lt;span&amp;gt;Pending&amp;lt;/span&amp;gt;
                        &amp;lt;/td&amp;gt;
                        &amp;lt;td&amp;gt;
                          &amp;lt;span&amp;gt;Jan 23rd&amp;lt;/span&amp;gt;&amp;lt;span class=&amp;quot;smaller lighter&amp;quot;&amp;gt;2:7pm&amp;lt;/span&amp;gt;
                        &amp;lt;/td&amp;gt;
                        &amp;lt;td class=&amp;quot;cell-with-media&amp;quot;&amp;gt;
                          &amp;lt;img alt=&amp;quot;&amp;quot; src=&amp;quot;img/company6.png&amp;quot; style=&amp;quot;height: 25px;&amp;quot;&amp;gt;&amp;lt;span&amp;gt;Shopify product&amp;lt;/span&amp;gt;
                        &amp;lt;/td&amp;gt;
                        &amp;lt;td class=&amp;quot;text-center&amp;quot;&amp;gt;
                          &amp;lt;a class=&amp;quot;badge badge-primary&amp;quot; href=&amp;quot;&amp;quot;&amp;gt;Shopping&amp;lt;/a&amp;gt;
                        &amp;lt;/td&amp;gt;
                        &amp;lt;td class=&amp;quot;text-right bolder nowrap&amp;quot;&amp;gt;
                          &amp;lt;span class=&amp;quot;text-success&amp;quot;&amp;gt;+ 17.99 USD&amp;lt;/span&amp;gt;
                        &amp;lt;/td&amp;gt;
                      &amp;lt;/tr&amp;gt;&amp;lt;tr&amp;gt;
                        &amp;lt;td class=&amp;quot;nowrap&amp;quot;&amp;gt;
                          &amp;lt;span class=&amp;quot;status-pill smaller yellow&amp;quot;&amp;gt;&amp;lt;/span&amp;gt;&amp;lt;span&amp;gt;Pending&amp;lt;/span&amp;gt;
                        &amp;lt;/td&amp;gt;
                        &amp;lt;td&amp;gt;
                          &amp;lt;span&amp;gt;Jan 9th&amp;lt;/span&amp;gt;&amp;lt;span class=&amp;quot;smaller lighter&amp;quot;&amp;gt;7:45pm&amp;lt;/span&amp;gt;
                        &amp;lt;/td&amp;gt;
                        &amp;lt;td class=&amp;quot;cell-with-media&amp;quot;&amp;gt;
                          &amp;lt;img alt=&amp;quot;&amp;quot; src=&amp;quot;img/company7.png&amp;quot; style=&amp;quot;height: 25px;&amp;quot;&amp;gt;&amp;lt;span&amp;gt; Templates Inc&amp;lt;/span&amp;gt;
                        &amp;lt;/td&amp;gt;
                        &amp;lt;td class=&amp;quot;text-center&amp;quot;&amp;gt;
                          &amp;lt;a class=&amp;quot;badge badge-primary&amp;quot; href=&amp;quot;&amp;quot;&amp;gt;Business&amp;lt;/a&amp;gt;
                        &amp;lt;/td&amp;gt;
                        &amp;lt;td class=&amp;quot;text-right bolder nowrap&amp;quot;&amp;gt;
                          &amp;lt;span class=&amp;quot;text-success&amp;quot;&amp;gt;+ 340.00 USD&amp;lt;/span&amp;gt;
                        &amp;lt;/td&amp;gt;
                      &amp;lt;/tr&amp;gt;&amp;lt;tr&amp;gt;
                        &amp;lt;td class=&amp;quot;nowrap&amp;quot;&amp;gt;
                          &amp;lt;span class=&amp;quot;status-pill smaller red&amp;quot;&amp;gt;&amp;lt;/span&amp;gt;&amp;lt;span&amp;gt;Declined&amp;lt;/span&amp;gt;
                        &amp;lt;/td&amp;gt;
                        &amp;lt;td&amp;gt;
                          &amp;lt;span&amp;gt;Jan 19th&amp;lt;/span&amp;gt;&amp;lt;span class=&amp;quot;smaller lighter&amp;quot;&amp;gt;3:22pm&amp;lt;/span&amp;gt;
                        &amp;lt;/td&amp;gt;
                        &amp;lt;td class=&amp;quot;cell-with-media&amp;quot;&amp;gt;
                          &amp;lt;img alt=&amp;quot;&amp;quot; src=&amp;quot;img/company2.png&amp;quot; style=&amp;quot;height: 25px;&amp;quot;&amp;gt;&amp;lt;span&amp;gt;Stripe Payment Processing&amp;lt;/span&amp;gt;
                        &amp;lt;/td&amp;gt;
                        &amp;lt;td class=&amp;quot;text-center&amp;quot;&amp;gt;
                          &amp;lt;a class=&amp;quot;badge badge-danger&amp;quot; href=&amp;quot;&amp;quot;&amp;gt;Finance&amp;lt;/a&amp;gt;
                        &amp;lt;/td&amp;gt;
                        &amp;lt;td class=&amp;quot;text-right bolder nowrap&amp;quot;&amp;gt;
                          &amp;lt;span class=&amp;quot;text-success&amp;quot;&amp;gt;+ 952.23 USD&amp;lt;/span&amp;gt;
                        &amp;lt;/td&amp;gt;
                      &amp;lt;/tr&amp;gt;&amp;lt;tr&amp;gt;
                        &amp;lt;td class=&amp;quot;nowrap&amp;quot;&amp;gt;
                          &amp;lt;span class=&amp;quot;status-pill smaller green&amp;quot;&amp;gt;&amp;lt;/span&amp;gt;&amp;lt;span&amp;gt;Complete&amp;lt;/span&amp;gt;
                        &amp;lt;/td&amp;gt;
                        &amp;lt;td&amp;gt;
                          &amp;lt;span&amp;gt;Today&amp;lt;/span&amp;gt;&amp;lt;span class=&amp;quot;smaller lighter&amp;quot;&amp;gt;1:52am&amp;lt;/span&amp;gt;
                        &amp;lt;/td&amp;gt;
                        &amp;lt;td class=&amp;quot;cell-with-media&amp;quot;&amp;gt;
                          &amp;lt;img alt=&amp;quot;&amp;quot; src=&amp;quot;img/company1.png&amp;quot; style=&amp;quot;height: 25px;&amp;quot;&amp;gt;&amp;lt;span&amp;gt;Starbucks coffee&amp;lt;/span&amp;gt;
                        &amp;lt;/td&amp;gt;
                        &amp;lt;td class=&amp;quot;text-center&amp;quot;&amp;gt;
                          &amp;lt;a class=&amp;quot;badge badge-success&amp;quot; href=&amp;quot;&amp;quot;&amp;gt;Restaurant / Cafe&amp;lt;/a&amp;gt;
                        &amp;lt;/td&amp;gt;
                        &amp;lt;td class=&amp;quot;text-right bolder nowrap&amp;quot;&amp;gt;
                          &amp;lt;span class=&amp;quot;text-success&amp;quot;&amp;gt;+ 1,250.00 USD&amp;lt;/span&amp;gt;
                        &amp;lt;/td&amp;gt;
                      &amp;lt;/tr&amp;gt;
                      
                      
                      
                      
                      
                    &amp;lt;/tbody&amp;gt;
                  &amp;lt;/table&amp;gt;] but found [&amp;lt;table id=&amp;quot;transactionsTable&amp;quot; class=&amp;quot;table table-padded&amp;quot;&amp;gt;
                    &amp;lt;thead&amp;gt;
                     &amp;lt;tr&amp;gt;
                        &amp;lt;th id=&amp;quot;status&amp;quot; onclick=&amp;quot;sortTable(0)&amp;quot; onmouseover=&amp;quot;&amp;quot; style=&amp;quot;cursor: pointer;&amp;quot;&amp;gt;
                          Status
                        &amp;lt;/th&amp;gt;
                        &amp;lt;th id=&amp;quot;date&amp;quot; onclick=&amp;quot;sortTable(1)&amp;quot; onmouseover=&amp;quot;&amp;quot; style=&amp;quot;cursor: pointer;&amp;quot;&amp;gt;
                          Date
                        &amp;lt;/th&amp;gt;
                        &amp;lt;th id=&amp;quot;description&amp;quot; onclick=&amp;quot;sortTable(2)&amp;quot; onmouseover=&amp;quot;&amp;quot; style=&amp;quot;cursor: pointer;&amp;quot;&amp;gt;
                          Description
                        &amp;lt;/th&amp;gt;
                        &amp;lt;th id=&amp;quot;category&amp;quot; onclick=&amp;quot;sortTable(3)&amp;quot; class=&amp;quot;text-center&amp;quot; onmouseover=&amp;quot;&amp;quot; style=&amp;quot;cursor: pointer;&amp;quot;&amp;gt;
                          Category
                        &amp;lt;/th&amp;gt;
                        &amp;lt;th id=&amp;quot;amount&amp;quot; onclick=&amp;quot;sortTable(4)&amp;quot; class=&amp;quot;text-right&amp;quot; onmouseover=&amp;quot;&amp;quot; style=&amp;quot;cursor: pointer;&amp;quot;&amp;gt;
                          Amount
                        &amp;lt;/th&amp;gt;
                      &amp;lt;/tr&amp;gt;
                    &amp;lt;/thead&amp;gt;
                    &amp;lt;tbody&amp;gt;
                      &amp;lt;tr&amp;gt;
                        &amp;lt;td class=&amp;quot;nowrap&amp;quot;&amp;gt;
                          &amp;lt;span class=&amp;quot;status-pill smaller green&amp;quot;&amp;gt;&amp;lt;/span&amp;gt;&amp;lt;span&amp;gt;Complete&amp;lt;/span&amp;gt;
                        &amp;lt;/td&amp;gt;
                        &amp;lt;td&amp;gt;
                          &amp;lt;span&amp;gt;Jan 7th&amp;lt;/span&amp;gt;&amp;lt;span class=&amp;quot;smaller lighter&amp;quot;&amp;gt;9:51am&amp;lt;/span&amp;gt;
                        &amp;lt;/td&amp;gt;
                        &amp;lt;td class=&amp;quot;cell-with-media&amp;quot;&amp;gt;
                          &amp;lt;img alt=&amp;quot;&amp;quot; src=&amp;quot;img/company4.png&amp;quot; style=&amp;quot;height: 25px;&amp;quot;&amp;gt;&amp;lt;span&amp;gt;Ebay Marketplace&amp;lt;/span&amp;gt;
                        &amp;lt;/td&amp;gt;
                        &amp;lt;td class=&amp;quot;text-center&amp;quot;&amp;gt;
                          &amp;lt;a class=&amp;quot;badge badge-danger&amp;quot; href=&amp;quot;&amp;quot;&amp;gt;Ecommerce&amp;lt;/a&amp;gt;
                        &amp;lt;/td&amp;gt;
                        &amp;lt;td class=&amp;quot;text-right bolder nowrap&amp;quot;&amp;gt;
                          &amp;lt;span class=&amp;quot;text-danger&amp;quot;&amp;gt;- 244.00 USD&amp;lt;/span&amp;gt;
                        &amp;lt;/td&amp;gt;
                      &amp;lt;/tr&amp;gt;&amp;lt;tr&amp;gt;
                        &amp;lt;td class=&amp;quot;nowrap&amp;quot;&amp;gt;
                          &amp;lt;span class=&amp;quot;status-pill smaller yellow&amp;quot;&amp;gt;&amp;lt;/span&amp;gt;&amp;lt;span&amp;gt;Pending&amp;lt;/span&amp;gt;
                        &amp;lt;/td&amp;gt;
                        &amp;lt;td&amp;gt;
                          &amp;lt;span&amp;gt;Yesterday&amp;lt;/span&amp;gt;&amp;lt;span class=&amp;quot;smaller lighter&amp;quot;&amp;gt;7:45am&amp;lt;/span&amp;gt;
                        &amp;lt;/td&amp;gt;
                        &amp;lt;td class=&amp;quot;cell-with-media&amp;quot;&amp;gt;
                          &amp;lt;img alt=&amp;quot;&amp;quot; src=&amp;quot;img/company3.png&amp;quot; style=&amp;quot;height: 25px;&amp;quot;&amp;gt;&amp;lt;span&amp;gt;MailChimp Services&amp;lt;/span&amp;gt;
                        &amp;lt;/td&amp;gt;
                        &amp;lt;td class=&amp;quot;text-center&amp;quot;&amp;gt;
                          &amp;lt;a class=&amp;quot;badge badge-warning&amp;quot; href=&amp;quot;&amp;quot;&amp;gt;Software&amp;lt;/a&amp;gt;
                        &amp;lt;/td&amp;gt;
                        &amp;lt;td class=&amp;quot;text-right bolder nowrap&amp;quot;&amp;gt;
                          &amp;lt;span class=&amp;quot;text-danger&amp;quot;&amp;gt;- 320.00 USD&amp;lt;/span&amp;gt;
                        &amp;lt;/td&amp;gt;
                      &amp;lt;/tr&amp;gt;&amp;lt;tr&amp;gt;
                        &amp;lt;td class=&amp;quot;nowrap&amp;quot;&amp;gt;
                          &amp;lt;span class=&amp;quot;status-pill smaller green&amp;quot;&amp;gt;&amp;lt;/span&amp;gt;&amp;lt;span&amp;gt;Complete&amp;lt;/span&amp;gt;
                        &amp;lt;/td&amp;gt;
                        &amp;lt;td&amp;gt;
                          &amp;lt;span&amp;gt;Today&amp;lt;/span&amp;gt;&amp;lt;span class=&amp;quot;smaller lighter&amp;quot;&amp;gt;1:52am&amp;lt;/span&amp;gt;
                        &amp;lt;/td&amp;gt;
                        &amp;lt;td class=&amp;quot;cell-with-media&amp;quot;&amp;gt;
                          &amp;lt;img alt=&amp;quot;&amp;quot; src=&amp;quot;img/company1.png&amp;quot; style=&amp;quot;height: 25px;&amp;quot;&amp;gt;&amp;lt;span&amp;gt;Starbucks coffee&amp;lt;/span&amp;gt;
                        &amp;lt;/td&amp;gt;
                        &amp;lt;td class=&amp;quot;text-center&amp;quot;&amp;gt;
                          &amp;lt;a class=&amp;quot;badge badge-success&amp;quot; href=&amp;quot;&amp;quot;&amp;gt;Restaurant / Cafe&amp;lt;/a&amp;gt;
                        &amp;lt;/td&amp;gt;
                        &amp;lt;td class=&amp;quot;text-right bolder nowrap&amp;quot;&amp;gt;
                          &amp;lt;span class=&amp;quot;text-success&amp;quot;&amp;gt;+ 1,250.00 USD&amp;lt;/span&amp;gt;
                        &amp;lt;/td&amp;gt;
                      &amp;lt;/tr&amp;gt;
                      &amp;lt;tr&amp;gt;
                        &amp;lt;td class=&amp;quot;nowrap&amp;quot;&amp;gt;
                          &amp;lt;span class=&amp;quot;status-pill smaller yellow&amp;quot;&amp;gt;&amp;lt;/span&amp;gt;&amp;lt;span&amp;gt;Pending&amp;lt;/span&amp;gt;
                        &amp;lt;/td&amp;gt;
                        &amp;lt;td&amp;gt;
                          &amp;lt;span&amp;gt;Jan 23rd&amp;lt;/span&amp;gt;&amp;lt;span class=&amp;quot;smaller lighter&amp;quot;&amp;gt;2:7pm&amp;lt;/span&amp;gt;
                        &amp;lt;/td&amp;gt;
                        &amp;lt;td class=&amp;quot;cell-with-media&amp;quot;&amp;gt;
                          &amp;lt;img alt=&amp;quot;&amp;quot; src=&amp;quot;img/company6.png&amp;quot; style=&amp;quot;height: 25px;&amp;quot;&amp;gt;&amp;lt;span&amp;gt;Shopify product&amp;lt;/span&amp;gt;
                        &amp;lt;/td&amp;gt;
                        &amp;lt;td class=&amp;quot;text-center&amp;quot;&amp;gt;
                          &amp;lt;a class=&amp;quot;badge badge-primary&amp;quot; href=&amp;quot;&amp;quot;&amp;gt;Shopping&amp;lt;/a&amp;gt;
                        &amp;lt;/td&amp;gt;
                        &amp;lt;td class=&amp;quot;text-right bolder nowrap&amp;quot;&amp;gt;
                          &amp;lt;span class=&amp;quot;text-success&amp;quot;&amp;gt;+ 17.99 USD&amp;lt;/span&amp;gt;
                        &amp;lt;/td&amp;gt;
                      &amp;lt;/tr&amp;gt;&amp;lt;tr&amp;gt;
                        &amp;lt;td class=&amp;quot;nowrap&amp;quot;&amp;gt;
                          &amp;lt;span class=&amp;quot;status-pill smaller yellow&amp;quot;&amp;gt;&amp;lt;/span&amp;gt;&amp;lt;span&amp;gt;Pending&amp;lt;/span&amp;gt;
                        &amp;lt;/td&amp;gt;
                        &amp;lt;td&amp;gt;
                          &amp;lt;span&amp;gt;Jan 9th&amp;lt;/span&amp;gt;&amp;lt;span class=&amp;quot;smaller lighter&amp;quot;&amp;gt;7:45pm&amp;lt;/span&amp;gt;
                        &amp;lt;/td&amp;gt;
                        &amp;lt;td class=&amp;quot;cell-with-media&amp;quot;&amp;gt;
                          &amp;lt;img alt=&amp;quot;&amp;quot; src=&amp;quot;img/company7.png&amp;quot; style=&amp;quot;height: 25px;&amp;quot;&amp;gt;&amp;lt;span&amp;gt; Templates Inc&amp;lt;/span&amp;gt;
                        &amp;lt;/td&amp;gt;
                        &amp;lt;td class=&amp;quot;text-center&amp;quot;&amp;gt;
                          &amp;lt;a class=&amp;quot;badge badge-primary&amp;quot; href=&amp;quot;&amp;quot;&amp;gt;Business&amp;lt;/a&amp;gt;
                        &amp;lt;/td&amp;gt;
                        &amp;lt;td class=&amp;quot;text-right bolder nowrap&amp;quot;&amp;gt;
                          &amp;lt;span class=&amp;quot;text-success&amp;quot;&amp;gt;+ 340.00 USD&amp;lt;/span&amp;gt;
                        &amp;lt;/td&amp;gt;
                      &amp;lt;/tr&amp;gt;&amp;lt;tr&amp;gt;
                        &amp;lt;td class=&amp;quot;nowrap&amp;quot;&amp;gt;
                          &amp;lt;span class=&amp;quot;status-pill smaller red&amp;quot;&amp;gt;&amp;lt;/span&amp;gt;&amp;lt;span&amp;gt;Declined&amp;lt;/span&amp;gt;
                        &amp;lt;/td&amp;gt;
                        &amp;lt;td&amp;gt;
                          &amp;lt;span&amp;gt;Jan 19th&amp;lt;/span&amp;gt;&amp;lt;span class=&amp;quot;smaller lighter&amp;quot;&amp;gt;3:22pm&amp;lt;/span&amp;gt;
                        &amp;lt;/td&amp;gt;
                        &amp;lt;td class=&amp;quot;cell-with-media&amp;quot;&amp;gt;
                          &amp;lt;img alt=&amp;quot;&amp;quot; src=&amp;quot;img/company2.png&amp;quot; style=&amp;quot;height: 25px;&amp;quot;&amp;gt;&amp;lt;span&amp;gt;Stripe Payment Processing&amp;lt;/span&amp;gt;
                        &amp;lt;/td&amp;gt;
                        &amp;lt;td class=&amp;quot;text-center&amp;quot;&amp;gt;
                          &amp;lt;a class=&amp;quot;badge badge-danger&amp;quot; href=&amp;quot;&amp;quot;&amp;gt;Finance&amp;lt;/a&amp;gt;
                        &amp;lt;/td&amp;gt;
                        &amp;lt;td class=&amp;quot;text-right bolder nowrap&amp;quot;&amp;gt;
                          &amp;lt;span class=&amp;quot;text-success&amp;quot;&amp;gt;+ 952.23 USD&amp;lt;/span&amp;gt;
                        &amp;lt;/td&amp;gt;
                      &amp;lt;/tr&amp;gt;
                      
                      
                      
                      
                    &amp;lt;/tbody&amp;gt;
                  &amp;lt;/table&amp;gt;],
	expected [true] but found [false]">
      <![CDATA[java.lang.AssertionError: The following asserts failed:
expected [true] but found [false],
expected [Enter your username] but found [John Smith],
expected [true] but found [false],
expected [true] but found [false],
expected [Enter your password] but found [ABC$*1@],
expected [Both Username and Password must be present] but found [Please enter both username and password],
expected [<table id="transactionsTable" class="table table-padded">
                    <thead>
                      <tr>
                        <th id="status" onclick="sortTable(0)" onmouseover="" style="cursor: pointer;">
                          Status
                        </th>
                        <th id="date" onclick="sortTable(1)" onmouseover="" style="cursor: pointer;">
                          Date
                        </th>
                        <th id="description" onclick="sortTable(2)" onmouseover="" style="cursor: pointer;">
                          Description
                        </th>
                        <th id="category" onclick="sortTable(3)" class="text-center" onmouseover="" style="cursor: pointer;">
                          Category
                        </th>
                        <th id="amount" onclick="sortTable(4)" class="text-right" onmouseover="" style="cursor: pointer;">
                          Amount
                        </th>
                      </tr>
                    </thead>
                    <tbody>
                      <tr>
                        <td class="nowrap">
                          <span class="status-pill smaller yellow"></span><span>Pending</span>
                        </td>
                        <td>
                          <span>Yesterday</span><span class="smaller lighter">7:45am</span>
                        </td>
                        <td class="cell-with-media">
                          <img alt="" src="img/company3.png" style="height: 25px;"><span>MailChimp Services</span>
                        </td>
                        <td class="text-center">
                          <a class="badge badge-warning" href="">Software</a>
                        </td>
                        <td class="text-right bolder nowrap">
                          <span class="text-danger">- 320.00 USD</span>
                        </td>
                      </tr><tr>
                        <td class="nowrap">
                          <span class="status-pill smaller green"></span><span>Complete</span>
                        </td>
                        <td>
                          <span>Jan 7th</span><span class="smaller lighter">9:51am</span>
                        </td>
                        <td class="cell-with-media">
                          <img alt="" src="img/company4.png" style="height: 25px;"><span>Ebay Marketplace</span>
                        </td>
                        <td class="text-center">
                          <a class="badge badge-danger" href="">Ecommerce</a>
                        </td>
                        <td class="text-right bolder nowrap">
                          <span class="text-danger">- 244.00 USD</span>
                        </td>
                      </tr><tr>
                        <td class="nowrap">
                          <span class="status-pill smaller yellow"></span><span>Pending</span>
                        </td>
                        <td>
                          <span>Jan 23rd</span><span class="smaller lighter">2:7pm</span>
                        </td>
                        <td class="cell-with-media">
                          <img alt="" src="img/company6.png" style="height: 25px;"><span>Shopify product</span>
                        </td>
                        <td class="text-center">
                          <a class="badge badge-primary" href="">Shopping</a>
                        </td>
                        <td class="text-right bolder nowrap">
                          <span class="text-success">+ 17.99 USD</span>
                        </td>
                      </tr><tr>
                        <td class="nowrap">
                          <span class="status-pill smaller yellow"></span><span>Pending</span>
                        </td>
                        <td>
                          <span>Jan 9th</span><span class="smaller lighter">7:45pm</span>
                        </td>
                        <td class="cell-with-media">
                          <img alt="" src="img/company7.png" style="height: 25px;"><span> Templates Inc</span>
                        </td>
                        <td class="text-center">
                          <a class="badge badge-primary" href="">Business</a>
                        </td>
                        <td class="text-right bolder nowrap">
                          <span class="text-success">+ 340.00 USD</span>
                        </td>
                      </tr><tr>
                        <td class="nowrap">
                          <span class="status-pill smaller red"></span><span>Declined</span>
                        </td>
                        <td>
                          <span>Jan 19th</span><span class="smaller lighter">3:22pm</span>
                        </td>
                        <td class="cell-with-media">
                          <img alt="" src="img/company2.png" style="height: 25px;"><span>Stripe Payment Processing</span>
                        </td>
                        <td class="text-center">
                          <a class="badge badge-danger" href="">Finance</a>
                        </td>
                        <td class="text-right bolder nowrap">
                          <span class="text-success">+ 952.23 USD</span>
                        </td>
                      </tr><tr>
                        <td class="nowrap">
                          <span class="status-pill smaller green"></span><span>Complete</span>
                        </td>
                        <td>
                          <span>Today</span><span class="smaller lighter">1:52am</span>
                        </td>
                        <td class="cell-with-media">
                          <img alt="" src="img/company1.png" style="height: 25px;"><span>Starbucks coffee</span>
                        </td>
                        <td class="text-center">
                          <a class="badge badge-success" href="">Restaurant / Cafe</a>
                        </td>
                        <td class="text-right bolder nowrap">
                          <span class="text-success">+ 1,250.00 USD</span>
                        </td>
                      </tr>
                      
                      
                      
                      
                      
                    </tbody>
                  </table>] but found [<table id="transactionsTable" class="table table-padded">
                    <thead>
                     <tr>
                        <th id="status" onclick="sortTable(0)" onmouseover="" style="cursor: pointer;">
                          Status
                        </th>
                        <th id="date" onclick="sortTable(1)" onmouseover="" style="cursor: pointer;">
                          Date
                        </th>
                        <th id="description" onclick="sortTable(2)" onmouseover="" style="cursor: pointer;">
                          Description
                        </th>
                        <th id="category" onclick="sortTable(3)" class="text-center" onmouseover="" style="cursor: pointer;">
                          Category
                        </th>
                        <th id="amount" onclick="sortTable(4)" class="text-right" onmouseover="" style="cursor: pointer;">
                          Amount
                        </th>
                      </tr>
                    </thead>
                    <tbody>
                      <tr>
                        <td class="nowrap">
                          <span class="status-pill smaller green"></span><span>Complete</span>
                        </td>
                        <td>
                          <span>Jan 7th</span><span class="smaller lighter">9:51am</span>
                        </td>
                        <td class="cell-with-media">
                          <img alt="" src="img/company4.png" style="height: 25px;"><span>Ebay Marketplace</span>
                        </td>
                        <td class="text-center">
                          <a class="badge badge-danger" href="">Ecommerce</a>
                        </td>
                        <td class="text-right bolder nowrap">
                          <span class="text-danger">- 244.00 USD</span>
                        </td>
                      </tr><tr>
                        <td class="nowrap">
                          <span class="status-pill smaller yellow"></span><span>Pending</span>
                        </td>
                        <td>
                          <span>Yesterday</span><span class="smaller lighter">7:45am</span>
                        </td>
                        <td class="cell-with-media">
                          <img alt="" src="img/company3.png" style="height: 25px;"><span>MailChimp Services</span>
                        </td>
                        <td class="text-center">
                          <a class="badge badge-warning" href="">Software</a>
                        </td>
                        <td class="text-right bolder nowrap">
                          <span class="text-danger">- 320.00 USD</span>
                        </td>
                      </tr><tr>
                        <td class="nowrap">
                          <span class="status-pill smaller green"></span><span>Complete</span>
                        </td>
                        <td>
                          <span>Today</span><span class="smaller lighter">1:52am</span>
                        </td>
                        <td class="cell-with-media">
                          <img alt="" src="img/company1.png" style="height: 25px;"><span>Starbucks coffee</span>
                        </td>
                        <td class="text-center">
                          <a class="badge badge-success" href="">Restaurant / Cafe</a>
                        </td>
                        <td class="text-right bolder nowrap">
                          <span class="text-success">+ 1,250.00 USD</span>
                        </td>
                      </tr>
                      <tr>
                        <td class="nowrap">
                          <span class="status-pill smaller yellow"></span><span>Pending</span>
                        </td>
                        <td>
                          <span>Jan 23rd</span><span class="smaller lighter">2:7pm</span>
                        </td>
                        <td class="cell-with-media">
                          <img alt="" src="img/company6.png" style="height: 25px;"><span>Shopify product</span>
                        </td>
                        <td class="text-center">
                          <a class="badge badge-primary" href="">Shopping</a>
                        </td>
                        <td class="text-right bolder nowrap">
                          <span class="text-success">+ 17.99 USD</span>
                        </td>
                      </tr><tr>
                        <td class="nowrap">
                          <span class="status-pill smaller yellow"></span><span>Pending</span>
                        </td>
                        <td>
                          <span>Jan 9th</span><span class="smaller lighter">7:45pm</span>
                        </td>
                        <td class="cell-with-media">
                          <img alt="" src="img/company7.png" style="height: 25px;"><span> Templates Inc</span>
                        </td>
                        <td class="text-center">
                          <a class="badge badge-primary" href="">Business</a>
                        </td>
                        <td class="text-right bolder nowrap">
                          <span class="text-success">+ 340.00 USD</span>
                        </td>
                      </tr><tr>
                        <td class="nowrap">
                          <span class="status-pill smaller red"></span><span>Declined</span>
                        </td>
                        <td>
                          <span>Jan 19th</span><span class="smaller lighter">3:22pm</span>
                        </td>
                        <td class="cell-with-media">
                          <img alt="" src="img/company2.png" style="height: 25px;"><span>Stripe Payment Processing</span>
                        </td>
                        <td class="text-center">
                          <a class="badge badge-danger" href="">Finance</a>
                        </td>
                        <td class="text-right bolder nowrap">
                          <span class="text-success">+ 952.23 USD</span>
                        </td>
                      </tr>
                      
                      
                      
                      
                    </tbody>
                  </table>],
expected [true] but found [false]
at testcases.AIHackathon.TraditionalTests.Dynamic_Content_Test(TraditionalTests.java:180)
at java.util.concurrent.FutureTask.run(FutureTask.java:266)
at java.util.concurrent.ThreadPoolExecutor.runWorker(ThreadPoolExecutor.java:1149)
at java.util.concurrent.ThreadPoolExecutor$Worker.run(ThreadPoolExecutor.java:624)
at java.lang.Thread.run(Thread.java:748)
... Removed 17 stack frames]]>
    </failure>
  </testcase> <!-- Dynamic_Content_Test -->
</testsuite> <!-- Tradition Test for Applitools AI HackathonV2 -->
