<?xml version="1.0" encoding="UTF-8"?>
<!-- Generated by org.testng.reporters.JUnitXMLReporter -->
<testsuite hostname="05659A-GUSER2" ignored="0" name="Tradition Test for Applitools AI Hackathon" tests="8" failures="2" timestamp="15 Nov 2019 06:55:30 GMT" time="386.365" errors="0">
  <testcase name="@AfterClass afterClass" time="0.114" classname="utilities.AIHackathon.PageInitialize_AIHackathon">
    <failure type="java.lang.NullPointerException">
      <![CDATA[java.lang.NullPointerException
at utilities.AIHackathon.PageInitialize_AIHackathon.afterClass(PageInitialize_AIHackathon.java:95)
at java.util.concurrent.FutureTask.run(FutureTask.java:266)
at java.util.concurrent.ThreadPoolExecutor.runWorker(ThreadPoolExecutor.java:1149)
at java.util.concurrent.ThreadPoolExecutor$Worker.run(ThreadPoolExecutor.java:624)
at java.lang.Thread.run(Thread.java:748)
... Removed 17 stack frames]]>
    </failure>
  </testcase> <!-- @AfterClass afterClass -->
  <testcase name="Login_Page_UI_Elements_Test" time="157.776" classname="testcases.AIHackathon.TraditionalTests"/>
  <testcase name="Data_Driven_Test" time="43.197" classname="testcases.AIHackathon.TraditionalTests"/>
  <testcase name="Data_Driven_Test" time="44.738" classname="testcases.AIHackathon.TraditionalTests"/>
  <testcase name="Data_Driven_Test" time="42.586" classname="testcases.AIHackathon.TraditionalTests"/>
  <testcase name="Data_Driven_Test" time="41.734" classname="testcases.AIHackathon.TraditionalTests"/>
  <testcase name="Table_Sort_Test" time="13.853" classname="testcases.AIHackathon.TraditionalTests">
    <failure type="java.lang.AssertionError" message="The following asserts failed:
	expected [&amp;lt;table id=&amp;quot;transactionsTable&amp;quot; class=&amp;quot;table table-padded&amp;quot;&amp;gt;
                    &amp;lt;thead&amp;gt;
                      &amp;lt;tr&amp;gt;
                        &amp;lt;th id=&amp;quot;status&amp;quot; onclick=&amp;quot;sortTable(0)&amp;quot; onmouseover=&amp;quot;&amp;quot; style=&amp;quot;cursor: pointer;&amp;quot;&amp;gt;
                          Status
                        &amp;lt;/th&amp;gt;
                        &amp;lt;th id=&amp;quot;date&amp;quot; onclick=&amp;quot;sortTable(1)&amp;quot; onmouseover=&amp;quot;&amp;quot; style=&amp;quot;cursor: pointer;&amp;quot;&amp;gt;
                          Date
                        &amp;lt;/th&amp;gt;
                        &amp;lt;th id=&amp;quot;description&amp;quot; onclick=&amp;quot;sortTable(2)&amp;quot; onmouseover=&amp;quot;&amp;quot; style=&amp;quot;cursor: pointer;&amp;quot;&amp;gt;
                          Description
                        &amp;lt;/th&amp;gt;
                        &amp;lt;th id=&amp;quot;category&amp;quot; onclick=&amp;quot;sortTable(3)&amp;quot; class=&amp;quot;text-center&amp;quot; onmouseover=&amp;quot;&amp;quot; style=&amp;quot;cursor: pointer;&amp;quot;&amp;gt;
                          Category
                        &amp;lt;/th&amp;gt;
                        &amp;lt;th id=&amp;quot;amount&amp;quot; onclick=&amp;quot;sortTable(4)&amp;quot; class=&amp;quot;text-right&amp;quot; onmouseover=&amp;quot;&amp;quot; style=&amp;quot;cursor: pointer;&amp;quot;&amp;gt;
                          Amount
                        &amp;lt;/th&amp;gt;
                      &amp;lt;/tr&amp;gt;
                    &amp;lt;/thead&amp;gt;
                    &amp;lt;tbody&amp;gt;
                      &amp;lt;tr&amp;gt;
                        &amp;lt;td class=&amp;quot;nowrap&amp;quot;&amp;gt;
                          &amp;lt;span class=&amp;quot;status-pill smaller yellow&amp;quot;&amp;gt;&amp;lt;/span&amp;gt;&amp;lt;span&amp;gt;Pending&amp;lt;/span&amp;gt;
                        &amp;lt;/td&amp;gt;
                        &amp;lt;td&amp;gt;
                          &amp;lt;span&amp;gt;Yesterday&amp;lt;/span&amp;gt;&amp;lt;span class=&amp;quot;smaller lighter&amp;quot;&amp;gt;7:45am&amp;lt;/span&amp;gt;
                        &amp;lt;/td&amp;gt;
                        &amp;lt;td class=&amp;quot;cell-with-media&amp;quot;&amp;gt;
                          &amp;lt;img alt=&amp;quot;&amp;quot; src=&amp;quot;img/company3.png&amp;quot; style=&amp;quot;height: 25px;&amp;quot;&amp;gt;&amp;lt;span&amp;gt;MailChimp Services&amp;lt;/span&amp;gt;
                        &amp;lt;/td&amp;gt;
                        &amp;lt;td class=&amp;quot;text-center&amp;quot;&amp;gt;
                          &amp;lt;a class=&amp;quot;badge badge-warning&amp;quot; href=&amp;quot;&amp;quot;&amp;gt;Software&amp;lt;/a&amp;gt;
                        &amp;lt;/td&amp;gt;
                        &amp;lt;td class=&amp;quot;text-right bolder nowrap&amp;quot;&amp;gt;
                          &amp;lt;span class=&amp;quot;text-danger&amp;quot;&amp;gt;- 320.00 USD&amp;lt;/span&amp;gt;
                        &amp;lt;/td&amp;gt;
                      &amp;lt;/tr&amp;gt;&amp;lt;tr&amp;gt;
                        &amp;lt;td class=&amp;quot;nowrap&amp;quot;&amp;gt;
                          &amp;lt;span class=&amp;quot;status-pill smaller green&amp;quot;&amp;gt;&amp;lt;/span&amp;gt;&amp;lt;span&amp;gt;Complete&amp;lt;/span&amp;gt;
                        &amp;lt;/td&amp;gt;
                        &amp;lt;td&amp;gt;
                          &amp;lt;span&amp;gt;Jan 7th&amp;lt;/span&amp;gt;&amp;lt;span class=&amp;quot;smaller lighter&amp;quot;&amp;gt;9:51am&amp;lt;/span&amp;gt;
                        &amp;lt;/td&amp;gt;
                        &amp;lt;td class=&amp;quot;cell-with-media&amp;quot;&amp;gt;
                          &amp;lt;img alt=&amp;quot;&amp;quot; src=&amp;quot;img/company4.png&amp;quot; style=&amp;quot;height: 25px;&amp;quot;&amp;gt;&amp;lt;span&amp;gt;Ebay Marketplace&amp;lt;/span&amp;gt;
                        &amp;lt;/td&amp;gt;
                        &amp;lt;td class=&amp;quot;text-center&amp;quot;&amp;gt;
                          &amp;lt;a class=&amp;quot;badge badge-danger&amp;quot; href=&amp;quot;&amp;quot;&amp;gt;Ecommerce&amp;lt;/a&amp;gt;
                        &amp;lt;/td&amp;gt;
                        &amp;lt;td class=&amp;quot;text-right bolder nowrap&amp;quot;&amp;gt;
                          &amp;lt;span class=&amp;quot;text-danger&amp;quot;&amp;gt;- 244.00 USD&amp;lt;/span&amp;gt;
                        &amp;lt;/td&amp;gt;
                      &amp;lt;/tr&amp;gt;&amp;lt;tr&amp;gt;
                        &amp;lt;td class=&amp;quot;nowrap&amp;quot;&amp;gt;
                          &amp;lt;span class=&amp;quot;status-pill smaller yellow&amp;quot;&amp;gt;&amp;lt;/span&amp;gt;&amp;lt;span&amp;gt;Pending&amp;lt;/span&amp;gt;
                        &amp;lt;/td&amp;gt;
                        &amp;lt;td&amp;gt;
                          &amp;lt;span&amp;gt;Jan 23rd&amp;lt;/span&amp;gt;&amp;lt;span class=&amp;quot;smaller lighter&amp;quot;&amp;gt;2:7pm&amp;lt;/span&amp;gt;
                        &amp;lt;/td&amp;gt;
                        &amp;lt;td class=&amp;quot;cell-with-media&amp;quot;&amp;gt;
                          &amp;lt;img alt=&amp;quot;&amp;quot; src=&amp;quot;img/company6.png&amp;quot; style=&amp;quot;height: 25px;&amp;quot;&amp;gt;&amp;lt;span&amp;gt;Shopify product&amp;lt;/span&amp;gt;
                        &amp;lt;/td&amp;gt;
                        &amp;lt;td class=&amp;quot;text-center&amp;quot;&amp;gt;
                          &amp;lt;a class=&amp;quot;badge badge-primary&amp;quot; href=&amp;quot;&amp;quot;&amp;gt;Shopping&amp;lt;/a&amp;gt;
                        &amp;lt;/td&amp;gt;
                        &amp;lt;td class=&amp;quot;text-right bolder nowrap&amp;quot;&amp;gt;
                          &amp;lt;span class=&amp;quot;text-success&amp;quot;&amp;gt;+ 17.99 USD&amp;lt;/span&amp;gt;
                        &amp;lt;/td&amp;gt;
                      &amp;lt;/tr&amp;gt;&amp;lt;tr&amp;gt;
                        &amp;lt;td class=&amp;quot;nowrap&amp;quot;&amp;gt;
                          &amp;lt;span class=&amp;quot;status-pill smaller yellow&amp;quot;&amp;gt;&amp;lt;/span&amp;gt;&amp;lt;span&amp;gt;Pending&amp;lt;/span&amp;gt;
                        &amp;lt;/td&amp;gt;
                        &amp;lt;td&amp;gt;
                          &amp;lt;span&amp;gt;Jan 9th&amp;lt;/span&amp;gt;&amp;lt;span class=&amp;quot;smaller lighter&amp;quot;&amp;gt;7:45pm&amp;lt;/span&amp;gt;
                        &amp;lt;/td&amp;gt;
                        &amp;lt;td class=&amp;quot;cell-with-media&amp;quot;&amp;gt;
                          &amp;lt;img alt=&amp;quot;&amp;quot; src=&amp;quot;img/company7.png&amp;quot; style=&amp;quot;height: 25px;&amp;quot;&amp;gt;&amp;lt;span&amp;gt; Templates Inc&amp;lt;/span&amp;gt;
                        &amp;lt;/td&amp;gt;
                        &amp;lt;td class=&amp;quot;text-center&amp;quot;&amp;gt;
                          &amp;lt;a class=&amp;quot;badge badge-primary&amp;quot; href=&amp;quot;&amp;quot;&amp;gt;Business&amp;lt;/a&amp;gt;
                        &amp;lt;/td&amp;gt;
                        &amp;lt;td class=&amp;quot;text-right bolder nowrap&amp;quot;&amp;gt;
                          &amp;lt;span class=&amp;quot;text-success&amp;quot;&amp;gt;+ 340.00 USD&amp;lt;/span&amp;gt;
                        &amp;lt;/td&amp;gt;
                      &amp;lt;/tr&amp;gt;&amp;lt;tr&amp;gt;
                        &amp;lt;td class=&amp;quot;nowrap&amp;quot;&amp;gt;
                          &amp;lt;span class=&amp;quot;status-pill smaller red&amp;quot;&amp;gt;&amp;lt;/span&amp;gt;&amp;lt;span&amp;gt;Declined&amp;lt;/span&amp;gt;
                        &amp;lt;/td&amp;gt;
                        &amp;lt;td&amp;gt;
                          &amp;lt;span&amp;gt;Jan 19th&amp;lt;/span&amp;gt;&amp;lt;span class=&amp;quot;smaller lighter&amp;quot;&amp;gt;3:22pm&amp;lt;/span&amp;gt;
                        &amp;lt;/td&amp;gt;
                        &amp;lt;td class=&amp;quot;cell-with-media&amp;quot;&amp;gt;
                          &amp;lt;img alt=&amp;quot;&amp;quot; src=&amp;quot;img/company2.png&amp;quot; style=&amp;quot;height: 25px;&amp;quot;&amp;gt;&amp;lt;span&amp;gt;Stripe Payment Processing&amp;lt;/span&amp;gt;
                        &amp;lt;/td&amp;gt;
                        &amp;lt;td class=&amp;quot;text-center&amp;quot;&amp;gt;
                          &amp;lt;a class=&amp;quot;badge badge-danger&amp;quot; href=&amp;quot;&amp;quot;&amp;gt;Finance&amp;lt;/a&amp;gt;
                        &amp;lt;/td&amp;gt;
                        &amp;lt;td class=&amp;quot;text-right bolder nowrap&amp;quot;&amp;gt;
                          &amp;lt;span class=&amp;quot;text-success&amp;quot;&amp;gt;+ 952.23 USD&amp;lt;/span&amp;gt;
                        &amp;lt;/td&amp;gt;
                      &amp;lt;/tr&amp;gt;&amp;lt;tr&amp;gt;
                        &amp;lt;td class=&amp;quot;nowrap&amp;quot;&amp;gt;
                          &amp;lt;span class=&amp;quot;status-pill smaller green&amp;quot;&amp;gt;&amp;lt;/span&amp;gt;&amp;lt;span&amp;gt;Complete&amp;lt;/span&amp;gt;
                        &amp;lt;/td&amp;gt;
                        &amp;lt;td&amp;gt;
                          &amp;lt;span&amp;gt;Today&amp;lt;/span&amp;gt;&amp;lt;span class=&amp;quot;smaller lighter&amp;quot;&amp;gt;1:52am&amp;lt;/span&amp;gt;
                        &amp;lt;/td&amp;gt;
                        &amp;lt;td class=&amp;quot;cell-with-media&amp;quot;&amp;gt;
                          &amp;lt;img alt=&amp;quot;&amp;quot; src=&amp;quot;img/company1.png&amp;quot; style=&amp;quot;height: 25px;&amp;quot;&amp;gt;&amp;lt;span&amp;gt;Starbucks coffee&amp;lt;/span&amp;gt;
                        &amp;lt;/td&amp;gt;
                        &amp;lt;td class=&amp;quot;text-center&amp;quot;&amp;gt;
                          &amp;lt;a class=&amp;quot;badge badge-success&amp;quot; href=&amp;quot;&amp;quot;&amp;gt;Restaurant / Cafe&amp;lt;/a&amp;gt;
                        &amp;lt;/td&amp;gt;
                        &amp;lt;td class=&amp;quot;text-right bolder nowrap&amp;quot;&amp;gt;
                          &amp;lt;span class=&amp;quot;text-success&amp;quot;&amp;gt;+ 1,250.00 USD&amp;lt;/span&amp;gt;
                        &amp;lt;/td&amp;gt;
                      &amp;lt;/tr&amp;gt;
                      
                      
                      
                      
                      
                    &amp;lt;/tbody&amp;gt;
                  &amp;lt;/table&amp;gt;] but found [&amp;lt;table id=&amp;quot;transactionsTable&amp;quot; class=&amp;quot;table table-padded&amp;quot;&amp;gt;
                    &amp;lt;thead&amp;gt;
                      &amp;lt;tr&amp;gt;
                        &amp;lt;th id=&amp;quot;status&amp;quot; onclick=&amp;quot;sortTable(0)&amp;quot; onmouseover=&amp;quot;&amp;quot; style=&amp;quot;cursor: pointer;&amp;quot;&amp;gt;
                          Status
                        &amp;lt;/th&amp;gt;
                        &amp;lt;th id=&amp;quot;date&amp;quot; onclick=&amp;quot;sortTable(1)&amp;quot; onmouseover=&amp;quot;&amp;quot; style=&amp;quot;cursor: pointer;&amp;quot;&amp;gt;
                          Date
                        &amp;lt;/th&amp;gt;
                        &amp;lt;th id=&amp;quot;description&amp;quot; onclick=&amp;quot;sortTable(2)&amp;quot; onmouseover=&amp;quot;&amp;quot; style=&amp;quot;cursor: pointer;&amp;quot;&amp;gt;
                          Description
                        &amp;lt;/th&amp;gt;
                        &amp;lt;th id=&amp;quot;category&amp;quot; onclick=&amp;quot;sortTable(3)&amp;quot; class=&amp;quot;text-center&amp;quot; onmouseover=&amp;quot;&amp;quot; style=&amp;quot;cursor: pointer;&amp;quot;&amp;gt;
                          Category
                        &amp;lt;/th&amp;gt;
                        &amp;lt;th id=&amp;quot;amount&amp;quot; onclick=&amp;quot;sortTable(4)&amp;quot; class=&amp;quot;text-right&amp;quot; onmouseover=&amp;quot;&amp;quot; style=&amp;quot;cursor: pointer;&amp;quot;&amp;gt;
                          Amount
                        &amp;lt;/th&amp;gt;
                      &amp;lt;/tr&amp;gt;
                    &amp;lt;/thead&amp;gt;
                    &amp;lt;tbody&amp;gt;
                      &amp;lt;tr&amp;gt;
                        &amp;lt;td class=&amp;quot;nowrap&amp;quot;&amp;gt;
                          &amp;lt;span class=&amp;quot;status-pill smaller green&amp;quot;&amp;gt;&amp;lt;/span&amp;gt;&amp;lt;span&amp;gt;Complete&amp;lt;/span&amp;gt;
                        &amp;lt;/td&amp;gt;
                        &amp;lt;td&amp;gt;
                          &amp;lt;span&amp;gt;Today&amp;lt;/span&amp;gt;&amp;lt;span class=&amp;quot;smaller lighter&amp;quot;&amp;gt;1:52am&amp;lt;/span&amp;gt;
                        &amp;lt;/td&amp;gt;
                        &amp;lt;td class=&amp;quot;cell-with-media&amp;quot;&amp;gt;
                          &amp;lt;img alt=&amp;quot;&amp;quot; src=&amp;quot;img/company1.png&amp;quot; style=&amp;quot;height: 25px;&amp;quot;&amp;gt;&amp;lt;span&amp;gt;Starbucks coffee&amp;lt;/span&amp;gt;
                        &amp;lt;/td&amp;gt;
                        &amp;lt;td class=&amp;quot;text-center&amp;quot;&amp;gt;
                          &amp;lt;a class=&amp;quot;badge badge-success&amp;quot; href=&amp;quot;&amp;quot;&amp;gt;Restaurant / Cafe&amp;lt;/a&amp;gt;
                        &amp;lt;/td&amp;gt;
                        &amp;lt;td class=&amp;quot;text-right bolder nowrap&amp;quot;&amp;gt;
                          &amp;lt;span class=&amp;quot;text-success&amp;quot;&amp;gt;+ 1,250.00 USD&amp;lt;/span&amp;gt;
                        &amp;lt;/td&amp;gt;
                      &amp;lt;/tr&amp;gt;
                      &amp;lt;tr&amp;gt;
                        &amp;lt;td class=&amp;quot;nowrap&amp;quot;&amp;gt;
                          &amp;lt;span class=&amp;quot;status-pill smaller red&amp;quot;&amp;gt;&amp;lt;/span&amp;gt;&amp;lt;span&amp;gt;Declined&amp;lt;/span&amp;gt;
                        &amp;lt;/td&amp;gt;
                        &amp;lt;td&amp;gt;
                          &amp;lt;span&amp;gt;Jan 19th&amp;lt;/span&amp;gt;&amp;lt;span class=&amp;quot;smaller lighter&amp;quot;&amp;gt;3:22pm&amp;lt;/span&amp;gt;
                        &amp;lt;/td&amp;gt;
                        &amp;lt;td class=&amp;quot;cell-with-media&amp;quot;&amp;gt;
                          &amp;lt;img alt=&amp;quot;&amp;quot; src=&amp;quot;img/company2.png&amp;quot; style=&amp;quot;height: 25px;&amp;quot;&amp;gt;&amp;lt;span&amp;gt;Stripe Payment Processing&amp;lt;/span&amp;gt;
                        &amp;lt;/td&amp;gt;
                        &amp;lt;td class=&amp;quot;text-center&amp;quot;&amp;gt;
                          &amp;lt;a class=&amp;quot;badge badge-danger&amp;quot; href=&amp;quot;&amp;quot;&amp;gt;Finance&amp;lt;/a&amp;gt;
                        &amp;lt;/td&amp;gt;
                        &amp;lt;td class=&amp;quot;text-right bolder nowrap&amp;quot;&amp;gt;
                          &amp;lt;span class=&amp;quot;text-success&amp;quot;&amp;gt;+ 952.23 USD&amp;lt;/span&amp;gt;
                        &amp;lt;/td&amp;gt;
                      &amp;lt;/tr&amp;gt;
                      &amp;lt;tr&amp;gt;
                        &amp;lt;td class=&amp;quot;nowrap&amp;quot;&amp;gt;
                          &amp;lt;span class=&amp;quot;status-pill smaller yellow&amp;quot;&amp;gt;&amp;lt;/span&amp;gt;&amp;lt;span&amp;gt;Pending&amp;lt;/span&amp;gt;
                        &amp;lt;/td&amp;gt;
                        &amp;lt;td&amp;gt;
                          &amp;lt;span&amp;gt;Yesterday&amp;lt;/span&amp;gt;&amp;lt;span class=&amp;quot;smaller lighter&amp;quot;&amp;gt;7:45am&amp;lt;/span&amp;gt;
                        &amp;lt;/td&amp;gt;
                        &amp;lt;td class=&amp;quot;cell-with-media&amp;quot;&amp;gt;
                          &amp;lt;img alt=&amp;quot;&amp;quot; src=&amp;quot;img/company3.png&amp;quot; style=&amp;quot;height: 25px;&amp;quot;&amp;gt;&amp;lt;span&amp;gt;MailChimp Services&amp;lt;/span&amp;gt;
                        &amp;lt;/td&amp;gt;
                        &amp;lt;td class=&amp;quot;text-center&amp;quot;&amp;gt;
                          &amp;lt;a class=&amp;quot;badge badge-warning&amp;quot; href=&amp;quot;&amp;quot;&amp;gt;Software&amp;lt;/a&amp;gt;
                        &amp;lt;/td&amp;gt;
                        &amp;lt;td class=&amp;quot;text-right bolder nowrap&amp;quot;&amp;gt;
                          &amp;lt;span class=&amp;quot;text-danger&amp;quot;&amp;gt;- 320.00 USD&amp;lt;/span&amp;gt;
                        &amp;lt;/td&amp;gt;
                      &amp;lt;/tr&amp;gt;
                      &amp;lt;tr&amp;gt;
                        &amp;lt;td class=&amp;quot;nowrap&amp;quot;&amp;gt;
                          &amp;lt;span class=&amp;quot;status-pill smaller yellow&amp;quot;&amp;gt;&amp;lt;/span&amp;gt;&amp;lt;span&amp;gt;Pending&amp;lt;/span&amp;gt;
                        &amp;lt;/td&amp;gt;
                        &amp;lt;td&amp;gt;
                          &amp;lt;span&amp;gt;Jan 23rd&amp;lt;/span&amp;gt;&amp;lt;span class=&amp;quot;smaller lighter&amp;quot;&amp;gt;2:7pm&amp;lt;/span&amp;gt;
                        &amp;lt;/td&amp;gt;
                        &amp;lt;td class=&amp;quot;cell-with-media&amp;quot;&amp;gt;
                          &amp;lt;img alt=&amp;quot;&amp;quot; src=&amp;quot;img/company6.png&amp;quot; style=&amp;quot;height: 25px;&amp;quot;&amp;gt;&amp;lt;span&amp;gt;Shopify product&amp;lt;/span&amp;gt;
                        &amp;lt;/td&amp;gt;
                        &amp;lt;td class=&amp;quot;text-center&amp;quot;&amp;gt;
                          &amp;lt;a class=&amp;quot;badge badge-primary&amp;quot; href=&amp;quot;&amp;quot;&amp;gt;Shopping&amp;lt;/a&amp;gt;
                        &amp;lt;/td&amp;gt;
                        &amp;lt;td class=&amp;quot;text-right bolder nowrap&amp;quot;&amp;gt;
                          &amp;lt;span class=&amp;quot;text-success&amp;quot;&amp;gt;+ 17.99 USD&amp;lt;/span&amp;gt;
                        &amp;lt;/td&amp;gt;
                      &amp;lt;/tr&amp;gt;
                      &amp;lt;tr&amp;gt;
                        &amp;lt;td class=&amp;quot;nowrap&amp;quot;&amp;gt;
                          &amp;lt;span class=&amp;quot;status-pill smaller green&amp;quot;&amp;gt;&amp;lt;/span&amp;gt;&amp;lt;span&amp;gt;Complete&amp;lt;/span&amp;gt;
                        &amp;lt;/td&amp;gt;
                        &amp;lt;td&amp;gt;
                          &amp;lt;span&amp;gt;Jan 7th&amp;lt;/span&amp;gt;&amp;lt;span class=&amp;quot;smaller lighter&amp;quot;&amp;gt;9:51am&amp;lt;/span&amp;gt;
                        &amp;lt;/td&amp;gt;
                        &amp;lt;td class=&amp;quot;cell-with-media&amp;quot;&amp;gt;
                          &amp;lt;img alt=&amp;quot;&amp;quot; src=&amp;quot;img/company4.png&amp;quot; style=&amp;quot;height: 25px;&amp;quot;&amp;gt;&amp;lt;span&amp;gt;Ebay Marketplace&amp;lt;/span&amp;gt;
                        &amp;lt;/td&amp;gt;
                        &amp;lt;td class=&amp;quot;text-center&amp;quot;&amp;gt;
                          &amp;lt;a class=&amp;quot;badge badge-danger&amp;quot; href=&amp;quot;&amp;quot;&amp;gt;Ecommerce&amp;lt;/a&amp;gt;
                        &amp;lt;/td&amp;gt;
                        &amp;lt;td class=&amp;quot;text-right bolder nowrap&amp;quot;&amp;gt;
                          &amp;lt;span class=&amp;quot;text-danger&amp;quot;&amp;gt;- 244.00 USD&amp;lt;/span&amp;gt;
                        &amp;lt;/td&amp;gt;
                      &amp;lt;/tr&amp;gt;
                      &amp;lt;tr&amp;gt;
                        &amp;lt;td class=&amp;quot;nowrap&amp;quot;&amp;gt;
                          &amp;lt;span class=&amp;quot;status-pill smaller yellow&amp;quot;&amp;gt;&amp;lt;/span&amp;gt;&amp;lt;span&amp;gt;Pending&amp;lt;/span&amp;gt;
                        &amp;lt;/td&amp;gt;
                        &amp;lt;td&amp;gt;
                          &amp;lt;span&amp;gt;Jan 9th&amp;lt;/span&amp;gt;&amp;lt;span class=&amp;quot;smaller lighter&amp;quot;&amp;gt;7:45pm&amp;lt;/span&amp;gt;
                        &amp;lt;/td&amp;gt;
                        &amp;lt;td class=&amp;quot;cell-with-media&amp;quot;&amp;gt;
                          &amp;lt;img alt=&amp;quot;&amp;quot; src=&amp;quot;img/company7.png&amp;quot; style=&amp;quot;height: 25px;&amp;quot;&amp;gt;&amp;lt;span&amp;gt; Templates Inc&amp;lt;/span&amp;gt;
                        &amp;lt;/td&amp;gt;
                        &amp;lt;td class=&amp;quot;text-center&amp;quot;&amp;gt;
                          &amp;lt;a class=&amp;quot;badge badge-primary&amp;quot; href=&amp;quot;&amp;quot;&amp;gt;Business&amp;lt;/a&amp;gt;
                        &amp;lt;/td&amp;gt;
                        &amp;lt;td class=&amp;quot;text-right bolder nowrap&amp;quot;&amp;gt;
                          &amp;lt;span class=&amp;quot;text-success&amp;quot;&amp;gt;+ 340.00 USD&amp;lt;/span&amp;gt;
                        &amp;lt;/td&amp;gt;
                      &amp;lt;/tr&amp;gt;
                    &amp;lt;/tbody&amp;gt;
                  &amp;lt;/table&amp;gt;]">
      <![CDATA[java.lang.AssertionError: The following asserts failed:
expected [<table id="transactionsTable" class="table table-padded">
                    <thead>
                      <tr>
                        <th id="status" onclick="sortTable(0)" onmouseover="" style="cursor: pointer;">
                          Status
                        </th>
                        <th id="date" onclick="sortTable(1)" onmouseover="" style="cursor: pointer;">
                          Date
                        </th>
                        <th id="description" onclick="sortTable(2)" onmouseover="" style="cursor: pointer;">
                          Description
                        </th>
                        <th id="category" onclick="sortTable(3)" class="text-center" onmouseover="" style="cursor: pointer;">
                          Category
                        </th>
                        <th id="amount" onclick="sortTable(4)" class="text-right" onmouseover="" style="cursor: pointer;">
                          Amount
                        </th>
                      </tr>
                    </thead>
                    <tbody>
                      <tr>
                        <td class="nowrap">
                          <span class="status-pill smaller yellow"></span><span>Pending</span>
                        </td>
                        <td>
                          <span>Yesterday</span><span class="smaller lighter">7:45am</span>
                        </td>
                        <td class="cell-with-media">
                          <img alt="" src="img/company3.png" style="height: 25px;"><span>MailChimp Services</span>
                        </td>
                        <td class="text-center">
                          <a class="badge badge-warning" href="">Software</a>
                        </td>
                        <td class="text-right bolder nowrap">
                          <span class="text-danger">- 320.00 USD</span>
                        </td>
                      </tr><tr>
                        <td class="nowrap">
                          <span class="status-pill smaller green"></span><span>Complete</span>
                        </td>
                        <td>
                          <span>Jan 7th</span><span class="smaller lighter">9:51am</span>
                        </td>
                        <td class="cell-with-media">
                          <img alt="" src="img/company4.png" style="height: 25px;"><span>Ebay Marketplace</span>
                        </td>
                        <td class="text-center">
                          <a class="badge badge-danger" href="">Ecommerce</a>
                        </td>
                        <td class="text-right bolder nowrap">
                          <span class="text-danger">- 244.00 USD</span>
                        </td>
                      </tr><tr>
                        <td class="nowrap">
                          <span class="status-pill smaller yellow"></span><span>Pending</span>
                        </td>
                        <td>
                          <span>Jan 23rd</span><span class="smaller lighter">2:7pm</span>
                        </td>
                        <td class="cell-with-media">
                          <img alt="" src="img/company6.png" style="height: 25px;"><span>Shopify product</span>
                        </td>
                        <td class="text-center">
                          <a class="badge badge-primary" href="">Shopping</a>
                        </td>
                        <td class="text-right bolder nowrap">
                          <span class="text-success">+ 17.99 USD</span>
                        </td>
                      </tr><tr>
                        <td class="nowrap">
                          <span class="status-pill smaller yellow"></span><span>Pending</span>
                        </td>
                        <td>
                          <span>Jan 9th</span><span class="smaller lighter">7:45pm</span>
                        </td>
                        <td class="cell-with-media">
                          <img alt="" src="img/company7.png" style="height: 25px;"><span> Templates Inc</span>
                        </td>
                        <td class="text-center">
                          <a class="badge badge-primary" href="">Business</a>
                        </td>
                        <td class="text-right bolder nowrap">
                          <span class="text-success">+ 340.00 USD</span>
                        </td>
                      </tr><tr>
                        <td class="nowrap">
                          <span class="status-pill smaller red"></span><span>Declined</span>
                        </td>
                        <td>
                          <span>Jan 19th</span><span class="smaller lighter">3:22pm</span>
                        </td>
                        <td class="cell-with-media">
                          <img alt="" src="img/company2.png" style="height: 25px;"><span>Stripe Payment Processing</span>
                        </td>
                        <td class="text-center">
                          <a class="badge badge-danger" href="">Finance</a>
                        </td>
                        <td class="text-right bolder nowrap">
                          <span class="text-success">+ 952.23 USD</span>
                        </td>
                      </tr><tr>
                        <td class="nowrap">
                          <span class="status-pill smaller green"></span><span>Complete</span>
                        </td>
                        <td>
                          <span>Today</span><span class="smaller lighter">1:52am</span>
                        </td>
                        <td class="cell-with-media">
                          <img alt="" src="img/company1.png" style="height: 25px;"><span>Starbucks coffee</span>
                        </td>
                        <td class="text-center">
                          <a class="badge badge-success" href="">Restaurant / Cafe</a>
                        </td>
                        <td class="text-right bolder nowrap">
                          <span class="text-success">+ 1,250.00 USD</span>
                        </td>
                      </tr>
                      
                      
                      
                      
                      
                    </tbody>
                  </table>] but found [<table id="transactionsTable" class="table table-padded">
                    <thead>
                      <tr>
                        <th id="status" onclick="sortTable(0)" onmouseover="" style="cursor: pointer;">
                          Status
                        </th>
                        <th id="date" onclick="sortTable(1)" onmouseover="" style="cursor: pointer;">
                          Date
                        </th>
                        <th id="description" onclick="sortTable(2)" onmouseover="" style="cursor: pointer;">
                          Description
                        </th>
                        <th id="category" onclick="sortTable(3)" class="text-center" onmouseover="" style="cursor: pointer;">
                          Category
                        </th>
                        <th id="amount" onclick="sortTable(4)" class="text-right" onmouseover="" style="cursor: pointer;">
                          Amount
                        </th>
                      </tr>
                    </thead>
                    <tbody>
                      <tr>
                        <td class="nowrap">
                          <span class="status-pill smaller green"></span><span>Complete</span>
                        </td>
                        <td>
                          <span>Today</span><span class="smaller lighter">1:52am</span>
                        </td>
                        <td class="cell-with-media">
                          <img alt="" src="img/company1.png" style="height: 25px;"><span>Starbucks coffee</span>
                        </td>
                        <td class="text-center">
                          <a class="badge badge-success" href="">Restaurant / Cafe</a>
                        </td>
                        <td class="text-right bolder nowrap">
                          <span class="text-success">+ 1,250.00 USD</span>
                        </td>
                      </tr>
                      <tr>
                        <td class="nowrap">
                          <span class="status-pill smaller red"></span><span>Declined</span>
                        </td>
                        <td>
                          <span>Jan 19th</span><span class="smaller lighter">3:22pm</span>
                        </td>
                        <td class="cell-with-media">
                          <img alt="" src="img/company2.png" style="height: 25px;"><span>Stripe Payment Processing</span>
                        </td>
                        <td class="text-center">
                          <a class="badge badge-danger" href="">Finance</a>
                        </td>
                        <td class="text-right bolder nowrap">
                          <span class="text-success">+ 952.23 USD</span>
                        </td>
                      </tr>
                      <tr>
                        <td class="nowrap">
                          <span class="status-pill smaller yellow"></span><span>Pending</span>
                        </td>
                        <td>
                          <span>Yesterday</span><span class="smaller lighter">7:45am</span>
                        </td>
                        <td class="cell-with-media">
                          <img alt="" src="img/company3.png" style="height: 25px;"><span>MailChimp Services</span>
                        </td>
                        <td class="text-center">
                          <a class="badge badge-warning" href="">Software</a>
                        </td>
                        <td class="text-right bolder nowrap">
                          <span class="text-danger">- 320.00 USD</span>
                        </td>
                      </tr>
                      <tr>
                        <td class="nowrap">
                          <span class="status-pill smaller yellow"></span><span>Pending</span>
                        </td>
                        <td>
                          <span>Jan 23rd</span><span class="smaller lighter">2:7pm</span>
                        </td>
                        <td class="cell-with-media">
                          <img alt="" src="img/company6.png" style="height: 25px;"><span>Shopify product</span>
                        </td>
                        <td class="text-center">
                          <a class="badge badge-primary" href="">Shopping</a>
                        </td>
                        <td class="text-right bolder nowrap">
                          <span class="text-success">+ 17.99 USD</span>
                        </td>
                      </tr>
                      <tr>
                        <td class="nowrap">
                          <span class="status-pill smaller green"></span><span>Complete</span>
                        </td>
                        <td>
                          <span>Jan 7th</span><span class="smaller lighter">9:51am</span>
                        </td>
                        <td class="cell-with-media">
                          <img alt="" src="img/company4.png" style="height: 25px;"><span>Ebay Marketplace</span>
                        </td>
                        <td class="text-center">
                          <a class="badge badge-danger" href="">Ecommerce</a>
                        </td>
                        <td class="text-right bolder nowrap">
                          <span class="text-danger">- 244.00 USD</span>
                        </td>
                      </tr>
                      <tr>
                        <td class="nowrap">
                          <span class="status-pill smaller yellow"></span><span>Pending</span>
                        </td>
                        <td>
                          <span>Jan 9th</span><span class="smaller lighter">7:45pm</span>
                        </td>
                        <td class="cell-with-media">
                          <img alt="" src="img/company7.png" style="height: 25px;"><span> Templates Inc</span>
                        </td>
                        <td class="text-center">
                          <a class="badge badge-primary" href="">Business</a>
                        </td>
                        <td class="text-right bolder nowrap">
                          <span class="text-success">+ 340.00 USD</span>
                        </td>
                      </tr>
                    </tbody>
                  </table>]
at testcases.AIHackathon.TraditionalTests.Table_Sort_Test(TraditionalTests.java:126)
at java.util.concurrent.FutureTask.run(FutureTask.java:266)
at java.util.concurrent.ThreadPoolExecutor.runWorker(ThreadPoolExecutor.java:1149)
at java.util.concurrent.ThreadPoolExecutor$Worker.run(ThreadPoolExecutor.java:624)
at java.lang.Thread.run(Thread.java:748)
... Removed 17 stack frames]]>
    </failure>
  </testcase> <!-- Table_Sort_Test -->
  <testcase name="Canvas_Chart_Test" time="7.268" classname="testcases.AIHackathon.TraditionalTests"/>
  <testcase name="Dynamic_Content_Test" time="30.594" classname="testcases.AIHackathon.TraditionalTests">
    <failure type="java.lang.AssertionError" message="The following asserts failed:
	expected [&amp;lt;table id=&amp;quot;transactionsTable&amp;quot; class=&amp;quot;table table-padded&amp;quot;&amp;gt;
                    &amp;lt;thead&amp;gt;
                      &amp;lt;tr&amp;gt;
                        &amp;lt;th id=&amp;quot;status&amp;quot; onclick=&amp;quot;sortTable(0)&amp;quot; onmouseover=&amp;quot;&amp;quot; style=&amp;quot;cursor: pointer;&amp;quot;&amp;gt;
                          Status
                        &amp;lt;/th&amp;gt;
                        &amp;lt;th id=&amp;quot;date&amp;quot; onclick=&amp;quot;sortTable(1)&amp;quot; onmouseover=&amp;quot;&amp;quot; style=&amp;quot;cursor: pointer;&amp;quot;&amp;gt;
                          Date
                        &amp;lt;/th&amp;gt;
                        &amp;lt;th id=&amp;quot;description&amp;quot; onclick=&amp;quot;sortTable(2)&amp;quot; onmouseover=&amp;quot;&amp;quot; style=&amp;quot;cursor: pointer;&amp;quot;&amp;gt;
                          Description
                        &amp;lt;/th&amp;gt;
                        &amp;lt;th id=&amp;quot;category&amp;quot; onclick=&amp;quot;sortTable(3)&amp;quot; class=&amp;quot;text-center&amp;quot; onmouseover=&amp;quot;&amp;quot; style=&amp;quot;cursor: pointer;&amp;quot;&amp;gt;
                          Category
                        &amp;lt;/th&amp;gt;
                        &amp;lt;th id=&amp;quot;amount&amp;quot; onclick=&amp;quot;sortTable(4)&amp;quot; class=&amp;quot;text-right&amp;quot; onmouseover=&amp;quot;&amp;quot; style=&amp;quot;cursor: pointer;&amp;quot;&amp;gt;
                          Amount
                        &amp;lt;/th&amp;gt;
                      &amp;lt;/tr&amp;gt;
                    &amp;lt;/thead&amp;gt;
                    &amp;lt;tbody&amp;gt;
                      &amp;lt;tr&amp;gt;
                        &amp;lt;td class=&amp;quot;nowrap&amp;quot;&amp;gt;
                          &amp;lt;span class=&amp;quot;status-pill smaller yellow&amp;quot;&amp;gt;&amp;lt;/span&amp;gt;&amp;lt;span&amp;gt;Pending&amp;lt;/span&amp;gt;
                        &amp;lt;/td&amp;gt;
                        &amp;lt;td&amp;gt;
                          &amp;lt;span&amp;gt;Yesterday&amp;lt;/span&amp;gt;&amp;lt;span class=&amp;quot;smaller lighter&amp;quot;&amp;gt;7:45am&amp;lt;/span&amp;gt;
                        &amp;lt;/td&amp;gt;
                        &amp;lt;td class=&amp;quot;cell-with-media&amp;quot;&amp;gt;
                          &amp;lt;img alt=&amp;quot;&amp;quot; src=&amp;quot;img/company3.png&amp;quot; style=&amp;quot;height: 25px;&amp;quot;&amp;gt;&amp;lt;span&amp;gt;MailChimp Services&amp;lt;/span&amp;gt;
                        &amp;lt;/td&amp;gt;
                        &amp;lt;td class=&amp;quot;text-center&amp;quot;&amp;gt;
                          &amp;lt;a class=&amp;quot;badge badge-warning&amp;quot; href=&amp;quot;&amp;quot;&amp;gt;Software&amp;lt;/a&amp;gt;
                        &amp;lt;/td&amp;gt;
                        &amp;lt;td class=&amp;quot;text-right bolder nowrap&amp;quot;&amp;gt;
                          &amp;lt;span class=&amp;quot;text-danger&amp;quot;&amp;gt;- 320.00 USD&amp;lt;/span&amp;gt;
                        &amp;lt;/td&amp;gt;
                      &amp;lt;/tr&amp;gt;&amp;lt;tr&amp;gt;
                        &amp;lt;td class=&amp;quot;nowrap&amp;quot;&amp;gt;
                          &amp;lt;span class=&amp;quot;status-pill smaller green&amp;quot;&amp;gt;&amp;lt;/span&amp;gt;&amp;lt;span&amp;gt;Complete&amp;lt;/span&amp;gt;
                        &amp;lt;/td&amp;gt;
                        &amp;lt;td&amp;gt;
                          &amp;lt;span&amp;gt;Jan 7th&amp;lt;/span&amp;gt;&amp;lt;span class=&amp;quot;smaller lighter&amp;quot;&amp;gt;9:51am&amp;lt;/span&amp;gt;
                        &amp;lt;/td&amp;gt;
                        &amp;lt;td class=&amp;quot;cell-with-media&amp;quot;&amp;gt;
                          &amp;lt;img alt=&amp;quot;&amp;quot; src=&amp;quot;img/company4.png&amp;quot; style=&amp;quot;height: 25px;&amp;quot;&amp;gt;&amp;lt;span&amp;gt;Ebay Marketplace&amp;lt;/span&amp;gt;
                        &amp;lt;/td&amp;gt;
                        &amp;lt;td class=&amp;quot;text-center&amp;quot;&amp;gt;
                          &amp;lt;a class=&amp;quot;badge badge-danger&amp;quot; href=&amp;quot;&amp;quot;&amp;gt;Ecommerce&amp;lt;/a&amp;gt;
                        &amp;lt;/td&amp;gt;
                        &amp;lt;td class=&amp;quot;text-right bolder nowrap&amp;quot;&amp;gt;
                          &amp;lt;span class=&amp;quot;text-danger&amp;quot;&amp;gt;- 244.00 USD&amp;lt;/span&amp;gt;
                        &amp;lt;/td&amp;gt;
                      &amp;lt;/tr&amp;gt;&amp;lt;tr&amp;gt;
                        &amp;lt;td class=&amp;quot;nowrap&amp;quot;&amp;gt;
                          &amp;lt;span class=&amp;quot;status-pill smaller yellow&amp;quot;&amp;gt;&amp;lt;/span&amp;gt;&amp;lt;span&amp;gt;Pending&amp;lt;/span&amp;gt;
                        &amp;lt;/td&amp;gt;
                        &amp;lt;td&amp;gt;
                          &amp;lt;span&amp;gt;Jan 23rd&amp;lt;/span&amp;gt;&amp;lt;span class=&amp;quot;smaller lighter&amp;quot;&amp;gt;2:7pm&amp;lt;/span&amp;gt;
                        &amp;lt;/td&amp;gt;
                        &amp;lt;td class=&amp;quot;cell-with-media&amp;quot;&amp;gt;
                          &amp;lt;img alt=&amp;quot;&amp;quot; src=&amp;quot;img/company6.png&amp;quot; style=&amp;quot;height: 25px;&amp;quot;&amp;gt;&amp;lt;span&amp;gt;Shopify product&amp;lt;/span&amp;gt;
                        &amp;lt;/td&amp;gt;
                        &amp;lt;td class=&amp;quot;text-center&amp;quot;&amp;gt;
                          &amp;lt;a class=&amp;quot;badge badge-primary&amp;quot; href=&amp;quot;&amp;quot;&amp;gt;Shopping&amp;lt;/a&amp;gt;
                        &amp;lt;/td&amp;gt;
                        &amp;lt;td class=&amp;quot;text-right bolder nowrap&amp;quot;&amp;gt;
                          &amp;lt;span class=&amp;quot;text-success&amp;quot;&amp;gt;+ 17.99 USD&amp;lt;/span&amp;gt;
                        &amp;lt;/td&amp;gt;
                      &amp;lt;/tr&amp;gt;&amp;lt;tr&amp;gt;
                        &amp;lt;td class=&amp;quot;nowrap&amp;quot;&amp;gt;
                          &amp;lt;span class=&amp;quot;status-pill smaller yellow&amp;quot;&amp;gt;&amp;lt;/span&amp;gt;&amp;lt;span&amp;gt;Pending&amp;lt;/span&amp;gt;
                        &amp;lt;/td&amp;gt;
                        &amp;lt;td&amp;gt;
                          &amp;lt;span&amp;gt;Jan 9th&amp;lt;/span&amp;gt;&amp;lt;span class=&amp;quot;smaller lighter&amp;quot;&amp;gt;7:45pm&amp;lt;/span&amp;gt;
                        &amp;lt;/td&amp;gt;
                        &amp;lt;td class=&amp;quot;cell-with-media&amp;quot;&amp;gt;
                          &amp;lt;img alt=&amp;quot;&amp;quot; src=&amp;quot;img/company7.png&amp;quot; style=&amp;quot;height: 25px;&amp;quot;&amp;gt;&amp;lt;span&amp;gt; Templates Inc&amp;lt;/span&amp;gt;
                        &amp;lt;/td&amp;gt;
                        &amp;lt;td class=&amp;quot;text-center&amp;quot;&amp;gt;
                          &amp;lt;a class=&amp;quot;badge badge-primary&amp;quot; href=&amp;quot;&amp;quot;&amp;gt;Business&amp;lt;/a&amp;gt;
                        &amp;lt;/td&amp;gt;
                        &amp;lt;td class=&amp;quot;text-right bolder nowrap&amp;quot;&amp;gt;
                          &amp;lt;span class=&amp;quot;text-success&amp;quot;&amp;gt;+ 340.00 USD&amp;lt;/span&amp;gt;
                        &amp;lt;/td&amp;gt;
                      &amp;lt;/tr&amp;gt;&amp;lt;tr&amp;gt;
                        &amp;lt;td class=&amp;quot;nowrap&amp;quot;&amp;gt;
                          &amp;lt;span class=&amp;quot;status-pill smaller red&amp;quot;&amp;gt;&amp;lt;/span&amp;gt;&amp;lt;span&amp;gt;Declined&amp;lt;/span&amp;gt;
                        &amp;lt;/td&amp;gt;
                        &amp;lt;td&amp;gt;
                          &amp;lt;span&amp;gt;Jan 19th&amp;lt;/span&amp;gt;&amp;lt;span class=&amp;quot;smaller lighter&amp;quot;&amp;gt;3:22pm&amp;lt;/span&amp;gt;
                        &amp;lt;/td&amp;gt;
                        &amp;lt;td class=&amp;quot;cell-with-media&amp;quot;&amp;gt;
                          &amp;lt;img alt=&amp;quot;&amp;quot; src=&amp;quot;img/company2.png&amp;quot; style=&amp;quot;height: 25px;&amp;quot;&amp;gt;&amp;lt;span&amp;gt;Stripe Payment Processing&amp;lt;/span&amp;gt;
                        &amp;lt;/td&amp;gt;
                        &amp;lt;td class=&amp;quot;text-center&amp;quot;&amp;gt;
                          &amp;lt;a class=&amp;quot;badge badge-danger&amp;quot; href=&amp;quot;&amp;quot;&amp;gt;Finance&amp;lt;/a&amp;gt;
                        &amp;lt;/td&amp;gt;
                        &amp;lt;td class=&amp;quot;text-right bolder nowrap&amp;quot;&amp;gt;
                          &amp;lt;span class=&amp;quot;text-success&amp;quot;&amp;gt;+ 952.23 USD&amp;lt;/span&amp;gt;
                        &amp;lt;/td&amp;gt;
                      &amp;lt;/tr&amp;gt;&amp;lt;tr&amp;gt;
                        &amp;lt;td class=&amp;quot;nowrap&amp;quot;&amp;gt;
                          &amp;lt;span class=&amp;quot;status-pill smaller green&amp;quot;&amp;gt;&amp;lt;/span&amp;gt;&amp;lt;span&amp;gt;Complete&amp;lt;/span&amp;gt;
                        &amp;lt;/td&amp;gt;
                        &amp;lt;td&amp;gt;
                          &amp;lt;span&amp;gt;Today&amp;lt;/span&amp;gt;&amp;lt;span class=&amp;quot;smaller lighter&amp;quot;&amp;gt;1:52am&amp;lt;/span&amp;gt;
                        &amp;lt;/td&amp;gt;
                        &amp;lt;td class=&amp;quot;cell-with-media&amp;quot;&amp;gt;
                          &amp;lt;img alt=&amp;quot;&amp;quot; src=&amp;quot;img/company1.png&amp;quot; style=&amp;quot;height: 25px;&amp;quot;&amp;gt;&amp;lt;span&amp;gt;Starbucks coffee&amp;lt;/span&amp;gt;
                        &amp;lt;/td&amp;gt;
                        &amp;lt;td class=&amp;quot;text-center&amp;quot;&amp;gt;
                          &amp;lt;a class=&amp;quot;badge badge-success&amp;quot; href=&amp;quot;&amp;quot;&amp;gt;Restaurant / Cafe&amp;lt;/a&amp;gt;
                        &amp;lt;/td&amp;gt;
                        &amp;lt;td class=&amp;quot;text-right bolder nowrap&amp;quot;&amp;gt;
                          &amp;lt;span class=&amp;quot;text-success&amp;quot;&amp;gt;+ 1,250.00 USD&amp;lt;/span&amp;gt;
                        &amp;lt;/td&amp;gt;
                      &amp;lt;/tr&amp;gt;
                      
                      
                      
                      
                      
                    &amp;lt;/tbody&amp;gt;
                  &amp;lt;/table&amp;gt;] but found [&amp;lt;table id=&amp;quot;transactionsTable&amp;quot; class=&amp;quot;table table-padded&amp;quot;&amp;gt;
                    &amp;lt;thead&amp;gt;
                      &amp;lt;tr&amp;gt;
                        &amp;lt;th id=&amp;quot;status&amp;quot; onclick=&amp;quot;sortTable(0)&amp;quot; onmouseover=&amp;quot;&amp;quot; style=&amp;quot;cursor: pointer;&amp;quot;&amp;gt;
                          Status
                        &amp;lt;/th&amp;gt;
                        &amp;lt;th id=&amp;quot;date&amp;quot; onclick=&amp;quot;sortTable(1)&amp;quot; onmouseover=&amp;quot;&amp;quot; style=&amp;quot;cursor: pointer;&amp;quot;&amp;gt;
                          Date
                        &amp;lt;/th&amp;gt;
                        &amp;lt;th id=&amp;quot;description&amp;quot; onclick=&amp;quot;sortTable(2)&amp;quot; onmouseover=&amp;quot;&amp;quot; style=&amp;quot;cursor: pointer;&amp;quot;&amp;gt;
                          Description
                        &amp;lt;/th&amp;gt;
                        &amp;lt;th id=&amp;quot;category&amp;quot; onclick=&amp;quot;sortTable(3)&amp;quot; class=&amp;quot;text-center&amp;quot; onmouseover=&amp;quot;&amp;quot; style=&amp;quot;cursor: pointer;&amp;quot;&amp;gt;
                          Category
                        &amp;lt;/th&amp;gt;
                        &amp;lt;th id=&amp;quot;amount&amp;quot; onclick=&amp;quot;sortTable(4)&amp;quot; class=&amp;quot;text-right&amp;quot; onmouseover=&amp;quot;&amp;quot; style=&amp;quot;cursor: pointer;&amp;quot;&amp;gt;
                          Amount
                        &amp;lt;/th&amp;gt;
                      &amp;lt;/tr&amp;gt;
                    &amp;lt;/thead&amp;gt;
                    &amp;lt;tbody&amp;gt;
                      &amp;lt;tr&amp;gt;
                        &amp;lt;td class=&amp;quot;nowrap&amp;quot;&amp;gt;
                          &amp;lt;span class=&amp;quot;status-pill smaller green&amp;quot;&amp;gt;&amp;lt;/span&amp;gt;&amp;lt;span&amp;gt;Complete&amp;lt;/span&amp;gt;
                        &amp;lt;/td&amp;gt;
                        &amp;lt;td&amp;gt;
                          &amp;lt;span&amp;gt;Today&amp;lt;/span&amp;gt;&amp;lt;span class=&amp;quot;smaller lighter&amp;quot;&amp;gt;1:52am&amp;lt;/span&amp;gt;
                        &amp;lt;/td&amp;gt;
                        &amp;lt;td class=&amp;quot;cell-with-media&amp;quot;&amp;gt;
                          &amp;lt;img alt=&amp;quot;&amp;quot; src=&amp;quot;img/company1.png&amp;quot; style=&amp;quot;height: 25px;&amp;quot;&amp;gt;&amp;lt;span&amp;gt;Starbucks coffee&amp;lt;/span&amp;gt;
                        &amp;lt;/td&amp;gt;
                        &amp;lt;td class=&amp;quot;text-center&amp;quot;&amp;gt;
                          &amp;lt;a class=&amp;quot;badge badge-success&amp;quot; href=&amp;quot;&amp;quot;&amp;gt;Restaurant / Cafe&amp;lt;/a&amp;gt;
                        &amp;lt;/td&amp;gt;
                        &amp;lt;td class=&amp;quot;text-right bolder nowrap&amp;quot;&amp;gt;
                          &amp;lt;span class=&amp;quot;text-success&amp;quot;&amp;gt;+ 1,250.00 USD&amp;lt;/span&amp;gt;
                        &amp;lt;/td&amp;gt;
                      &amp;lt;/tr&amp;gt;
                      &amp;lt;tr&amp;gt;
                        &amp;lt;td class=&amp;quot;nowrap&amp;quot;&amp;gt;
                          &amp;lt;span class=&amp;quot;status-pill smaller red&amp;quot;&amp;gt;&amp;lt;/span&amp;gt;&amp;lt;span&amp;gt;Declined&amp;lt;/span&amp;gt;
                        &amp;lt;/td&amp;gt;
                        &amp;lt;td&amp;gt;
                          &amp;lt;span&amp;gt;Jan 19th&amp;lt;/span&amp;gt;&amp;lt;span class=&amp;quot;smaller lighter&amp;quot;&amp;gt;3:22pm&amp;lt;/span&amp;gt;
                        &amp;lt;/td&amp;gt;
                        &amp;lt;td class=&amp;quot;cell-with-media&amp;quot;&amp;gt;
                          &amp;lt;img alt=&amp;quot;&amp;quot; src=&amp;quot;img/company2.png&amp;quot; style=&amp;quot;height: 25px;&amp;quot;&amp;gt;&amp;lt;span&amp;gt;Stripe Payment Processing&amp;lt;/span&amp;gt;
                        &amp;lt;/td&amp;gt;
                        &amp;lt;td class=&amp;quot;text-center&amp;quot;&amp;gt;
                          &amp;lt;a class=&amp;quot;badge badge-danger&amp;quot; href=&amp;quot;&amp;quot;&amp;gt;Finance&amp;lt;/a&amp;gt;
                        &amp;lt;/td&amp;gt;
                        &amp;lt;td class=&amp;quot;text-right bolder nowrap&amp;quot;&amp;gt;
                          &amp;lt;span class=&amp;quot;text-success&amp;quot;&amp;gt;+ 952.23 USD&amp;lt;/span&amp;gt;
                        &amp;lt;/td&amp;gt;
                      &amp;lt;/tr&amp;gt;
                      &amp;lt;tr&amp;gt;
                        &amp;lt;td class=&amp;quot;nowrap&amp;quot;&amp;gt;
                          &amp;lt;span class=&amp;quot;status-pill smaller yellow&amp;quot;&amp;gt;&amp;lt;/span&amp;gt;&amp;lt;span&amp;gt;Pending&amp;lt;/span&amp;gt;
                        &amp;lt;/td&amp;gt;
                        &amp;lt;td&amp;gt;
                          &amp;lt;span&amp;gt;Yesterday&amp;lt;/span&amp;gt;&amp;lt;span class=&amp;quot;smaller lighter&amp;quot;&amp;gt;7:45am&amp;lt;/span&amp;gt;
                        &amp;lt;/td&amp;gt;
                        &amp;lt;td class=&amp;quot;cell-with-media&amp;quot;&amp;gt;
                          &amp;lt;img alt=&amp;quot;&amp;quot; src=&amp;quot;img/company3.png&amp;quot; style=&amp;quot;height: 25px;&amp;quot;&amp;gt;&amp;lt;span&amp;gt;MailChimp Services&amp;lt;/span&amp;gt;
                        &amp;lt;/td&amp;gt;
                        &amp;lt;td class=&amp;quot;text-center&amp;quot;&amp;gt;
                          &amp;lt;a class=&amp;quot;badge badge-warning&amp;quot; href=&amp;quot;&amp;quot;&amp;gt;Software&amp;lt;/a&amp;gt;
                        &amp;lt;/td&amp;gt;
                        &amp;lt;td class=&amp;quot;text-right bolder nowrap&amp;quot;&amp;gt;
                          &amp;lt;span class=&amp;quot;text-danger&amp;quot;&amp;gt;- 320.00 USD&amp;lt;/span&amp;gt;
                        &amp;lt;/td&amp;gt;
                      &amp;lt;/tr&amp;gt;
                      &amp;lt;tr&amp;gt;
                        &amp;lt;td class=&amp;quot;nowrap&amp;quot;&amp;gt;
                          &amp;lt;span class=&amp;quot;status-pill smaller yellow&amp;quot;&amp;gt;&amp;lt;/span&amp;gt;&amp;lt;span&amp;gt;Pending&amp;lt;/span&amp;gt;
                        &amp;lt;/td&amp;gt;
                        &amp;lt;td&amp;gt;
                          &amp;lt;span&amp;gt;Jan 23rd&amp;lt;/span&amp;gt;&amp;lt;span class=&amp;quot;smaller lighter&amp;quot;&amp;gt;2:7pm&amp;lt;/span&amp;gt;
                        &amp;lt;/td&amp;gt;
                        &amp;lt;td class=&amp;quot;cell-with-media&amp;quot;&amp;gt;
                          &amp;lt;img alt=&amp;quot;&amp;quot; src=&amp;quot;img/company6.png&amp;quot; style=&amp;quot;height: 25px;&amp;quot;&amp;gt;&amp;lt;span&amp;gt;Shopify product&amp;lt;/span&amp;gt;
                        &amp;lt;/td&amp;gt;
                        &amp;lt;td class=&amp;quot;text-center&amp;quot;&amp;gt;
                          &amp;lt;a class=&amp;quot;badge badge-primary&amp;quot; href=&amp;quot;&amp;quot;&amp;gt;Shopping&amp;lt;/a&amp;gt;
                        &amp;lt;/td&amp;gt;
                        &amp;lt;td class=&amp;quot;text-right bolder nowrap&amp;quot;&amp;gt;
                          &amp;lt;span class=&amp;quot;text-success&amp;quot;&amp;gt;+ 17.99 USD&amp;lt;/span&amp;gt;
                        &amp;lt;/td&amp;gt;
                      &amp;lt;/tr&amp;gt;
                      &amp;lt;tr&amp;gt;
                        &amp;lt;td class=&amp;quot;nowrap&amp;quot;&amp;gt;
                          &amp;lt;span class=&amp;quot;status-pill smaller green&amp;quot;&amp;gt;&amp;lt;/span&amp;gt;&amp;lt;span&amp;gt;Complete&amp;lt;/span&amp;gt;
                        &amp;lt;/td&amp;gt;
                        &amp;lt;td&amp;gt;
                          &amp;lt;span&amp;gt;Jan 7th&amp;lt;/span&amp;gt;&amp;lt;span class=&amp;quot;smaller lighter&amp;quot;&amp;gt;9:51am&amp;lt;/span&amp;gt;
                        &amp;lt;/td&amp;gt;
                        &amp;lt;td class=&amp;quot;cell-with-media&amp;quot;&amp;gt;
                          &amp;lt;img alt=&amp;quot;&amp;quot; src=&amp;quot;img/company4.png&amp;quot; style=&amp;quot;height: 25px;&amp;quot;&amp;gt;&amp;lt;span&amp;gt;Ebay Marketplace&amp;lt;/span&amp;gt;
                        &amp;lt;/td&amp;gt;
                        &amp;lt;td class=&amp;quot;text-center&amp;quot;&amp;gt;
                          &amp;lt;a class=&amp;quot;badge badge-danger&amp;quot; href=&amp;quot;&amp;quot;&amp;gt;Ecommerce&amp;lt;/a&amp;gt;
                        &amp;lt;/td&amp;gt;
                        &amp;lt;td class=&amp;quot;text-right bolder nowrap&amp;quot;&amp;gt;
                          &amp;lt;span class=&amp;quot;text-danger&amp;quot;&amp;gt;- 244.00 USD&amp;lt;/span&amp;gt;
                        &amp;lt;/td&amp;gt;
                      &amp;lt;/tr&amp;gt;
                      &amp;lt;tr&amp;gt;
                        &amp;lt;td class=&amp;quot;nowrap&amp;quot;&amp;gt;
                          &amp;lt;span class=&amp;quot;status-pill smaller yellow&amp;quot;&amp;gt;&amp;lt;/span&amp;gt;&amp;lt;span&amp;gt;Pending&amp;lt;/span&amp;gt;
                        &amp;lt;/td&amp;gt;
                        &amp;lt;td&amp;gt;
                          &amp;lt;span&amp;gt;Jan 9th&amp;lt;/span&amp;gt;&amp;lt;span class=&amp;quot;smaller lighter&amp;quot;&amp;gt;7:45pm&amp;lt;/span&amp;gt;
                        &amp;lt;/td&amp;gt;
                        &amp;lt;td class=&amp;quot;cell-with-media&amp;quot;&amp;gt;
                          &amp;lt;img alt=&amp;quot;&amp;quot; src=&amp;quot;img/company7.png&amp;quot; style=&amp;quot;height: 25px;&amp;quot;&amp;gt;&amp;lt;span&amp;gt; Templates Inc&amp;lt;/span&amp;gt;
                        &amp;lt;/td&amp;gt;
                        &amp;lt;td class=&amp;quot;text-center&amp;quot;&amp;gt;
                          &amp;lt;a class=&amp;quot;badge badge-primary&amp;quot; href=&amp;quot;&amp;quot;&amp;gt;Business&amp;lt;/a&amp;gt;
                        &amp;lt;/td&amp;gt;
                        &amp;lt;td class=&amp;quot;text-right bolder nowrap&amp;quot;&amp;gt;
                          &amp;lt;span class=&amp;quot;text-success&amp;quot;&amp;gt;+ 340.00 USD&amp;lt;/span&amp;gt;
                        &amp;lt;/td&amp;gt;
                      &amp;lt;/tr&amp;gt;
                    &amp;lt;/tbody&amp;gt;
                  &amp;lt;/table&amp;gt;]">
      <![CDATA[java.lang.AssertionError: The following asserts failed:
expected [<table id="transactionsTable" class="table table-padded">
                    <thead>
                      <tr>
                        <th id="status" onclick="sortTable(0)" onmouseover="" style="cursor: pointer;">
                          Status
                        </th>
                        <th id="date" onclick="sortTable(1)" onmouseover="" style="cursor: pointer;">
                          Date
                        </th>
                        <th id="description" onclick="sortTable(2)" onmouseover="" style="cursor: pointer;">
                          Description
                        </th>
                        <th id="category" onclick="sortTable(3)" class="text-center" onmouseover="" style="cursor: pointer;">
                          Category
                        </th>
                        <th id="amount" onclick="sortTable(4)" class="text-right" onmouseover="" style="cursor: pointer;">
                          Amount
                        </th>
                      </tr>
                    </thead>
                    <tbody>
                      <tr>
                        <td class="nowrap">
                          <span class="status-pill smaller yellow"></span><span>Pending</span>
                        </td>
                        <td>
                          <span>Yesterday</span><span class="smaller lighter">7:45am</span>
                        </td>
                        <td class="cell-with-media">
                          <img alt="" src="img/company3.png" style="height: 25px;"><span>MailChimp Services</span>
                        </td>
                        <td class="text-center">
                          <a class="badge badge-warning" href="">Software</a>
                        </td>
                        <td class="text-right bolder nowrap">
                          <span class="text-danger">- 320.00 USD</span>
                        </td>
                      </tr><tr>
                        <td class="nowrap">
                          <span class="status-pill smaller green"></span><span>Complete</span>
                        </td>
                        <td>
                          <span>Jan 7th</span><span class="smaller lighter">9:51am</span>
                        </td>
                        <td class="cell-with-media">
                          <img alt="" src="img/company4.png" style="height: 25px;"><span>Ebay Marketplace</span>
                        </td>
                        <td class="text-center">
                          <a class="badge badge-danger" href="">Ecommerce</a>
                        </td>
                        <td class="text-right bolder nowrap">
                          <span class="text-danger">- 244.00 USD</span>
                        </td>
                      </tr><tr>
                        <td class="nowrap">
                          <span class="status-pill smaller yellow"></span><span>Pending</span>
                        </td>
                        <td>
                          <span>Jan 23rd</span><span class="smaller lighter">2:7pm</span>
                        </td>
                        <td class="cell-with-media">
                          <img alt="" src="img/company6.png" style="height: 25px;"><span>Shopify product</span>
                        </td>
                        <td class="text-center">
                          <a class="badge badge-primary" href="">Shopping</a>
                        </td>
                        <td class="text-right bolder nowrap">
                          <span class="text-success">+ 17.99 USD</span>
                        </td>
                      </tr><tr>
                        <td class="nowrap">
                          <span class="status-pill smaller yellow"></span><span>Pending</span>
                        </td>
                        <td>
                          <span>Jan 9th</span><span class="smaller lighter">7:45pm</span>
                        </td>
                        <td class="cell-with-media">
                          <img alt="" src="img/company7.png" style="height: 25px;"><span> Templates Inc</span>
                        </td>
                        <td class="text-center">
                          <a class="badge badge-primary" href="">Business</a>
                        </td>
                        <td class="text-right bolder nowrap">
                          <span class="text-success">+ 340.00 USD</span>
                        </td>
                      </tr><tr>
                        <td class="nowrap">
                          <span class="status-pill smaller red"></span><span>Declined</span>
                        </td>
                        <td>
                          <span>Jan 19th</span><span class="smaller lighter">3:22pm</span>
                        </td>
                        <td class="cell-with-media">
                          <img alt="" src="img/company2.png" style="height: 25px;"><span>Stripe Payment Processing</span>
                        </td>
                        <td class="text-center">
                          <a class="badge badge-danger" href="">Finance</a>
                        </td>
                        <td class="text-right bolder nowrap">
                          <span class="text-success">+ 952.23 USD</span>
                        </td>
                      </tr><tr>
                        <td class="nowrap">
                          <span class="status-pill smaller green"></span><span>Complete</span>
                        </td>
                        <td>
                          <span>Today</span><span class="smaller lighter">1:52am</span>
                        </td>
                        <td class="cell-with-media">
                          <img alt="" src="img/company1.png" style="height: 25px;"><span>Starbucks coffee</span>
                        </td>
                        <td class="text-center">
                          <a class="badge badge-success" href="">Restaurant / Cafe</a>
                        </td>
                        <td class="text-right bolder nowrap">
                          <span class="text-success">+ 1,250.00 USD</span>
                        </td>
                      </tr>
                      
                      
                      
                      
                      
                    </tbody>
                  </table>] but found [<table id="transactionsTable" class="table table-padded">
                    <thead>
                      <tr>
                        <th id="status" onclick="sortTable(0)" onmouseover="" style="cursor: pointer;">
                          Status
                        </th>
                        <th id="date" onclick="sortTable(1)" onmouseover="" style="cursor: pointer;">
                          Date
                        </th>
                        <th id="description" onclick="sortTable(2)" onmouseover="" style="cursor: pointer;">
                          Description
                        </th>
                        <th id="category" onclick="sortTable(3)" class="text-center" onmouseover="" style="cursor: pointer;">
                          Category
                        </th>
                        <th id="amount" onclick="sortTable(4)" class="text-right" onmouseover="" style="cursor: pointer;">
                          Amount
                        </th>
                      </tr>
                    </thead>
                    <tbody>
                      <tr>
                        <td class="nowrap">
                          <span class="status-pill smaller green"></span><span>Complete</span>
                        </td>
                        <td>
                          <span>Today</span><span class="smaller lighter">1:52am</span>
                        </td>
                        <td class="cell-with-media">
                          <img alt="" src="img/company1.png" style="height: 25px;"><span>Starbucks coffee</span>
                        </td>
                        <td class="text-center">
                          <a class="badge badge-success" href="">Restaurant / Cafe</a>
                        </td>
                        <td class="text-right bolder nowrap">
                          <span class="text-success">+ 1,250.00 USD</span>
                        </td>
                      </tr>
                      <tr>
                        <td class="nowrap">
                          <span class="status-pill smaller red"></span><span>Declined</span>
                        </td>
                        <td>
                          <span>Jan 19th</span><span class="smaller lighter">3:22pm</span>
                        </td>
                        <td class="cell-with-media">
                          <img alt="" src="img/company2.png" style="height: 25px;"><span>Stripe Payment Processing</span>
                        </td>
                        <td class="text-center">
                          <a class="badge badge-danger" href="">Finance</a>
                        </td>
                        <td class="text-right bolder nowrap">
                          <span class="text-success">+ 952.23 USD</span>
                        </td>
                      </tr>
                      <tr>
                        <td class="nowrap">
                          <span class="status-pill smaller yellow"></span><span>Pending</span>
                        </td>
                        <td>
                          <span>Yesterday</span><span class="smaller lighter">7:45am</span>
                        </td>
                        <td class="cell-with-media">
                          <img alt="" src="img/company3.png" style="height: 25px;"><span>MailChimp Services</span>
                        </td>
                        <td class="text-center">
                          <a class="badge badge-warning" href="">Software</a>
                        </td>
                        <td class="text-right bolder nowrap">
                          <span class="text-danger">- 320.00 USD</span>
                        </td>
                      </tr>
                      <tr>
                        <td class="nowrap">
                          <span class="status-pill smaller yellow"></span><span>Pending</span>
                        </td>
                        <td>
                          <span>Jan 23rd</span><span class="smaller lighter">2:7pm</span>
                        </td>
                        <td class="cell-with-media">
                          <img alt="" src="img/company6.png" style="height: 25px;"><span>Shopify product</span>
                        </td>
                        <td class="text-center">
                          <a class="badge badge-primary" href="">Shopping</a>
                        </td>
                        <td class="text-right bolder nowrap">
                          <span class="text-success">+ 17.99 USD</span>
                        </td>
                      </tr>
                      <tr>
                        <td class="nowrap">
                          <span class="status-pill smaller green"></span><span>Complete</span>
                        </td>
                        <td>
                          <span>Jan 7th</span><span class="smaller lighter">9:51am</span>
                        </td>
                        <td class="cell-with-media">
                          <img alt="" src="img/company4.png" style="height: 25px;"><span>Ebay Marketplace</span>
                        </td>
                        <td class="text-center">
                          <a class="badge badge-danger" href="">Ecommerce</a>
                        </td>
                        <td class="text-right bolder nowrap">
                          <span class="text-danger">- 244.00 USD</span>
                        </td>
                      </tr>
                      <tr>
                        <td class="nowrap">
                          <span class="status-pill smaller yellow"></span><span>Pending</span>
                        </td>
                        <td>
                          <span>Jan 9th</span><span class="smaller lighter">7:45pm</span>
                        </td>
                        <td class="cell-with-media">
                          <img alt="" src="img/company7.png" style="height: 25px;"><span> Templates Inc</span>
                        </td>
                        <td class="text-center">
                          <a class="badge badge-primary" href="">Business</a>
                        </td>
                        <td class="text-right bolder nowrap">
                          <span class="text-success">+ 340.00 USD</span>
                        </td>
                      </tr>
                    </tbody>
                  </table>]
at testcases.AIHackathon.TraditionalTests.Dynamic_Content_Test(TraditionalTests.java:180)
at java.util.concurrent.FutureTask.run(FutureTask.java:266)
at java.util.concurrent.ThreadPoolExecutor.runWorker(ThreadPoolExecutor.java:1149)
at java.util.concurrent.ThreadPoolExecutor$Worker.run(ThreadPoolExecutor.java:624)
at java.lang.Thread.run(Thread.java:748)
... Removed 17 stack frames]]>
    </failure>
  </testcase> <!-- Dynamic_Content_Test -->
</testsuite> <!-- Tradition Test for Applitools AI Hackathon -->
