<?xml version="1.0" encoding="UTF-8"?>
<!-- Generated by org.testng.reporters.JUnitXMLReporter -->
<testsuite hostname="05659A-GUSER2" ignored="0" name="Visual AI Test for Applitools AI Hackathon" tests="8" failures="0" timestamp="15 Nov 2019 06:58:28 GMT" time="177.852" errors="0">
  <testcase name="Login_Page_UI_Elements_Test" time="10.98" classname="testcases.AIHackathon.VisualAITests"/>
  <testcase name="Data_Driven_Test" time="49.737" classname="testcases.AIHackathon.VisualAITests"/>
  <testcase name="Data_Driven_Test" time="26.125" classname="testcases.AIHackathon.VisualAITests"/>
  <testcase name="Data_Driven_Test" time="16.19" classname="testcases.AIHackathon.VisualAITests"/>
  <testcase name="Data_Driven_Test" time="18.255" classname="testcases.AIHackathon.VisualAITests"/>
  <testcase name="Table_Sort_Test" time="11.388" classname="testcases.AIHackathon.VisualAITests"/>
  <testcase name="Canvas_Chart_Test" time="20.095" classname="testcases.AIHackathon.VisualAITests"/>
  <testcase name="Dynamic_Content_Test" time="22.254" classname="testcases.AIHackathon.VisualAITests"/>
</testsuite> <!-- Visual AI Test for Applitools AI Hackathon -->
