<?xml version="1.0" encoding="UTF-8"?>
<!-- Generated by org.testng.reporters.JUnitXMLReporter -->
<testsuite hostname="05659A-GUSER2" ignored="0" name="Visual AI Test for Applitools AI HackathonV2" tests="8" failures="0" timestamp="15 Nov 2019 07:05:42 GMT" time="165.527" errors="0">
  <testcase name="Login_Page_UI_Elements_Test" time="14.049" classname="testcases.AIHackathon.VisualAITests"/>
  <testcase name="Data_Driven_Test" time="20.449" classname="testcases.AIHackathon.VisualAITests"/>
  <testcase name="Data_Driven_Test" time="20.685" classname="testcases.AIHackathon.VisualAITests"/>
  <testcase name="Data_Driven_Test" time="20.686" classname="testcases.AIHackathon.VisualAITests"/>
  <testcase name="Data_Driven_Test" time="18.938" classname="testcases.AIHackathon.VisualAITests"/>
  <testcase name="Table_Sort_Test" time="15.622" classname="testcases.AIHackathon.VisualAITests"/>
  <testcase name="Canvas_Chart_Test" time="30.254" classname="testcases.AIHackathon.VisualAITests"/>
  <testcase name="Dynamic_Content_Test" time="22.175" classname="testcases.AIHackathon.VisualAITests"/>
</testsuite> <!-- Visual AI Test for Applitools AI HackathonV2 -->
