<?xml version="1.0" encoding="UTF-8"?>
<testng-results skipped="0" failed="9" ignored="0" total="32" passed="23">
  <reporter-output>
  </reporter-output>
  <suite name="AIHackathon Test Suite" duration-ms="998306" started-at="2019-11-15T06:49:04Z" finished-at="2019-11-15T07:05:42Z">
    <groups>
    </groups>
    <test name="Tradition Test for Applitools AI Hackathon" duration-ms="386365" started-at="2019-11-15T06:49:04Z" finished-at="2019-11-15T06:55:30Z">
      <class name="testcases.AIHackathon.TraditionalTests">
        <test-method status="PASS" signature="setup(java.lang.String, java.lang.String, org.testng.ITestContext)[pri:0, instance:testcases.AIHackathon.TraditionalTests@78e67e0a]" name="setup" is-config="true" duration-ms="4468" started-at="2019-11-15T06:49:04Z" finished-at="2019-11-15T06:49:08Z">
          <params>
            <param index="0">
              <value>
                <![CDATA[chrome]]>
              </value>
            </param>
            <param index="1">
              <value>
                <![CDATA[https://demo.applitools.com/hackathon.html]]>
              </value>
            </param>
            <param index="2">
              <value>
                <![CDATA[org.testng.TestRunner@4524411f]]>
              </value>
            </param>
          </params>
          <reporter-output>
          </reporter-output>
        </test-method> <!-- setup -->
        <test-method status="PASS" signature="Login_Page_UI_Elements_Test()[pri:10, instance:testcases.AIHackathon.TraditionalTests@78e67e0a]" name="Login_Page_UI_Elements_Test" duration-ms="157776" started-at="2019-11-15T06:49:08Z" finished-at="2019-11-15T06:51:46Z">
          <reporter-output>
          </reporter-output>
        </test-method> <!-- Login_Page_UI_Elements_Test -->
        <test-method status="PASS" signature="Data_Driven_Test(java.lang.String, java.lang.String, java.lang.String)[pri:20, instance:testcases.AIHackathon.TraditionalTests@78e67e0a]" name="Data_Driven_Test" duration-ms="43197" started-at="2019-11-15T06:51:46Z" data-provider="userList" finished-at="2019-11-15T06:52:29Z">
          <params>
            <param index="0">
              <value>
                <![CDATA[N/A]]>
              </value>
            </param>
            <param index="1">
              <value>
                <![CDATA[N/A]]>
              </value>
            </param>
            <param index="2">
              <value>
                <![CDATA[Both Username and Password must be present]]>
              </value>
            </param>
          </params>
          <reporter-output>
          </reporter-output>
        </test-method> <!-- Data_Driven_Test -->
        <test-method status="PASS" signature="Data_Driven_Test(java.lang.String, java.lang.String, java.lang.String)[pri:20, instance:testcases.AIHackathon.TraditionalTests@78e67e0a]" name="Data_Driven_Test" duration-ms="44738" started-at="2019-11-15T06:52:29Z" data-provider="userList" finished-at="2019-11-15T06:53:14Z">
          <params>
            <param index="0">
              <value>
                <![CDATA[Jack Gomez]]>
              </value>
            </param>
            <param index="1">
              <value>
                <![CDATA[N/A]]>
              </value>
            </param>
            <param index="2">
              <value>
                <![CDATA[Password must be present]]>
              </value>
            </param>
          </params>
          <reporter-output>
          </reporter-output>
        </test-method> <!-- Data_Driven_Test -->
        <test-method status="PASS" signature="Data_Driven_Test(java.lang.String, java.lang.String, java.lang.String)[pri:20, instance:testcases.AIHackathon.TraditionalTests@78e67e0a]" name="Data_Driven_Test" duration-ms="42586" started-at="2019-11-15T06:53:14Z" data-provider="userList" finished-at="2019-11-15T06:53:56Z">
          <params>
            <param index="0">
              <value>
                <![CDATA[N/A]]>
              </value>
            </param>
            <param index="1">
              <value>
                <![CDATA[Pass]]>
              </value>
            </param>
            <param index="2">
              <value>
                <![CDATA[Username must be present]]>
              </value>
            </param>
          </params>
          <reporter-output>
          </reporter-output>
        </test-method> <!-- Data_Driven_Test -->
        <test-method status="PASS" signature="Data_Driven_Test(java.lang.String, java.lang.String, java.lang.String)[pri:20, instance:testcases.AIHackathon.TraditionalTests@78e67e0a]" name="Data_Driven_Test" duration-ms="41734" started-at="2019-11-15T06:53:56Z" data-provider="userList" finished-at="2019-11-15T06:54:38Z">
          <params>
            <param index="0">
              <value>
                <![CDATA[Jack Gomez]]>
              </value>
            </param>
            <param index="1">
              <value>
                <![CDATA[Pass]]>
              </value>
            </param>
            <param index="2">
              <value>
                <![CDATA[N/A]]>
              </value>
            </param>
          </params>
          <reporter-output>
          </reporter-output>
        </test-method> <!-- Data_Driven_Test -->
        <test-method status="FAIL" signature="Table_Sort_Test()[pri:30, instance:testcases.AIHackathon.TraditionalTests@78e67e0a]" name="Table_Sort_Test" duration-ms="13853" started-at="2019-11-15T06:54:38Z" finished-at="2019-11-15T06:54:52Z">
          <exception class="java.lang.AssertionError">
            <message>
              <![CDATA[The following asserts failed:
expected [<table id="transactionsTable" class="table table-padded">
                    <thead>
                      <tr>
                        <th id="status" onclick="sortTable(0)" onmouseover="" style="cursor: pointer;">
                          Status
                        </th>
                        <th id="date" onclick="sortTable(1)" onmouseover="" style="cursor: pointer;">
                          Date
                        </th>
                        <th id="description" onclick="sortTable(2)" onmouseover="" style="cursor: pointer;">
                          Description
                        </th>
                        <th id="category" onclick="sortTable(3)" class="text-center" onmouseover="" style="cursor: pointer;">
                          Category
                        </th>
                        <th id="amount" onclick="sortTable(4)" class="text-right" onmouseover="" style="cursor: pointer;">
                          Amount
                        </th>
                      </tr>
                    </thead>
                    <tbody>
                      <tr>
                        <td class="nowrap">
                          <span class="status-pill smaller yellow"></span><span>Pending</span>
                        </td>
                        <td>
                          <span>Yesterday</span><span class="smaller lighter">7:45am</span>
                        </td>
                        <td class="cell-with-media">
                          <img alt="" src="img/company3.png" style="height: 25px;"><span>MailChimp Services</span>
                        </td>
                        <td class="text-center">
                          <a class="badge badge-warning" href="">Software</a>
                        </td>
                        <td class="text-right bolder nowrap">
                          <span class="text-danger">- 320.00 USD</span>
                        </td>
                      </tr><tr>
                        <td class="nowrap">
                          <span class="status-pill smaller green"></span><span>Complete</span>
                        </td>
                        <td>
                          <span>Jan 7th</span><span class="smaller lighter">9:51am</span>
                        </td>
                        <td class="cell-with-media">
                          <img alt="" src="img/company4.png" style="height: 25px;"><span>Ebay Marketplace</span>
                        </td>
                        <td class="text-center">
                          <a class="badge badge-danger" href="">Ecommerce</a>
                        </td>
                        <td class="text-right bolder nowrap">
                          <span class="text-danger">- 244.00 USD</span>
                        </td>
                      </tr><tr>
                        <td class="nowrap">
                          <span class="status-pill smaller yellow"></span><span>Pending</span>
                        </td>
                        <td>
                          <span>Jan 23rd</span><span class="smaller lighter">2:7pm</span>
                        </td>
                        <td class="cell-with-media">
                          <img alt="" src="img/company6.png" style="height: 25px;"><span>Shopify product</span>
                        </td>
                        <td class="text-center">
                          <a class="badge badge-primary" href="">Shopping</a>
                        </td>
                        <td class="text-right bolder nowrap">
                          <span class="text-success">+ 17.99 USD</span>
                        </td>
                      </tr><tr>
                        <td class="nowrap">
                          <span class="status-pill smaller yellow"></span><span>Pending</span>
                        </td>
                        <td>
                          <span>Jan 9th</span><span class="smaller lighter">7:45pm</span>
                        </td>
                        <td class="cell-with-media">
                          <img alt="" src="img/company7.png" style="height: 25px;"><span> Templates Inc</span>
                        </td>
                        <td class="text-center">
                          <a class="badge badge-primary" href="">Business</a>
                        </td>
                        <td class="text-right bolder nowrap">
                          <span class="text-success">+ 340.00 USD</span>
                        </td>
                      </tr><tr>
                        <td class="nowrap">
                          <span class="status-pill smaller red"></span><span>Declined</span>
                        </td>
                        <td>
                          <span>Jan 19th</span><span class="smaller lighter">3:22pm</span>
                        </td>
                        <td class="cell-with-media">
                          <img alt="" src="img/company2.png" style="height: 25px;"><span>Stripe Payment Processing</span>
                        </td>
                        <td class="text-center">
                          <a class="badge badge-danger" href="">Finance</a>
                        </td>
                        <td class="text-right bolder nowrap">
                          <span class="text-success">+ 952.23 USD</span>
                        </td>
                      </tr><tr>
                        <td class="nowrap">
                          <span class="status-pill smaller green"></span><span>Complete</span>
                        </td>
                        <td>
                          <span>Today</span><span class="smaller lighter">1:52am</span>
                        </td>
                        <td class="cell-with-media">
                          <img alt="" src="img/company1.png" style="height: 25px;"><span>Starbucks coffee</span>
                        </td>
                        <td class="text-center">
                          <a class="badge badge-success" href="">Restaurant / Cafe</a>
                        </td>
                        <td class="text-right bolder nowrap">
                          <span class="text-success">+ 1,250.00 USD</span>
                        </td>
                      </tr>
                      
                      
                      
                      
                      
                    </tbody>
                  </table>] but found [<table id="transactionsTable" class="table table-padded">
                    <thead>
                      <tr>
                        <th id="status" onclick="sortTable(0)" onmouseover="" style="cursor: pointer;">
                          Status
                        </th>
                        <th id="date" onclick="sortTable(1)" onmouseover="" style="cursor: pointer;">
                          Date
                        </th>
                        <th id="description" onclick="sortTable(2)" onmouseover="" style="cursor: pointer;">
                          Description
                        </th>
                        <th id="category" onclick="sortTable(3)" class="text-center" onmouseover="" style="cursor: pointer;">
                          Category
                        </th>
                        <th id="amount" onclick="sortTable(4)" class="text-right" onmouseover="" style="cursor: pointer;">
                          Amount
                        </th>
                      </tr>
                    </thead>
                    <tbody>
                      <tr>
                        <td class="nowrap">
                          <span class="status-pill smaller green"></span><span>Complete</span>
                        </td>
                        <td>
                          <span>Today</span><span class="smaller lighter">1:52am</span>
                        </td>
                        <td class="cell-with-media">
                          <img alt="" src="img/company1.png" style="height: 25px;"><span>Starbucks coffee</span>
                        </td>
                        <td class="text-center">
                          <a class="badge badge-success" href="">Restaurant / Cafe</a>
                        </td>
                        <td class="text-right bolder nowrap">
                          <span class="text-success">+ 1,250.00 USD</span>
                        </td>
                      </tr>
                      <tr>
                        <td class="nowrap">
                          <span class="status-pill smaller red"></span><span>Declined</span>
                        </td>
                        <td>
                          <span>Jan 19th</span><span class="smaller lighter">3:22pm</span>
                        </td>
                        <td class="cell-with-media">
                          <img alt="" src="img/company2.png" style="height: 25px;"><span>Stripe Payment Processing</span>
                        </td>
                        <td class="text-center">
                          <a class="badge badge-danger" href="">Finance</a>
                        </td>
                        <td class="text-right bolder nowrap">
                          <span class="text-success">+ 952.23 USD</span>
                        </td>
                      </tr>
                      <tr>
                        <td class="nowrap">
                          <span class="status-pill smaller yellow"></span><span>Pending</span>
                        </td>
                        <td>
                          <span>Yesterday</span><span class="smaller lighter">7:45am</span>
                        </td>
                        <td class="cell-with-media">
                          <img alt="" src="img/company3.png" style="height: 25px;"><span>MailChimp Services</span>
                        </td>
                        <td class="text-center">
                          <a class="badge badge-warning" href="">Software</a>
                        </td>
                        <td class="text-right bolder nowrap">
                          <span class="text-danger">- 320.00 USD</span>
                        </td>
                      </tr>
                      <tr>
                        <td class="nowrap">
                          <span class="status-pill smaller yellow"></span><span>Pending</span>
                        </td>
                        <td>
                          <span>Jan 23rd</span><span class="smaller lighter">2:7pm</span>
                        </td>
                        <td class="cell-with-media">
                          <img alt="" src="img/company6.png" style="height: 25px;"><span>Shopify product</span>
                        </td>
                        <td class="text-center">
                          <a class="badge badge-primary" href="">Shopping</a>
                        </td>
                        <td class="text-right bolder nowrap">
                          <span class="text-success">+ 17.99 USD</span>
                        </td>
                      </tr>
                      <tr>
                        <td class="nowrap">
                          <span class="status-pill smaller green"></span><span>Complete</span>
                        </td>
                        <td>
                          <span>Jan 7th</span><span class="smaller lighter">9:51am</span>
                        </td>
                        <td class="cell-with-media">
                          <img alt="" src="img/company4.png" style="height: 25px;"><span>Ebay Marketplace</span>
                        </td>
                        <td class="text-center">
                          <a class="badge badge-danger" href="">Ecommerce</a>
                        </td>
                        <td class="text-right bolder nowrap">
                          <span class="text-danger">- 244.00 USD</span>
                        </td>
                      </tr>
                      <tr>
                        <td class="nowrap">
                          <span class="status-pill smaller yellow"></span><span>Pending</span>
                        </td>
                        <td>
                          <span>Jan 9th</span><span class="smaller lighter">7:45pm</span>
                        </td>
                        <td class="cell-with-media">
                          <img alt="" src="img/company7.png" style="height: 25px;"><span> Templates Inc</span>
                        </td>
                        <td class="text-center">
                          <a class="badge badge-primary" href="">Business</a>
                        </td>
                        <td class="text-right bolder nowrap">
                          <span class="text-success">+ 340.00 USD</span>
                        </td>
                      </tr>
                    </tbody>
                  </table>]]]>
            </message>
            <full-stacktrace>
              <![CDATA[java.lang.AssertionError: The following asserts failed:
expected [<table id="transactionsTable" class="table table-padded">
                    <thead>
                      <tr>
                        <th id="status" onclick="sortTable(0)" onmouseover="" style="cursor: pointer;">
                          Status
                        </th>
                        <th id="date" onclick="sortTable(1)" onmouseover="" style="cursor: pointer;">
                          Date
                        </th>
                        <th id="description" onclick="sortTable(2)" onmouseover="" style="cursor: pointer;">
                          Description
                        </th>
                        <th id="category" onclick="sortTable(3)" class="text-center" onmouseover="" style="cursor: pointer;">
                          Category
                        </th>
                        <th id="amount" onclick="sortTable(4)" class="text-right" onmouseover="" style="cursor: pointer;">
                          Amount
                        </th>
                      </tr>
                    </thead>
                    <tbody>
                      <tr>
                        <td class="nowrap">
                          <span class="status-pill smaller yellow"></span><span>Pending</span>
                        </td>
                        <td>
                          <span>Yesterday</span><span class="smaller lighter">7:45am</span>
                        </td>
                        <td class="cell-with-media">
                          <img alt="" src="img/company3.png" style="height: 25px;"><span>MailChimp Services</span>
                        </td>
                        <td class="text-center">
                          <a class="badge badge-warning" href="">Software</a>
                        </td>
                        <td class="text-right bolder nowrap">
                          <span class="text-danger">- 320.00 USD</span>
                        </td>
                      </tr><tr>
                        <td class="nowrap">
                          <span class="status-pill smaller green"></span><span>Complete</span>
                        </td>
                        <td>
                          <span>Jan 7th</span><span class="smaller lighter">9:51am</span>
                        </td>
                        <td class="cell-with-media">
                          <img alt="" src="img/company4.png" style="height: 25px;"><span>Ebay Marketplace</span>
                        </td>
                        <td class="text-center">
                          <a class="badge badge-danger" href="">Ecommerce</a>
                        </td>
                        <td class="text-right bolder nowrap">
                          <span class="text-danger">- 244.00 USD</span>
                        </td>
                      </tr><tr>
                        <td class="nowrap">
                          <span class="status-pill smaller yellow"></span><span>Pending</span>
                        </td>
                        <td>
                          <span>Jan 23rd</span><span class="smaller lighter">2:7pm</span>
                        </td>
                        <td class="cell-with-media">
                          <img alt="" src="img/company6.png" style="height: 25px;"><span>Shopify product</span>
                        </td>
                        <td class="text-center">
                          <a class="badge badge-primary" href="">Shopping</a>
                        </td>
                        <td class="text-right bolder nowrap">
                          <span class="text-success">+ 17.99 USD</span>
                        </td>
                      </tr><tr>
                        <td class="nowrap">
                          <span class="status-pill smaller yellow"></span><span>Pending</span>
                        </td>
                        <td>
                          <span>Jan 9th</span><span class="smaller lighter">7:45pm</span>
                        </td>
                        <td class="cell-with-media">
                          <img alt="" src="img/company7.png" style="height: 25px;"><span> Templates Inc</span>
                        </td>
                        <td class="text-center">
                          <a class="badge badge-primary" href="">Business</a>
                        </td>
                        <td class="text-right bolder nowrap">
                          <span class="text-success">+ 340.00 USD</span>
                        </td>
                      </tr><tr>
                        <td class="nowrap">
                          <span class="status-pill smaller red"></span><span>Declined</span>
                        </td>
                        <td>
                          <span>Jan 19th</span><span class="smaller lighter">3:22pm</span>
                        </td>
                        <td class="cell-with-media">
                          <img alt="" src="img/company2.png" style="height: 25px;"><span>Stripe Payment Processing</span>
                        </td>
                        <td class="text-center">
                          <a class="badge badge-danger" href="">Finance</a>
                        </td>
                        <td class="text-right bolder nowrap">
                          <span class="text-success">+ 952.23 USD</span>
                        </td>
                      </tr><tr>
                        <td class="nowrap">
                          <span class="status-pill smaller green"></span><span>Complete</span>
                        </td>
                        <td>
                          <span>Today</span><span class="smaller lighter">1:52am</span>
                        </td>
                        <td class="cell-with-media">
                          <img alt="" src="img/company1.png" style="height: 25px;"><span>Starbucks coffee</span>
                        </td>
                        <td class="text-center">
                          <a class="badge badge-success" href="">Restaurant / Cafe</a>
                        </td>
                        <td class="text-right bolder nowrap">
                          <span class="text-success">+ 1,250.00 USD</span>
                        </td>
                      </tr>
                      
                      
                      
                      
                      
                    </tbody>
                  </table>] but found [<table id="transactionsTable" class="table table-padded">
                    <thead>
                      <tr>
                        <th id="status" onclick="sortTable(0)" onmouseover="" style="cursor: pointer;">
                          Status
                        </th>
                        <th id="date" onclick="sortTable(1)" onmouseover="" style="cursor: pointer;">
                          Date
                        </th>
                        <th id="description" onclick="sortTable(2)" onmouseover="" style="cursor: pointer;">
                          Description
                        </th>
                        <th id="category" onclick="sortTable(3)" class="text-center" onmouseover="" style="cursor: pointer;">
                          Category
                        </th>
                        <th id="amount" onclick="sortTable(4)" class="text-right" onmouseover="" style="cursor: pointer;">
                          Amount
                        </th>
                      </tr>
                    </thead>
                    <tbody>
                      <tr>
                        <td class="nowrap">
                          <span class="status-pill smaller green"></span><span>Complete</span>
                        </td>
                        <td>
                          <span>Today</span><span class="smaller lighter">1:52am</span>
                        </td>
                        <td class="cell-with-media">
                          <img alt="" src="img/company1.png" style="height: 25px;"><span>Starbucks coffee</span>
                        </td>
                        <td class="text-center">
                          <a class="badge badge-success" href="">Restaurant / Cafe</a>
                        </td>
                        <td class="text-right bolder nowrap">
                          <span class="text-success">+ 1,250.00 USD</span>
                        </td>
                      </tr>
                      <tr>
                        <td class="nowrap">
                          <span class="status-pill smaller red"></span><span>Declined</span>
                        </td>
                        <td>
                          <span>Jan 19th</span><span class="smaller lighter">3:22pm</span>
                        </td>
                        <td class="cell-with-media">
                          <img alt="" src="img/company2.png" style="height: 25px;"><span>Stripe Payment Processing</span>
                        </td>
                        <td class="text-center">
                          <a class="badge badge-danger" href="">Finance</a>
                        </td>
                        <td class="text-right bolder nowrap">
                          <span class="text-success">+ 952.23 USD</span>
                        </td>
                      </tr>
                      <tr>
                        <td class="nowrap">
                          <span class="status-pill smaller yellow"></span><span>Pending</span>
                        </td>
                        <td>
                          <span>Yesterday</span><span class="smaller lighter">7:45am</span>
                        </td>
                        <td class="cell-with-media">
                          <img alt="" src="img/company3.png" style="height: 25px;"><span>MailChimp Services</span>
                        </td>
                        <td class="text-center">
                          <a class="badge badge-warning" href="">Software</a>
                        </td>
                        <td class="text-right bolder nowrap">
                          <span class="text-danger">- 320.00 USD</span>
                        </td>
                      </tr>
                      <tr>
                        <td class="nowrap">
                          <span class="status-pill smaller yellow"></span><span>Pending</span>
                        </td>
                        <td>
                          <span>Jan 23rd</span><span class="smaller lighter">2:7pm</span>
                        </td>
                        <td class="cell-with-media">
                          <img alt="" src="img/company6.png" style="height: 25px;"><span>Shopify product</span>
                        </td>
                        <td class="text-center">
                          <a class="badge badge-primary" href="">Shopping</a>
                        </td>
                        <td class="text-right bolder nowrap">
                          <span class="text-success">+ 17.99 USD</span>
                        </td>
                      </tr>
                      <tr>
                        <td class="nowrap">
                          <span class="status-pill smaller green"></span><span>Complete</span>
                        </td>
                        <td>
                          <span>Jan 7th</span><span class="smaller lighter">9:51am</span>
                        </td>
                        <td class="cell-with-media">
                          <img alt="" src="img/company4.png" style="height: 25px;"><span>Ebay Marketplace</span>
                        </td>
                        <td class="text-center">
                          <a class="badge badge-danger" href="">Ecommerce</a>
                        </td>
                        <td class="text-right bolder nowrap">
                          <span class="text-danger">- 244.00 USD</span>
                        </td>
                      </tr>
                      <tr>
                        <td class="nowrap">
                          <span class="status-pill smaller yellow"></span><span>Pending</span>
                        </td>
                        <td>
                          <span>Jan 9th</span><span class="smaller lighter">7:45pm</span>
                        </td>
                        <td class="cell-with-media">
                          <img alt="" src="img/company7.png" style="height: 25px;"><span> Templates Inc</span>
                        </td>
                        <td class="text-center">
                          <a class="badge badge-primary" href="">Business</a>
                        </td>
                        <td class="text-right bolder nowrap">
                          <span class="text-success">+ 340.00 USD</span>
                        </td>
                      </tr>
                    </tbody>
                  </table>]
at org.testng.asserts.SoftAssert.assertAll(SoftAssert.java:43)
at testcases.AIHackathon.TraditionalTests.Table_Sort_Test(TraditionalTests.java:126)
at sun.reflect.NativeMethodAccessorImpl.invoke0(Native Method)
at sun.reflect.NativeMethodAccessorImpl.invoke(NativeMethodAccessorImpl.java:62)
at sun.reflect.DelegatingMethodAccessorImpl.invoke(DelegatingMethodAccessorImpl.java:43)
at java.lang.reflect.Method.invoke(Method.java:498)
at org.testng.internal.MethodInvocationHelper.invokeMethod(MethodInvocationHelper.java:124)
at org.testng.internal.Invoker.invokeMethod(Invoker.java:580)
at org.testng.internal.Invoker.invokeTestMethod(Invoker.java:716)
at org.testng.internal.Invoker.invokeTestMethods(Invoker.java:988)
at org.testng.internal.TestMethodWorker.invokeTestMethods(TestMethodWorker.java:125)
at org.testng.internal.TestMethodWorker.run(TestMethodWorker.java:109)
at org.testng.TestRunner.privateRun(TestRunner.java:648)
at org.testng.TestRunner.run(TestRunner.java:505)
at org.testng.SuiteRunner.runTest(SuiteRunner.java:455)
at org.testng.SuiteRunner.access$000(SuiteRunner.java:40)
at org.testng.SuiteRunner$SuiteWorker.run(SuiteRunner.java:489)
at org.testng.internal.thread.ThreadUtil$1.call(ThreadUtil.java:52)
at java.util.concurrent.FutureTask.run(FutureTask.java:266)
at java.util.concurrent.ThreadPoolExecutor.runWorker(ThreadPoolExecutor.java:1149)
at java.util.concurrent.ThreadPoolExecutor$Worker.run(ThreadPoolExecutor.java:624)
at java.lang.Thread.run(Thread.java:748)
]]>
            </full-stacktrace>
          </exception> <!-- java.lang.AssertionError -->
          <reporter-output>
          </reporter-output>
        </test-method> <!-- Table_Sort_Test -->
        <test-method status="PASS" signature="Canvas_Chart_Test()[pri:40, instance:testcases.AIHackathon.TraditionalTests@78e67e0a]" name="Canvas_Chart_Test" duration-ms="7268" started-at="2019-11-15T06:54:52Z" finished-at="2019-11-15T06:54:59Z">
          <reporter-output>
          </reporter-output>
        </test-method> <!-- Canvas_Chart_Test -->
        <test-method status="FAIL" signature="Dynamic_Content_Test(java.lang.String)[pri:50, instance:testcases.AIHackathon.TraditionalTests@78e67e0a]" name="Dynamic_Content_Test" duration-ms="30594" started-at="2019-11-15T06:54:59Z" finished-at="2019-11-15T06:55:30Z">
          <params>
            <param index="0">
              <value>
                <![CDATA[https://demo.applitools.com/hackathon.html]]>
              </value>
            </param>
          </params>
          <exception class="java.lang.AssertionError">
            <message>
              <![CDATA[The following asserts failed:
expected [<table id="transactionsTable" class="table table-padded">
                    <thead>
                      <tr>
                        <th id="status" onclick="sortTable(0)" onmouseover="" style="cursor: pointer;">
                          Status
                        </th>
                        <th id="date" onclick="sortTable(1)" onmouseover="" style="cursor: pointer;">
                          Date
                        </th>
                        <th id="description" onclick="sortTable(2)" onmouseover="" style="cursor: pointer;">
                          Description
                        </th>
                        <th id="category" onclick="sortTable(3)" class="text-center" onmouseover="" style="cursor: pointer;">
                          Category
                        </th>
                        <th id="amount" onclick="sortTable(4)" class="text-right" onmouseover="" style="cursor: pointer;">
                          Amount
                        </th>
                      </tr>
                    </thead>
                    <tbody>
                      <tr>
                        <td class="nowrap">
                          <span class="status-pill smaller yellow"></span><span>Pending</span>
                        </td>
                        <td>
                          <span>Yesterday</span><span class="smaller lighter">7:45am</span>
                        </td>
                        <td class="cell-with-media">
                          <img alt="" src="img/company3.png" style="height: 25px;"><span>MailChimp Services</span>
                        </td>
                        <td class="text-center">
                          <a class="badge badge-warning" href="">Software</a>
                        </td>
                        <td class="text-right bolder nowrap">
                          <span class="text-danger">- 320.00 USD</span>
                        </td>
                      </tr><tr>
                        <td class="nowrap">
                          <span class="status-pill smaller green"></span><span>Complete</span>
                        </td>
                        <td>
                          <span>Jan 7th</span><span class="smaller lighter">9:51am</span>
                        </td>
                        <td class="cell-with-media">
                          <img alt="" src="img/company4.png" style="height: 25px;"><span>Ebay Marketplace</span>
                        </td>
                        <td class="text-center">
                          <a class="badge badge-danger" href="">Ecommerce</a>
                        </td>
                        <td class="text-right bolder nowrap">
                          <span class="text-danger">- 244.00 USD</span>
                        </td>
                      </tr><tr>
                        <td class="nowrap">
                          <span class="status-pill smaller yellow"></span><span>Pending</span>
                        </td>
                        <td>
                          <span>Jan 23rd</span><span class="smaller lighter">2:7pm</span>
                        </td>
                        <td class="cell-with-media">
                          <img alt="" src="img/company6.png" style="height: 25px;"><span>Shopify product</span>
                        </td>
                        <td class="text-center">
                          <a class="badge badge-primary" href="">Shopping</a>
                        </td>
                        <td class="text-right bolder nowrap">
                          <span class="text-success">+ 17.99 USD</span>
                        </td>
                      </tr><tr>
                        <td class="nowrap">
                          <span class="status-pill smaller yellow"></span><span>Pending</span>
                        </td>
                        <td>
                          <span>Jan 9th</span><span class="smaller lighter">7:45pm</span>
                        </td>
                        <td class="cell-with-media">
                          <img alt="" src="img/company7.png" style="height: 25px;"><span> Templates Inc</span>
                        </td>
                        <td class="text-center">
                          <a class="badge badge-primary" href="">Business</a>
                        </td>
                        <td class="text-right bolder nowrap">
                          <span class="text-success">+ 340.00 USD</span>
                        </td>
                      </tr><tr>
                        <td class="nowrap">
                          <span class="status-pill smaller red"></span><span>Declined</span>
                        </td>
                        <td>
                          <span>Jan 19th</span><span class="smaller lighter">3:22pm</span>
                        </td>
                        <td class="cell-with-media">
                          <img alt="" src="img/company2.png" style="height: 25px;"><span>Stripe Payment Processing</span>
                        </td>
                        <td class="text-center">
                          <a class="badge badge-danger" href="">Finance</a>
                        </td>
                        <td class="text-right bolder nowrap">
                          <span class="text-success">+ 952.23 USD</span>
                        </td>
                      </tr><tr>
                        <td class="nowrap">
                          <span class="status-pill smaller green"></span><span>Complete</span>
                        </td>
                        <td>
                          <span>Today</span><span class="smaller lighter">1:52am</span>
                        </td>
                        <td class="cell-with-media">
                          <img alt="" src="img/company1.png" style="height: 25px;"><span>Starbucks coffee</span>
                        </td>
                        <td class="text-center">
                          <a class="badge badge-success" href="">Restaurant / Cafe</a>
                        </td>
                        <td class="text-right bolder nowrap">
                          <span class="text-success">+ 1,250.00 USD</span>
                        </td>
                      </tr>
                      
                      
                      
                      
                      
                    </tbody>
                  </table>] but found [<table id="transactionsTable" class="table table-padded">
                    <thead>
                      <tr>
                        <th id="status" onclick="sortTable(0)" onmouseover="" style="cursor: pointer;">
                          Status
                        </th>
                        <th id="date" onclick="sortTable(1)" onmouseover="" style="cursor: pointer;">
                          Date
                        </th>
                        <th id="description" onclick="sortTable(2)" onmouseover="" style="cursor: pointer;">
                          Description
                        </th>
                        <th id="category" onclick="sortTable(3)" class="text-center" onmouseover="" style="cursor: pointer;">
                          Category
                        </th>
                        <th id="amount" onclick="sortTable(4)" class="text-right" onmouseover="" style="cursor: pointer;">
                          Amount
                        </th>
                      </tr>
                    </thead>
                    <tbody>
                      <tr>
                        <td class="nowrap">
                          <span class="status-pill smaller green"></span><span>Complete</span>
                        </td>
                        <td>
                          <span>Today</span><span class="smaller lighter">1:52am</span>
                        </td>
                        <td class="cell-with-media">
                          <img alt="" src="img/company1.png" style="height: 25px;"><span>Starbucks coffee</span>
                        </td>
                        <td class="text-center">
                          <a class="badge badge-success" href="">Restaurant / Cafe</a>
                        </td>
                        <td class="text-right bolder nowrap">
                          <span class="text-success">+ 1,250.00 USD</span>
                        </td>
                      </tr>
                      <tr>
                        <td class="nowrap">
                          <span class="status-pill smaller red"></span><span>Declined</span>
                        </td>
                        <td>
                          <span>Jan 19th</span><span class="smaller lighter">3:22pm</span>
                        </td>
                        <td class="cell-with-media">
                          <img alt="" src="img/company2.png" style="height: 25px;"><span>Stripe Payment Processing</span>
                        </td>
                        <td class="text-center">
                          <a class="badge badge-danger" href="">Finance</a>
                        </td>
                        <td class="text-right bolder nowrap">
                          <span class="text-success">+ 952.23 USD</span>
                        </td>
                      </tr>
                      <tr>
                        <td class="nowrap">
                          <span class="status-pill smaller yellow"></span><span>Pending</span>
                        </td>
                        <td>
                          <span>Yesterday</span><span class="smaller lighter">7:45am</span>
                        </td>
                        <td class="cell-with-media">
                          <img alt="" src="img/company3.png" style="height: 25px;"><span>MailChimp Services</span>
                        </td>
                        <td class="text-center">
                          <a class="badge badge-warning" href="">Software</a>
                        </td>
                        <td class="text-right bolder nowrap">
                          <span class="text-danger">- 320.00 USD</span>
                        </td>
                      </tr>
                      <tr>
                        <td class="nowrap">
                          <span class="status-pill smaller yellow"></span><span>Pending</span>
                        </td>
                        <td>
                          <span>Jan 23rd</span><span class="smaller lighter">2:7pm</span>
                        </td>
                        <td class="cell-with-media">
                          <img alt="" src="img/company6.png" style="height: 25px;"><span>Shopify product</span>
                        </td>
                        <td class="text-center">
                          <a class="badge badge-primary" href="">Shopping</a>
                        </td>
                        <td class="text-right bolder nowrap">
                          <span class="text-success">+ 17.99 USD</span>
                        </td>
                      </tr>
                      <tr>
                        <td class="nowrap">
                          <span class="status-pill smaller green"></span><span>Complete</span>
                        </td>
                        <td>
                          <span>Jan 7th</span><span class="smaller lighter">9:51am</span>
                        </td>
                        <td class="cell-with-media">
                          <img alt="" src="img/company4.png" style="height: 25px;"><span>Ebay Marketplace</span>
                        </td>
                        <td class="text-center">
                          <a class="badge badge-danger" href="">Ecommerce</a>
                        </td>
                        <td class="text-right bolder nowrap">
                          <span class="text-danger">- 244.00 USD</span>
                        </td>
                      </tr>
                      <tr>
                        <td class="nowrap">
                          <span class="status-pill smaller yellow"></span><span>Pending</span>
                        </td>
                        <td>
                          <span>Jan 9th</span><span class="smaller lighter">7:45pm</span>
                        </td>
                        <td class="cell-with-media">
                          <img alt="" src="img/company7.png" style="height: 25px;"><span> Templates Inc</span>
                        </td>
                        <td class="text-center">
                          <a class="badge badge-primary" href="">Business</a>
                        </td>
                        <td class="text-right bolder nowrap">
                          <span class="text-success">+ 340.00 USD</span>
                        </td>
                      </tr>
                    </tbody>
                  </table>]]]>
            </message>
            <full-stacktrace>
              <![CDATA[java.lang.AssertionError: The following asserts failed:
expected [<table id="transactionsTable" class="table table-padded">
                    <thead>
                      <tr>
                        <th id="status" onclick="sortTable(0)" onmouseover="" style="cursor: pointer;">
                          Status
                        </th>
                        <th id="date" onclick="sortTable(1)" onmouseover="" style="cursor: pointer;">
                          Date
                        </th>
                        <th id="description" onclick="sortTable(2)" onmouseover="" style="cursor: pointer;">
                          Description
                        </th>
                        <th id="category" onclick="sortTable(3)" class="text-center" onmouseover="" style="cursor: pointer;">
                          Category
                        </th>
                        <th id="amount" onclick="sortTable(4)" class="text-right" onmouseover="" style="cursor: pointer;">
                          Amount
                        </th>
                      </tr>
                    </thead>
                    <tbody>
                      <tr>
                        <td class="nowrap">
                          <span class="status-pill smaller yellow"></span><span>Pending</span>
                        </td>
                        <td>
                          <span>Yesterday</span><span class="smaller lighter">7:45am</span>
                        </td>
                        <td class="cell-with-media">
                          <img alt="" src="img/company3.png" style="height: 25px;"><span>MailChimp Services</span>
                        </td>
                        <td class="text-center">
                          <a class="badge badge-warning" href="">Software</a>
                        </td>
                        <td class="text-right bolder nowrap">
                          <span class="text-danger">- 320.00 USD</span>
                        </td>
                      </tr><tr>
                        <td class="nowrap">
                          <span class="status-pill smaller green"></span><span>Complete</span>
                        </td>
                        <td>
                          <span>Jan 7th</span><span class="smaller lighter">9:51am</span>
                        </td>
                        <td class="cell-with-media">
                          <img alt="" src="img/company4.png" style="height: 25px;"><span>Ebay Marketplace</span>
                        </td>
                        <td class="text-center">
                          <a class="badge badge-danger" href="">Ecommerce</a>
                        </td>
                        <td class="text-right bolder nowrap">
                          <span class="text-danger">- 244.00 USD</span>
                        </td>
                      </tr><tr>
                        <td class="nowrap">
                          <span class="status-pill smaller yellow"></span><span>Pending</span>
                        </td>
                        <td>
                          <span>Jan 23rd</span><span class="smaller lighter">2:7pm</span>
                        </td>
                        <td class="cell-with-media">
                          <img alt="" src="img/company6.png" style="height: 25px;"><span>Shopify product</span>
                        </td>
                        <td class="text-center">
                          <a class="badge badge-primary" href="">Shopping</a>
                        </td>
                        <td class="text-right bolder nowrap">
                          <span class="text-success">+ 17.99 USD</span>
                        </td>
                      </tr><tr>
                        <td class="nowrap">
                          <span class="status-pill smaller yellow"></span><span>Pending</span>
                        </td>
                        <td>
                          <span>Jan 9th</span><span class="smaller lighter">7:45pm</span>
                        </td>
                        <td class="cell-with-media">
                          <img alt="" src="img/company7.png" style="height: 25px;"><span> Templates Inc</span>
                        </td>
                        <td class="text-center">
                          <a class="badge badge-primary" href="">Business</a>
                        </td>
                        <td class="text-right bolder nowrap">
                          <span class="text-success">+ 340.00 USD</span>
                        </td>
                      </tr><tr>
                        <td class="nowrap">
                          <span class="status-pill smaller red"></span><span>Declined</span>
                        </td>
                        <td>
                          <span>Jan 19th</span><span class="smaller lighter">3:22pm</span>
                        </td>
                        <td class="cell-with-media">
                          <img alt="" src="img/company2.png" style="height: 25px;"><span>Stripe Payment Processing</span>
                        </td>
                        <td class="text-center">
                          <a class="badge badge-danger" href="">Finance</a>
                        </td>
                        <td class="text-right bolder nowrap">
                          <span class="text-success">+ 952.23 USD</span>
                        </td>
                      </tr><tr>
                        <td class="nowrap">
                          <span class="status-pill smaller green"></span><span>Complete</span>
                        </td>
                        <td>
                          <span>Today</span><span class="smaller lighter">1:52am</span>
                        </td>
                        <td class="cell-with-media">
                          <img alt="" src="img/company1.png" style="height: 25px;"><span>Starbucks coffee</span>
                        </td>
                        <td class="text-center">
                          <a class="badge badge-success" href="">Restaurant / Cafe</a>
                        </td>
                        <td class="text-right bolder nowrap">
                          <span class="text-success">+ 1,250.00 USD</span>
                        </td>
                      </tr>
                      
                      
                      
                      
                      
                    </tbody>
                  </table>] but found [<table id="transactionsTable" class="table table-padded">
                    <thead>
                      <tr>
                        <th id="status" onclick="sortTable(0)" onmouseover="" style="cursor: pointer;">
                          Status
                        </th>
                        <th id="date" onclick="sortTable(1)" onmouseover="" style="cursor: pointer;">
                          Date
                        </th>
                        <th id="description" onclick="sortTable(2)" onmouseover="" style="cursor: pointer;">
                          Description
                        </th>
                        <th id="category" onclick="sortTable(3)" class="text-center" onmouseover="" style="cursor: pointer;">
                          Category
                        </th>
                        <th id="amount" onclick="sortTable(4)" class="text-right" onmouseover="" style="cursor: pointer;">
                          Amount
                        </th>
                      </tr>
                    </thead>
                    <tbody>
                      <tr>
                        <td class="nowrap">
                          <span class="status-pill smaller green"></span><span>Complete</span>
                        </td>
                        <td>
                          <span>Today</span><span class="smaller lighter">1:52am</span>
                        </td>
                        <td class="cell-with-media">
                          <img alt="" src="img/company1.png" style="height: 25px;"><span>Starbucks coffee</span>
                        </td>
                        <td class="text-center">
                          <a class="badge badge-success" href="">Restaurant / Cafe</a>
                        </td>
                        <td class="text-right bolder nowrap">
                          <span class="text-success">+ 1,250.00 USD</span>
                        </td>
                      </tr>
                      <tr>
                        <td class="nowrap">
                          <span class="status-pill smaller red"></span><span>Declined</span>
                        </td>
                        <td>
                          <span>Jan 19th</span><span class="smaller lighter">3:22pm</span>
                        </td>
                        <td class="cell-with-media">
                          <img alt="" src="img/company2.png" style="height: 25px;"><span>Stripe Payment Processing</span>
                        </td>
                        <td class="text-center">
                          <a class="badge badge-danger" href="">Finance</a>
                        </td>
                        <td class="text-right bolder nowrap">
                          <span class="text-success">+ 952.23 USD</span>
                        </td>
                      </tr>
                      <tr>
                        <td class="nowrap">
                          <span class="status-pill smaller yellow"></span><span>Pending</span>
                        </td>
                        <td>
                          <span>Yesterday</span><span class="smaller lighter">7:45am</span>
                        </td>
                        <td class="cell-with-media">
                          <img alt="" src="img/company3.png" style="height: 25px;"><span>MailChimp Services</span>
                        </td>
                        <td class="text-center">
                          <a class="badge badge-warning" href="">Software</a>
                        </td>
                        <td class="text-right bolder nowrap">
                          <span class="text-danger">- 320.00 USD</span>
                        </td>
                      </tr>
                      <tr>
                        <td class="nowrap">
                          <span class="status-pill smaller yellow"></span><span>Pending</span>
                        </td>
                        <td>
                          <span>Jan 23rd</span><span class="smaller lighter">2:7pm</span>
                        </td>
                        <td class="cell-with-media">
                          <img alt="" src="img/company6.png" style="height: 25px;"><span>Shopify product</span>
                        </td>
                        <td class="text-center">
                          <a class="badge badge-primary" href="">Shopping</a>
                        </td>
                        <td class="text-right bolder nowrap">
                          <span class="text-success">+ 17.99 USD</span>
                        </td>
                      </tr>
                      <tr>
                        <td class="nowrap">
                          <span class="status-pill smaller green"></span><span>Complete</span>
                        </td>
                        <td>
                          <span>Jan 7th</span><span class="smaller lighter">9:51am</span>
                        </td>
                        <td class="cell-with-media">
                          <img alt="" src="img/company4.png" style="height: 25px;"><span>Ebay Marketplace</span>
                        </td>
                        <td class="text-center">
                          <a class="badge badge-danger" href="">Ecommerce</a>
                        </td>
                        <td class="text-right bolder nowrap">
                          <span class="text-danger">- 244.00 USD</span>
                        </td>
                      </tr>
                      <tr>
                        <td class="nowrap">
                          <span class="status-pill smaller yellow"></span><span>Pending</span>
                        </td>
                        <td>
                          <span>Jan 9th</span><span class="smaller lighter">7:45pm</span>
                        </td>
                        <td class="cell-with-media">
                          <img alt="" src="img/company7.png" style="height: 25px;"><span> Templates Inc</span>
                        </td>
                        <td class="text-center">
                          <a class="badge badge-primary" href="">Business</a>
                        </td>
                        <td class="text-right bolder nowrap">
                          <span class="text-success">+ 340.00 USD</span>
                        </td>
                      </tr>
                    </tbody>
                  </table>]
at org.testng.asserts.SoftAssert.assertAll(SoftAssert.java:43)
at testcases.AIHackathon.TraditionalTests.Dynamic_Content_Test(TraditionalTests.java:180)
at sun.reflect.NativeMethodAccessorImpl.invoke0(Native Method)
at sun.reflect.NativeMethodAccessorImpl.invoke(NativeMethodAccessorImpl.java:62)
at sun.reflect.DelegatingMethodAccessorImpl.invoke(DelegatingMethodAccessorImpl.java:43)
at java.lang.reflect.Method.invoke(Method.java:498)
at org.testng.internal.MethodInvocationHelper.invokeMethod(MethodInvocationHelper.java:124)
at org.testng.internal.Invoker.invokeMethod(Invoker.java:580)
at org.testng.internal.Invoker.invokeTestMethod(Invoker.java:716)
at org.testng.internal.Invoker.invokeTestMethods(Invoker.java:988)
at org.testng.internal.TestMethodWorker.invokeTestMethods(TestMethodWorker.java:125)
at org.testng.internal.TestMethodWorker.run(TestMethodWorker.java:109)
at org.testng.TestRunner.privateRun(TestRunner.java:648)
at org.testng.TestRunner.run(TestRunner.java:505)
at org.testng.SuiteRunner.runTest(SuiteRunner.java:455)
at org.testng.SuiteRunner.access$000(SuiteRunner.java:40)
at org.testng.SuiteRunner$SuiteWorker.run(SuiteRunner.java:489)
at org.testng.internal.thread.ThreadUtil$1.call(ThreadUtil.java:52)
at java.util.concurrent.FutureTask.run(FutureTask.java:266)
at java.util.concurrent.ThreadPoolExecutor.runWorker(ThreadPoolExecutor.java:1149)
at java.util.concurrent.ThreadPoolExecutor$Worker.run(ThreadPoolExecutor.java:624)
at java.lang.Thread.run(Thread.java:748)
]]>
            </full-stacktrace>
          </exception> <!-- java.lang.AssertionError -->
          <reporter-output>
          </reporter-output>
        </test-method> <!-- Dynamic_Content_Test -->
        <test-method status="FAIL" signature="afterClass()[pri:0, instance:testcases.AIHackathon.TraditionalTests@78e67e0a]" name="afterClass" is-config="true" duration-ms="114" started-at="2019-11-15T06:55:30Z" finished-at="2019-11-15T06:55:30Z">
          <exception class="java.lang.NullPointerException">
            <full-stacktrace>
              <![CDATA[java.lang.NullPointerException
at utilities.AIHackathon.PageInitialize_AIHackathon.afterClass(PageInitialize_AIHackathon.java:95)
at sun.reflect.NativeMethodAccessorImpl.invoke0(Native Method)
at sun.reflect.NativeMethodAccessorImpl.invoke(NativeMethodAccessorImpl.java:62)
at sun.reflect.DelegatingMethodAccessorImpl.invoke(DelegatingMethodAccessorImpl.java:43)
at java.lang.reflect.Method.invoke(Method.java:498)
at org.testng.internal.MethodInvocationHelper.invokeMethod(MethodInvocationHelper.java:124)
at org.testng.internal.MethodInvocationHelper.invokeMethodConsideringTimeout(MethodInvocationHelper.java:59)
at org.testng.internal.Invoker.invokeConfigurationMethod(Invoker.java:455)
at org.testng.internal.Invoker.invokeConfigurations(Invoker.java:222)
at org.testng.internal.Invoker.invokeConfigurations(Invoker.java:142)
at org.testng.internal.TestMethodWorker.invokeAfterClassMethods(TestMethodWorker.java:214)
at org.testng.internal.TestMethodWorker.run(TestMethodWorker.java:111)
at org.testng.TestRunner.privateRun(TestRunner.java:648)
at org.testng.TestRunner.run(TestRunner.java:505)
at org.testng.SuiteRunner.runTest(SuiteRunner.java:455)
at org.testng.SuiteRunner.access$000(SuiteRunner.java:40)
at org.testng.SuiteRunner$SuiteWorker.run(SuiteRunner.java:489)
at org.testng.internal.thread.ThreadUtil$1.call(ThreadUtil.java:52)
at java.util.concurrent.FutureTask.run(FutureTask.java:266)
at java.util.concurrent.ThreadPoolExecutor.runWorker(ThreadPoolExecutor.java:1149)
at java.util.concurrent.ThreadPoolExecutor$Worker.run(ThreadPoolExecutor.java:624)
at java.lang.Thread.run(Thread.java:748)
]]>
            </full-stacktrace>
          </exception> <!-- java.lang.NullPointerException -->
          <reporter-output>
          </reporter-output>
        </test-method> <!-- afterClass -->
      </class> <!-- testcases.AIHackathon.TraditionalTests -->
    </test> <!-- Tradition Test for Applitools AI Hackathon -->
    <test name="Visual AI Test for Applitools AI Hackathon" duration-ms="177852" started-at="2019-11-15T06:55:30Z" finished-at="2019-11-15T06:58:28Z">
      <class name="testcases.AIHackathon.VisualAITests">
        <test-method status="PASS" signature="setup(java.lang.String, java.lang.String, org.testng.ITestContext)[pri:0, instance:testcases.AIHackathon.VisualAITests@38bc8ab5]" name="setup" is-config="true" duration-ms="2535" started-at="2019-11-15T06:55:30Z" finished-at="2019-11-15T06:55:33Z">
          <params>
            <param index="0">
              <value>
                <![CDATA[chrome]]>
              </value>
            </param>
            <param index="1">
              <value>
                <![CDATA[https://demo.applitools.com/hackathon.html]]>
              </value>
            </param>
            <param index="2">
              <value>
                <![CDATA[org.testng.TestRunner@401e7803]]>
              </value>
            </param>
          </params>
          <reporter-output>
          </reporter-output>
        </test-method> <!-- setup -->
        <test-method status="PASS" signature="Login_Page_UI_Elements_Test()[pri:10, instance:testcases.AIHackathon.VisualAITests@38bc8ab5]" name="Login_Page_UI_Elements_Test" duration-ms="10980" started-at="2019-11-15T06:55:33Z" finished-at="2019-11-15T06:55:44Z">
          <reporter-output>
          </reporter-output>
        </test-method> <!-- Login_Page_UI_Elements_Test -->
        <test-method status="PASS" signature="Data_Driven_Test(java.lang.String, java.lang.String, java.lang.String)[pri:20, instance:testcases.AIHackathon.VisualAITests@38bc8ab5]" name="Data_Driven_Test" duration-ms="49737" started-at="2019-11-15T06:55:44Z" data-provider="userList" finished-at="2019-11-15T06:56:33Z">
          <params>
            <param index="0">
              <value>
                <![CDATA[N/A]]>
              </value>
            </param>
            <param index="1">
              <value>
                <![CDATA[N/A]]>
              </value>
            </param>
            <param index="2">
              <value>
                <![CDATA[Both Username and Password must be present]]>
              </value>
            </param>
          </params>
          <reporter-output>
          </reporter-output>
        </test-method> <!-- Data_Driven_Test -->
        <test-method status="PASS" signature="Data_Driven_Test(java.lang.String, java.lang.String, java.lang.String)[pri:20, instance:testcases.AIHackathon.VisualAITests@38bc8ab5]" name="Data_Driven_Test" duration-ms="26125" started-at="2019-11-15T06:56:33Z" data-provider="userList" finished-at="2019-11-15T06:56:59Z">
          <params>
            <param index="0">
              <value>
                <![CDATA[Jack Gomez]]>
              </value>
            </param>
            <param index="1">
              <value>
                <![CDATA[N/A]]>
              </value>
            </param>
            <param index="2">
              <value>
                <![CDATA[Password must be present]]>
              </value>
            </param>
          </params>
          <reporter-output>
          </reporter-output>
        </test-method> <!-- Data_Driven_Test -->
        <test-method status="PASS" signature="Data_Driven_Test(java.lang.String, java.lang.String, java.lang.String)[pri:20, instance:testcases.AIHackathon.VisualAITests@38bc8ab5]" name="Data_Driven_Test" duration-ms="16190" started-at="2019-11-15T06:56:59Z" data-provider="userList" finished-at="2019-11-15T06:57:16Z">
          <params>
            <param index="0">
              <value>
                <![CDATA[N/A]]>
              </value>
            </param>
            <param index="1">
              <value>
                <![CDATA[Pass]]>
              </value>
            </param>
            <param index="2">
              <value>
                <![CDATA[Username must be present]]>
              </value>
            </param>
          </params>
          <reporter-output>
          </reporter-output>
        </test-method> <!-- Data_Driven_Test -->
        <test-method status="PASS" signature="Data_Driven_Test(java.lang.String, java.lang.String, java.lang.String)[pri:20, instance:testcases.AIHackathon.VisualAITests@38bc8ab5]" name="Data_Driven_Test" duration-ms="18255" started-at="2019-11-15T06:57:16Z" data-provider="userList" finished-at="2019-11-15T06:57:34Z">
          <params>
            <param index="0">
              <value>
                <![CDATA[Jack Gomez]]>
              </value>
            </param>
            <param index="1">
              <value>
                <![CDATA[Pass]]>
              </value>
            </param>
            <param index="2">
              <value>
                <![CDATA[N/A]]>
              </value>
            </param>
          </params>
          <reporter-output>
          </reporter-output>
        </test-method> <!-- Data_Driven_Test -->
        <test-method status="PASS" signature="Table_Sort_Test()[pri:30, instance:testcases.AIHackathon.VisualAITests@38bc8ab5]" name="Table_Sort_Test" duration-ms="11388" started-at="2019-11-15T06:57:34Z" finished-at="2019-11-15T06:57:45Z">
          <reporter-output>
          </reporter-output>
        </test-method> <!-- Table_Sort_Test -->
        <test-method status="PASS" signature="Canvas_Chart_Test()[pri:40, instance:testcases.AIHackathon.VisualAITests@38bc8ab5]" name="Canvas_Chart_Test" duration-ms="20095" started-at="2019-11-15T06:57:45Z" finished-at="2019-11-15T06:58:05Z">
          <reporter-output>
          </reporter-output>
        </test-method> <!-- Canvas_Chart_Test -->
        <test-method status="PASS" signature="Dynamic_Content_Test(java.lang.String)[pri:50, instance:testcases.AIHackathon.VisualAITests@38bc8ab5]" name="Dynamic_Content_Test" duration-ms="22254" started-at="2019-11-15T06:58:05Z" finished-at="2019-11-15T06:58:28Z">
          <params>
            <param index="0">
              <value>
                <![CDATA[https://demo.applitools.com/hackathon.html]]>
              </value>
            </param>
          </params>
          <reporter-output>
          </reporter-output>
        </test-method> <!-- Dynamic_Content_Test -->
        <test-method status="PASS" signature="afterClass()[pri:0, instance:testcases.AIHackathon.VisualAITests@38bc8ab5]" name="afterClass" is-config="true" duration-ms="288" started-at="2019-11-15T06:58:28Z" finished-at="2019-11-15T06:58:28Z">
          <reporter-output>
          </reporter-output>
        </test-method> <!-- afterClass -->
      </class> <!-- testcases.AIHackathon.VisualAITests -->
    </test> <!-- Visual AI Test for Applitools AI Hackathon -->
    <test name="Tradition Test for Applitools AI HackathonV2" duration-ms="268498" started-at="2019-11-15T06:58:28Z" finished-at="2019-11-15T07:02:56Z">
      <class name="testcases.AIHackathon.TraditionalTests">
        <test-method status="PASS" signature="setup(java.lang.String, java.lang.String, org.testng.ITestContext)[pri:0, instance:testcases.AIHackathon.TraditionalTests@1500955a]" name="setup" is-config="true" duration-ms="2313" started-at="2019-11-15T06:58:28Z" finished-at="2019-11-15T06:58:30Z">
          <params>
            <param index="0">
              <value>
                <![CDATA[chrome]]>
              </value>
            </param>
            <param index="1">
              <value>
                <![CDATA[https://demo.applitools.com/hackathonV2.html]]>
              </value>
            </param>
            <param index="2">
              <value>
                <![CDATA[org.testng.TestRunner@10dba097]]>
              </value>
            </param>
          </params>
          <reporter-output>
          </reporter-output>
        </test-method> <!-- setup -->
        <test-method status="FAIL" signature="Login_Page_UI_Elements_Test()[pri:10, instance:testcases.AIHackathon.TraditionalTests@1500955a]" name="Login_Page_UI_Elements_Test" duration-ms="189836" started-at="2019-11-15T06:58:30Z" finished-at="2019-11-15T07:01:40Z">
          <exception class="java.lang.AssertionError">
            <message>
              <![CDATA[The following asserts failed:
expected [true] but found [false],
expected [Enter your username] but found [John Smith],
expected [true] but found [false],
expected [true] but found [false],
expected [Enter your password] but found [ABC$*1@]]]>
            </message>
            <full-stacktrace>
              <![CDATA[java.lang.AssertionError: The following asserts failed:
expected [true] but found [false],
expected [Enter your username] but found [John Smith],
expected [true] but found [false],
expected [true] but found [false],
expected [Enter your password] but found [ABC$*1@]
at org.testng.asserts.SoftAssert.assertAll(SoftAssert.java:43)
at testcases.AIHackathon.TraditionalTests.Login_Page_UI_Elements_Test(TraditionalTests.java:54)
at sun.reflect.NativeMethodAccessorImpl.invoke0(Native Method)
at sun.reflect.NativeMethodAccessorImpl.invoke(NativeMethodAccessorImpl.java:62)
at sun.reflect.DelegatingMethodAccessorImpl.invoke(DelegatingMethodAccessorImpl.java:43)
at java.lang.reflect.Method.invoke(Method.java:498)
at org.testng.internal.MethodInvocationHelper.invokeMethod(MethodInvocationHelper.java:124)
at org.testng.internal.Invoker.invokeMethod(Invoker.java:580)
at org.testng.internal.Invoker.invokeTestMethod(Invoker.java:716)
at org.testng.internal.Invoker.invokeTestMethods(Invoker.java:988)
at org.testng.internal.TestMethodWorker.invokeTestMethods(TestMethodWorker.java:125)
at org.testng.internal.TestMethodWorker.run(TestMethodWorker.java:109)
at org.testng.TestRunner.privateRun(TestRunner.java:648)
at org.testng.TestRunner.run(TestRunner.java:505)
at org.testng.SuiteRunner.runTest(SuiteRunner.java:455)
at org.testng.SuiteRunner.access$000(SuiteRunner.java:40)
at org.testng.SuiteRunner$SuiteWorker.run(SuiteRunner.java:489)
at org.testng.internal.thread.ThreadUtil$1.call(ThreadUtil.java:52)
at java.util.concurrent.FutureTask.run(FutureTask.java:266)
at java.util.concurrent.ThreadPoolExecutor.runWorker(ThreadPoolExecutor.java:1149)
at java.util.concurrent.ThreadPoolExecutor$Worker.run(ThreadPoolExecutor.java:624)
at java.lang.Thread.run(Thread.java:748)
]]>
            </full-stacktrace>
          </exception> <!-- java.lang.AssertionError -->
          <reporter-output>
          </reporter-output>
        </test-method> <!-- Login_Page_UI_Elements_Test -->
        <test-method status="FAIL" signature="Data_Driven_Test(java.lang.String, java.lang.String, java.lang.String)[pri:20, instance:testcases.AIHackathon.TraditionalTests@1500955a]" name="Data_Driven_Test" duration-ms="9383" started-at="2019-11-15T07:01:40Z" data-provider="userList" finished-at="2019-11-15T07:01:49Z">
          <params>
            <param index="0">
              <value>
                <![CDATA[N/A]]>
              </value>
            </param>
            <param index="1">
              <value>
                <![CDATA[N/A]]>
              </value>
            </param>
            <param index="2">
              <value>
                <![CDATA[Both Username and Password must be present]]>
              </value>
            </param>
          </params>
          <exception class="java.lang.AssertionError">
            <message>
              <![CDATA[The following asserts failed:
expected [true] but found [false],
expected [Enter your username] but found [John Smith],
expected [true] but found [false],
expected [true] but found [false],
expected [Enter your password] but found [ABC$*1@],
expected [Both Username and Password must be present] but found [Please enter both username and password]]]>
            </message>
            <full-stacktrace>
              <![CDATA[java.lang.AssertionError: The following asserts failed:
expected [true] but found [false],
expected [Enter your username] but found [John Smith],
expected [true] but found [false],
expected [true] but found [false],
expected [Enter your password] but found [ABC$*1@],
expected [Both Username and Password must be present] but found [Please enter both username and password]
at org.testng.asserts.SoftAssert.assertAll(SoftAssert.java:43)
at testcases.AIHackathon.TraditionalTests.Data_Driven_Test(TraditionalTests.java:102)
at sun.reflect.NativeMethodAccessorImpl.invoke0(Native Method)
at sun.reflect.NativeMethodAccessorImpl.invoke(NativeMethodAccessorImpl.java:62)
at sun.reflect.DelegatingMethodAccessorImpl.invoke(DelegatingMethodAccessorImpl.java:43)
at java.lang.reflect.Method.invoke(Method.java:498)
at org.testng.internal.MethodInvocationHelper.invokeMethod(MethodInvocationHelper.java:124)
at org.testng.internal.Invoker.invokeMethod(Invoker.java:580)
at org.testng.internal.Invoker.invokeTestMethod(Invoker.java:716)
at org.testng.internal.Invoker.invokeTestMethods(Invoker.java:988)
at org.testng.internal.TestMethodWorker.invokeTestMethods(TestMethodWorker.java:125)
at org.testng.internal.TestMethodWorker.run(TestMethodWorker.java:109)
at org.testng.TestRunner.privateRun(TestRunner.java:648)
at org.testng.TestRunner.run(TestRunner.java:505)
at org.testng.SuiteRunner.runTest(SuiteRunner.java:455)
at org.testng.SuiteRunner.access$000(SuiteRunner.java:40)
at org.testng.SuiteRunner$SuiteWorker.run(SuiteRunner.java:489)
at org.testng.internal.thread.ThreadUtil$1.call(ThreadUtil.java:52)
at java.util.concurrent.FutureTask.run(FutureTask.java:266)
at java.util.concurrent.ThreadPoolExecutor.runWorker(ThreadPoolExecutor.java:1149)
at java.util.concurrent.ThreadPoolExecutor$Worker.run(ThreadPoolExecutor.java:624)
at java.lang.Thread.run(Thread.java:748)
]]>
            </full-stacktrace>
          </exception> <!-- java.lang.AssertionError -->
          <reporter-output>
          </reporter-output>
        </test-method> <!-- Data_Driven_Test -->
        <test-method status="FAIL" signature="Data_Driven_Test(java.lang.String, java.lang.String, java.lang.String)[pri:20, instance:testcases.AIHackathon.TraditionalTests@1500955a]" name="Data_Driven_Test" duration-ms="9356" started-at="2019-11-15T07:01:49Z" data-provider="userList" finished-at="2019-11-15T07:01:59Z">
          <params>
            <param index="0">
              <value>
                <![CDATA[Jack Gomez]]>
              </value>
            </param>
            <param index="1">
              <value>
                <![CDATA[N/A]]>
              </value>
            </param>
            <param index="2">
              <value>
                <![CDATA[Password must be present]]>
              </value>
            </param>
          </params>
          <exception class="java.lang.AssertionError">
            <message>
              <![CDATA[The following asserts failed:
expected [true] but found [false],
expected [Enter your username] but found [John Smith],
expected [true] but found [false],
expected [true] but found [false],
expected [Enter your password] but found [ABC$*1@],
expected [Both Username and Password must be present] but found [Please enter both username and password]]]>
            </message>
            <full-stacktrace>
              <![CDATA[java.lang.AssertionError: The following asserts failed:
expected [true] but found [false],
expected [Enter your username] but found [John Smith],
[...]
                        </td>
                        <td>
                          <span>Jan 9th</span><span class="smaller lighter">7:45pm</span>
                        </td>
                        <td class="cell-with-media">
                          <img alt="" src="img/company7.png" style="height: 25px;"><span> Templates Inc</span>
                        </td>
                        <td class="text-center">
                          <a class="badge badge-primary" href="">Business</a>
                        </td>
                        <td class="text-right bolder nowrap">
                          <span class="text-success">+ 340.00 USD</span>
                        </td>
                      </tr><tr>
                        <td class="nowrap">
                          <span class="status-pill smaller red"></span><span>Declined</span>
                        </td>
                        <td>
                          <span>Jan 19th</span><span class="smaller lighter">3:22pm</span>
                        </td>
                        <td class="cell-with-media">
                          <img alt="" src="img/company2.png" style="height: 25px;"><span>Stripe Payment Processing</span>
                        </td>
                        <td class="text-center">
                          <a class="badge badge-danger" href="">Finance</a>
                        </td>
                        <td class="text-right bolder nowrap">
                          <span class="text-success">+ 952.23 USD</span>
                        </td>
                      </tr><tr>
                        <td class="nowrap">
                          <span class="status-pill smaller green"></span><span>Complete</span>
                        </td>
                        <td>
                          <span>Today</span><span class="smaller lighter">1:52am</span>
                        </td>
                        <td class="cell-with-media">
                          <img alt="" src="img/company1.png" style="height: 25px;"><span>Starbucks coffee</span>
                        </td>
                        <td class="text-center">
                          <a class="badge badge-success" href="">Restaurant / Cafe</a>
                        </td>
                        <td class="text-right bolder nowrap">
                          <span class="text-success">+ 1,250.00 USD</span>
                        </td>
                      </tr>
                      
                      
                      
                      
                      
                    </tbody>
                  </table>] but found [<table id="transactionsTable" class="table table-padded">
                    <thead>
                     <tr>
                        <th id="status" onclick="sortTable(0)" onmouseover="" style="cursor: pointer;">
                          Status
                        </th>
                        <th id="date" onclick="sortTable(1)" onmouseover="" style="cursor: pointer;">
                          Date
                        </th>
                        <th id="description" onclick="sortTable(2)" onmouseover="" style="cursor: pointer;">
                          Description
                        </th>
                        <th id="category" onclick="sortTable(3)" class="text-center" onmouseover="" style="cursor: pointer;">
                          Category
                        </th>
                        <th id="amount" onclick="sortTable(4)" class="text-right" onmouseover="" style="cursor: pointer;">
                          Amount
                        </th>
                      </tr>
                    </thead>
                    <tbody>
                      <tr>
                        <td class="nowrap">
                          <span class="status-pill smaller green"></span><span>Complete</span>
                        </td>
                        <td>
                          <span>Jan 7th</span><span class="smaller lighter">9:51am</span>
                        </td>
                        <td class="cell-with-media">
                          <img alt="" src="img/company4.png" style="height: 25px;"><span>Ebay Marketplace</span>
                        </td>
                        <td class="text-center">
                          <a class="badge badge-danger" href="">Ecommerce</a>
                        </td>
                        <td class="text-right bolder nowrap">
                          <span class="text-danger">- 244.00 USD</span>
                        </td>
                      </tr><tr>
                        <td class="nowrap">
                          <span class="status-pill smaller yellow"></span><span>Pending</span>
                        </td>
                        <td>
                          <span>Yesterday</span><span class="smaller lighter">7:45am</span>
                        </td>
                        <td class="cell-with-media">
                          <img alt="" src="img/company3.png" style="height: 25px;"><span>MailChimp Services</span>
                        </td>
                        <td class="text-center">
                          <a class="badge badge-warning" href="">Software</a>
                        </td>
                        <td class="text-right bolder nowrap">
                          <span class="text-danger">- 320.00 USD</span>
                        </td>
                      </tr><tr>
                        <td class="nowrap">
                          <span class="status-pill smaller green"></span><span>Complete</span>
                        </td>
                        <td>
                          <span>Today</span><span class="smaller lighter">1:52am</span>
                        </td>
                        <td class="cell-with-media">
                          <img alt="" src="img/company1.png" style="height: 25px;"><span>Starbucks coffee</span>
                        </td>
                        <td class="text-center">
                          <a class="badge badge-success" href="">Restaurant / Cafe</a>
                        </td>
                        <td class="text-right bolder nowrap">
                          <span class="text-success">+ 1,250.00 USD</span>
                        </td>
                      </tr>
                      <tr>
                        <td class="nowrap">
                          <span class="status-pill smaller yellow"></span><span>Pending</span>
                        </td>
                        <td>
                          <span>Jan 23rd</span><span class="smaller lighter">2:7pm</span>
                        </td>
                        <td class="cell-with-media">
                          <img alt="" src="img/company6.png" style="height: 25px;"><span>Shopify product</span>
                        </td>
                        <td class="text-center">
                          <a class="badge badge-primary" href="">Shopping</a>
                        </td>
                        <td class="text-right bolder nowrap">
                          <span class="text-success">+ 17.99 USD</span>
                        </td>
                      </tr><tr>
                        <td class="nowrap">
                          <span class="status-pill smaller yellow"></span><span>Pending</span>
                        </td>
                        <td>
                          <span>Jan 9th</span><span class="smaller lighter">7:45pm</span>
                        </td>
                        <td class="cell-with-media">
                          <img alt="" src="img/company7.png" style="height: 25px;"><span> Templates Inc</span>
                        </td>
                        <td class="text-center">
                          <a class="badge badge-primary" href="">Business</a>
                        </td>
                        <td class="text-right bolder nowrap">
                          <span class="text-success">+ 340.00 USD</span>
                        </td>
                      </tr><tr>
                        <td class="nowrap">
                          <span class="status-pill smaller red"></span><span>Declined</span>
                        </td>
                        <td>
                          <span>Jan 19th</span><span class="smaller lighter">3:22pm</span>
                        </td>
                        <td class="cell-with-media">
                          <img alt="" src="img/company2.png" style="height: 25px;"><span>Stripe Payment Processing</span>
                        </td>
                        <td class="text-center">
                          <a class="badge badge-danger" href="">Finance</a>
                        </td>
                        <td class="text-right bolder nowrap">
                          <span class="text-success">+ 952.23 USD</span>
                        </td>
                      </tr>
                      
                      
                      
                      
                    </tbody>
                  </table>],
expected [true] but found [false]
at org.testng.asserts.SoftAssert.assertAll(SoftAssert.java:43)
at testcases.AIHackathon.TraditionalTests.Dynamic_Content_Test(TraditionalTests.java:180)
at sun.reflect.NativeMethodAccessorImpl.invoke0(Native Method)
at sun.reflect.NativeMethodAccessorImpl.invoke(NativeMethodAccessorImpl.java:62)
at sun.reflect.DelegatingMethodAccessorImpl.invoke(DelegatingMethodAccessorImpl.java:43)
at java.lang.reflect.Method.invoke(Method.java:498)
at org.testng.internal.MethodInvocationHelper.invokeMethod(MethodInvocationHelper.java:124)
at org.testng.internal.Invoker.invokeMethod(Invoker.java:580)
at org.testng.internal.Invoker.invokeTestMethod(Invoker.java:716)
at org.testng.internal.Invoker.invokeTestMethods(Invoker.java:988)
at org.testng.internal.TestMethodWorker.invokeTestMethods(TestMethodWorker.java:125)
at org.testng.internal.TestMethodWorker.run(TestMethodWorker.java:109)
at org.testng.TestRunner.privateRun(TestRunner.java:648)
at org.testng.TestRunner.run(TestRunner.java:505)
at org.testng.SuiteRunner.runTest(SuiteRunner.java:455)
at org.testng.SuiteRunner.access$000(SuiteRunner.java:40)
at org.testng.SuiteRunner$SuiteWorker.run(SuiteRunner.java:489)
at org.testng.internal.thread.ThreadUtil$1.call(ThreadUtil.java:52)
at java.util.concurrent.FutureTask.run(FutureTask.java:266)
at java.util.concurrent.ThreadPoolExecutor.runWorker(ThreadPoolExecutor.java:1149)
at java.util.concurrent.ThreadPoolExecutor$Worker.run(ThreadPoolExecutor.java:624)
at java.lang.Thread.run(Thread.java:748)
]]>
            </full-stacktrace>
          </exception> <!-- java.lang.AssertionError -->
          <reporter-output>
          </reporter-output>
        </test-method> <!-- Dynamic_Content_Test -->
        <test-method status="FAIL" signature="afterClass()[pri:0, instance:testcases.AIHackathon.TraditionalTests@1500955a]" name="afterClass" is-config="true" duration-ms="98" started-at="2019-11-15T07:02:56Z" finished-at="2019-11-15T07:02:56Z">
          <exception class="java.lang.NullPointerException">
            <full-stacktrace>
              <![CDATA[java.lang.NullPointerException
at utilities.AIHackathon.PageInitialize_AIHackathon.afterClass(PageInitialize_AIHackathon.java:95)
at sun.reflect.NativeMethodAccessorImpl.invoke0(Native Method)
at sun.reflect.NativeMethodAccessorImpl.invoke(NativeMethodAccessorImpl.java:62)
at sun.reflect.DelegatingMethodAccessorImpl.invoke(DelegatingMethodAccessorImpl.java:43)
at java.lang.reflect.Method.invoke(Method.java:498)
at org.testng.internal.MethodInvocationHelper.invokeMethod(MethodInvocationHelper.java:124)
at org.testng.internal.MethodInvocationHelper.invokeMethodConsideringTimeout(MethodInvocationHelper.java:59)
at org.testng.internal.Invoker.invokeConfigurationMethod(Invoker.java:455)
at org.testng.internal.Invoker.invokeConfigurations(Invoker.java:222)
at org.testng.internal.Invoker.invokeConfigurations(Invoker.java:142)
at org.testng.internal.TestMethodWorker.invokeAfterClassMethods(TestMethodWorker.java:214)
at org.testng.internal.TestMethodWorker.run(TestMethodWorker.java:111)
at org.testng.TestRunner.privateRun(TestRunner.java:648)
at org.testng.TestRunner.run(TestRunner.java:505)
at org.testng.SuiteRunner.runTest(SuiteRunner.java:455)
at org.testng.SuiteRunner.access$000(SuiteRunner.java:40)
at org.testng.SuiteRunner$SuiteWorker.run(SuiteRunner.java:489)
at org.testng.internal.thread.ThreadUtil$1.call(ThreadUtil.java:52)
at java.util.concurrent.FutureTask.run(FutureTask.java:266)
at java.util.concurrent.ThreadPoolExecutor.runWorker(ThreadPoolExecutor.java:1149)
at java.util.concurrent.ThreadPoolExecutor$Worker.run(ThreadPoolExecutor.java:624)
at java.lang.Thread.run(Thread.java:748)
]]>
            </full-stacktrace>
          </exception> <!-- java.lang.NullPointerException -->
          <reporter-output>
          </reporter-output>
        </test-method> <!-- afterClass -->
      </class> <!-- testcases.AIHackathon.TraditionalTests -->
    </test> <!-- Tradition Test for Applitools AI HackathonV2 -->
    <test name="Visual AI Test for Applitools AI HackathonV2" duration-ms="165527" started-at="2019-11-15T07:02:56Z" finished-at="2019-11-15T07:05:42Z">
      <class name="testcases.AIHackathon.VisualAITests">
        <test-method status="PASS" signature="setup(java.lang.String, java.lang.String, org.testng.ITestContext)[pri:0, instance:testcases.AIHackathon.VisualAITests@6043cd28]" name="setup" is-config="true" duration-ms="2539" started-at="2019-11-15T07:02:56Z" finished-at="2019-11-15T07:02:59Z">
          <params>
            <param index="0">
              <value>
                <![CDATA[chrome]]>
              </value>
            </param>
            <param index="1">
              <value>
                <![CDATA[https://demo.applitools.com/hackathonV2.html]]>
              </value>
            </param>
            <param index="2">
              <value>
                <![CDATA[org.testng.TestRunner@1786f9d5]]>
              </value>
            </param>
          </params>
          <reporter-output>
          </reporter-output>
        </test-method> <!-- setup -->
        <test-method status="PASS" signature="Login_Page_UI_Elements_Test()[pri:10, instance:testcases.AIHackathon.VisualAITests@6043cd28]" name="Login_Page_UI_Elements_Test" duration-ms="14049" started-at="2019-11-15T07:02:59Z" finished-at="2019-11-15T07:03:13Z">
          <reporter-output>
          </reporter-output>
        </test-method> <!-- Login_Page_UI_Elements_Test -->
        <test-method status="PASS" signature="Data_Driven_Test(java.lang.String, java.lang.String, java.lang.String)[pri:20, instance:testcases.AIHackathon.VisualAITests@6043cd28]" name="Data_Driven_Test" duration-ms="20449" started-at="2019-11-15T07:03:13Z" data-provider="userList" finished-at="2019-11-15T07:03:33Z">
          <params>
            <param index="0">
              <value>
                <![CDATA[N/A]]>
              </value>
            </param>
            <param index="1">
              <value>
                <![CDATA[N/A]]>
              </value>
            </param>
            <param index="2">
              <value>
                <![CDATA[Both Username and Password must be present]]>
              </value>
            </param>
          </params>
          <reporter-output>
          </reporter-output>
        </test-method> <!-- Data_Driven_Test -->
        <test-method status="PASS" signature="Data_Driven_Test(java.lang.String, java.lang.String, java.lang.String)[pri:20, instance:testcases.AIHackathon.VisualAITests@6043cd28]" name="Data_Driven_Test" duration-ms="20685" started-at="2019-11-15T07:03:33Z" data-provider="userList" finished-at="2019-11-15T07:03:54Z">
          <params>
            <param index="0">
              <value>
                <![CDATA[Jack Gomez]]>
              </value>
            </param>
            <param index="1">
              <value>
                <![CDATA[N/A]]>
              </value>
            </param>
            <param index="2">
              <value>
                <![CDATA[Password must be present]]>
              </value>
            </param>
          </params>
          <reporter-output>
          </reporter-output>
        </test-method> <!-- Data_Driven_Test -->
        <test-method status="PASS" signature="Data_Driven_Test(java.lang.String, java.lang.String, java.lang.String)[pri:20, instance:testcases.AIHackathon.VisualAITests@6043cd28]" name="Data_Driven_Test" duration-ms="20686" started-at="2019-11-15T07:03:54Z" data-provider="userList" finished-at="2019-11-15T07:04:15Z">
          <params>
            <param index="0">
              <value>
                <![CDATA[N/A]]>
              </value>
            </param>
            <param index="1">
              <value>
                <![CDATA[Pass]]>
              </value>
            </param>
            <param index="2">
              <value>
                <![CDATA[Username must be present]]>
              </value>
            </param>
          </params>
          <reporter-output>
          </reporter-output>
        </test-method> <!-- Data_Driven_Test -->
        <test-method status="PASS" signature="Data_Driven_Test(java.lang.String, java.lang.String, java.lang.String)[pri:20, instance:testcases.AIHackathon.VisualAITests@6043cd28]" name="Data_Driven_Test" duration-ms="18938" started-at="2019-11-15T07:04:15Z" data-provider="userList" finished-at="2019-11-15T07:04:34Z">
          <params>
            <param index="0">
              <value>
                <![CDATA[Jack Gomez]]>
              </value>
            </param>
            <param index="1">
              <value>
                <![CDATA[Pass]]>
              </value>
            </param>
            <param index="2">
              <value>
                <![CDATA[N/A]]>
              </value>
            </param>
          </params>
          <reporter-output>
          </reporter-output>
        </test-method> <!-- Data_Driven_Test -->
        <test-method status="PASS" signature="Table_Sort_Test()[pri:30, instance:testcases.AIHackathon.VisualAITests@6043cd28]" name="Table_Sort_Test" duration-ms="15622" started-at="2019-11-15T07:04:34Z" finished-at="2019-11-15T07:04:49Z">
          <reporter-output>
          </reporter-output>
        </test-method> <!-- Table_Sort_Test -->
        <test-method status="PASS" signature="Canvas_Chart_Test()[pri:40, instance:testcases.AIHackathon.VisualAITests@6043cd28]" name="Canvas_Chart_Test" duration-ms="30254" started-at="2019-11-15T07:04:49Z" finished-at="2019-11-15T07:05:20Z">
          <reporter-output>
          </reporter-output>
        </test-method> <!-- Canvas_Chart_Test -->
        <test-method status="PASS" signature="Dynamic_Content_Test(java.lang.String)[pri:50, instance:testcases.AIHackathon.VisualAITests@6043cd28]" name="Dynamic_Content_Test" duration-ms="22175" started-at="2019-11-15T07:05:20Z" finished-at="2019-11-15T07:05:42Z">
          <params>
            <param index="0">
              <value>
                <![CDATA[https://demo.applitools.com/hackathonV2.html]]>
              </value>
            </param>
          </params>
          <reporter-output>
          </reporter-output>
        </test-method> <!-- Dynamic_Content_Test -->
        <test-method status="PASS" signature="afterClass()[pri:0, instance:testcases.AIHackathon.VisualAITests@6043cd28]" name="afterClass" is-config="true" duration-ms="127" started-at="2019-11-15T07:05:42Z" finished-at="2019-11-15T07:05:42Z">
          <reporter-output>
          </reporter-output>
        </test-method> <!-- afterClass -->
      </class> <!-- testcases.AIHackathon.VisualAITests -->
    </test> <!-- Visual AI Test for Applitools AI HackathonV2 -->
  </suite> <!-- AIHackathon Test Suite -->
</testng-results>
